#
# A fatal error has been detected by the Java Runtime Environment:
#
#  EXCEPTION_ACCESS_VIOLATION (0xc0000005) at pc=0x00007ff9ab541bd5, pid=33728, tid=32844
#
# JRE version:  (11.0.20+8) (build )
# Java VM: OpenJDK 64-Bit Server VM (11.0.20+8-LTS, mixed mode, sharing, tiered, unknown gc, windows-amd64)
# Problematic frame:
# C  [jimage.dll+0x1bd5]
#
# No core dump will be written. Minidumps are not enabled by default on client versions of Windows
#
#

---------------  S U M M A R Y ------------

Command Line: 

Host: Intel(R) Core(TM) i5-3230M CPU @ 2.60GHz, 4 cores, 7G,  Windows 10 , 64 bit Build 19041 (10.0.19041.3570)
Time: Tue Dec  5 17:20:20 2023 Pakistan Standard Time elapsed time: 9.616399 seconds (0d 0h 0m 9s)

---------------  T H R E A D  ---------------

Current thread is native thread

Stack: [0x000000d1c9800000,0x000000d1c9900000],  sp=0x000000d1c98fd520,  free space=1013k
Native frames: (J=compiled Java code, j=interpreted, Vv=VM code, C=native code)
C  [jimage.dll+0x1bd5]


siginfo: EXCEPTION_ACCESS_VIOLATION (0xc0000005), reading address 0x000000000000f4ac


Registers:
RAX=0x0000000000003d24, RBX=0x000000d1c98fd611, RCX=0x00007ff9ab546000, RDX=0x0000000000003d24
RSP=0x000000d1c98fd520, RBP=0x000000d1c98fd610, RSI=0x0000000000008501, RDI=0x000000d1c98fd610
R8 =0x00007ff9ab544268, R9 =0x000000000000001c, R10=0x00007ff96ceda900, R11=0x00007ff9ab546000
R12=0x000000d1c98ffcb0, R13=0x000002b394a648e0, R14=0x000000d1c98fe680, R15=0x00007ff96ceda9e8
RIP=0x00007ff9ab541bd5, EFLAGS=0x0000000000010246

Top of Stack: (sp=0x000000d1c98fd520)
0x000000d1c98fd520:   0000000000000000 0000000000000000
0x000000d1c98fd530:   0000000000000000 0000000000000000
0x000000d1c98fd540:   000002b394a6bb80 00007ff9ab541d63
0x000000d1c98fd550:   000000000000000b 000002b394a6bb80
0x000000d1c98fd560:   000000d1c98fdbe0 0000000000000000
0x000000d1c98fd570:   00007ff9ab548010 000000d1c98fdba0
0x000000d1c98fd580:   000000d1c98fd690 000003d800007000
0x000000d1c98fd590:   000000d1c98fdd00 0000000000000008
0x000000d1c98fd5a0:   00007ff9c23b0000 000000d1c98fd720
0x000000d1c98fd5b0:   0000b7ab3cd2d540 000000d1c98fdbf0
0x000000d1c98fd5c0:   00007ff96ceb7a98 0000000000000017
0x000000d1c98fd5d0:   000002b394a6bb80 000000d1c98fe680
0x000000d1c98fd5e0:   000000000000000b 00007ff9ab542641
0x000000d1c98fd5f0:   0000000100000018 0000000000000000
0x000000d1c98fd600:   0000000000000000 00007ff900800000
0x000000d1c98fd610:   61622e6176616a2f 692f6b646a2f6573 

Instructions: (pc=0x00007ff9ab541bd5)
0x00007ff9ab541ad5:   48 85 c9 74 1d 80 3d 2f 45 00 00 00 74 06 48 8b
0x00007ff9ab541ae5:   53 18 eb 04 48 8b 53 40 e8 ae 0e 00 00 48 83 63
0x00007ff9ab541af5:   48 00 8b 4b 0c 83 f9 ff 74 09 e8 e4 0c 00 00 83
0x00007ff9ab541b05:   4b 0c ff 48 8b 4b 70 48 85 c9 74 0f ba 10 00 00
0x00007ff9ab541b15:   00 e8 fd 0e 00 00 48 83 63 70 00 48 83 c4 20 5b
0x00007ff9ab541b25:   c3 cc cc 40 53 48 83 ec 20 48 8b d9 48 8d 0d e8
0x00007ff9ab541b35:   46 00 00 e8 b3 0c 00 00 83 6b 08 01 75 24 48 8b
0x00007ff9ab541b45:   d3 48 8d 0d cb 44 00 00 e8 22 08 00 00 48 8b cb
0x00007ff9ab541b55:   e8 de fe ff ff ba 78 00 00 00 48 8b cb e8 b1 0e
0x00007ff9ab541b65:   00 00 48 8d 0d b2 46 00 00 48 83 c4 20 5b e9 80
0x00007ff9ab541b75:   0c 00 00 48 89 5c 24 08 48 89 74 24 10 57 48 83
0x00007ff9ab541b85:   ec 20 41 8b f1 4d 8b c8 48 8b fa 4c 8b d9 4d 85
0x00007ff9ab541b95:   c0 74 78 85 f6 74 74 44 8a 12 48 8d 5a 01 48 8b
0x00007ff9ab541ba5:   d3 b8 93 01 00 01 eb 12 69 c0 93 01 00 01 41 0f
0x00007ff9ab541bb5:   b6 ca 44 8a 12 33 c1 48 ff c2 45 84 d2 75 e9 4d
0x00007ff9ab541bc5:   8b 03 0f ba f0 1f 33 d2 49 8b cb f7 f6 48 63 c2
0x00007ff9ab541bd5:   41 8b 14 81 41 ff 50 08 85 c0 7e 24 8a 0f eb 10
0x00007ff9ab541be5:   69 c0 93 01 00 01 0f b6 c9 33 c1 8a 0b 48 ff c3
0x00007ff9ab541bf5:   84 c9 75 ec 0f ba f0 1f 33 d2 f7 f6 8b c2 eb 0e
0x00007ff9ab541c05:   79 09 83 c9 ff 2b c8 8b c1 eb 03 83 c8 ff 48 8b
0x00007ff9ab541c15:   5c 24 30 48 8b 74 24 38 48 83 c4 20 5f c3 cc 48
0x00007ff9ab541c25:   89 5c 24 08 48 89 74 24 10 57 48 83 ec 20 48 8b
0x00007ff9ab541c35:   f1 48 8d 0d e3 45 00 00 e8 ae 0b 00 00 33 ff 39
0x00007ff9ab541c45:   3d ce 43 00 00 76 24 48 8b 05 cd 43 00 00 48 8b
0x00007ff9ab541c55:   d6 48 8b 1c f8 48 8b 0b e8 be 1e 00 00 85 c0 74
0x00007ff9ab541c65:   2b ff c7 3b 3d aa 43 00 00 72 dc 33 db 48 8d 0d
0x00007ff9ab541c75:   a7 45 00 00 e8 7a 0b 00 00 48 8b 74 24 38 48 8b
0x00007ff9ab541c85:   c3 48 8b 5c 24 30 48 83 c4 20 5f c3 ff 43 08 eb
0x00007ff9ab541c95:   dc cc cc 48 89 5c 24 08 48 89 74 24 10 57 48 83
0x00007ff9ab541ca5:   ec 20 48 8b d9 48 8b f2 48 8b 49 10 49 8b f8 8b
0x00007ff9ab541cb5:   53 30 48 8b 01 ff 50 20 4c 8b 43 50 48 8b d6 48
0x00007ff9ab541cc5:   8b 4b 10 44 8b c8 e8 a8 fe ff ff 83 f8 ff 74 38 



---------------  P R O C E S S  ---------------

VM state:not at safepoint (not fully initialized)

VM Mutex/Monitor currently owned by a thread: None


Dynamic libraries:
0x00007ff61d5b0000 - 0x00007ff61d5bd000 	C:\Program Files\Microsoft\jdk-11.0.20.8-hotspot\bin\java.exe
0x00007ff9c2290000 - 0x00007ff9c2487000 	C:\WINDOWS\SYSTEM32\ntdll.dll
0x00007ff9c0c10000 - 0x00007ff9c0ccd000 	C:\WINDOWS\System32\KERNEL32.DLL
0x00007ff9bf970000 - 0x00007ff9bfc66000 	C:\WINDOWS\System32\KERNELBASE.dll
0x00007ff9bfc70000 - 0x00007ff9bfd70000 	C:\WINDOWS\System32\ucrtbase.dll
0x00007ff9ab160000 - 0x00007ff9ab177000 	C:\Program Files\Microsoft\jdk-11.0.20.8-hotspot\bin\jli.dll
0x00007ff9c20b0000 - 0x00007ff9c224e000 	C:\WINDOWS\System32\USER32.dll
0x00007ff9bfec0000 - 0x00007ff9bfee2000 	C:\WINDOWS\System32\win32u.dll
0x00007ff9c0e50000 - 0x00007ff9c0e7c000 	C:\WINDOWS\System32\GDI32.dll
0x00007ff9c0050000 - 0x00007ff9c016a000 	C:\WINDOWS\System32\gdi32full.dll
0x00007ff9bfe20000 - 0x00007ff9bfebd000 	C:\WINDOWS\System32\msvcp_win.dll
0x00007ff9aa6e0000 - 0x00007ff9aa6f5000 	C:\Program Files\Microsoft\jdk-11.0.20.8-hotspot\bin\VCRUNTIME140.dll
0x00007ff9b4440000 - 0x00007ff9b46da000 	C:\WINDOWS\WinSxS\amd64_microsoft.windows.common-controls_6595b64144ccf1df_6.0.19041.3570_none_60bb2a3971f3e41a\COMCTL32.dll
0x00007ff9c07c0000 - 0x00007ff9c085e000 	C:\WINDOWS\System32\msvcrt.dll
0x00007ff9c2070000 - 0x00007ff9c20a0000 	C:\WINDOWS\System32\IMM32.DLL
0x00007ff9bf6c0000 - 0x00007ff9bf6f1000 	C:\Windows\system32\nvinitx.dll
0x00007ff9c0640000 - 0x00007ff9c06ee000 	C:\WINDOWS\System32\ADVAPI32.dll
0x00007ff9c1030000 - 0x00007ff9c10cc000 	C:\WINDOWS\System32\sechost.dll
0x00007ff9c04b0000 - 0x00007ff9c05d6000 	C:\WINDOWS\System32\RPCRT4.dll
0x00007ff9bf6b0000 - 0x00007ff9bf6ba000 	C:\WINDOWS\SYSTEM32\VERSION.dll
0x000000000f000000 - 0x000000000f006000 	C:\Program Files\NVIDIA Corporation\CoProcManager\_etoured.dll
0x00007ff9bb7c0000 - 0x00007ff9bb7f2000 	C:\Program Files\NVIDIA Corporation\CoProcManager\nvd3d9wrapx.dll
0x00007ff9c14a0000 - 0x00007ff9c190e000 	C:\WINDOWS\System32\SETUPAPI.dll
0x00007ff9c0230000 - 0x00007ff9c027e000 	C:\WINDOWS\System32\cfgmgr32.dll
0x00007ff9c0170000 - 0x00007ff9c0197000 	C:\WINDOWS\System32\bcrypt.dll
0x00007ff9bb410000 - 0x00007ff9bb432000 	C:\Program Files\NVIDIA Corporation\CoProcManager\nvdxgiwrapx.dll
0x00007ff98e300000 - 0x00007ff98e39b000 	C:\Program Files\Microsoft\jdk-11.0.20.8-hotspot\bin\msvcp140.dll
0x00007ff96c630000 - 0x00007ff96d1c6000 	C:\Program Files\Microsoft\jdk-11.0.20.8-hotspot\bin\server\jvm.dll
0x00007ff9c20a0000 - 0x00007ff9c20a8000 	C:\WINDOWS\System32\PSAPI.DLL
0x00007ff9ab770000 - 0x00007ff9ab779000 	C:\WINDOWS\SYSTEM32\WSOCK32.dll
0x00007ff9c10d0000 - 0x00007ff9c113b000 	C:\WINDOWS\System32\WS2_32.dll
0x00007ff9b46f0000 - 0x00007ff9b4717000 	C:\WINDOWS\SYSTEM32\WINMM.dll
0x00007ff9bd7c0000 - 0x00007ff9bd7d2000 	C:\WINDOWS\SYSTEM32\kernel.appcore.dll
0x00007ff9ab6c0000 - 0x00007ff9ab6d0000 	C:\Program Files\Microsoft\jdk-11.0.20.8-hotspot\bin\verify.dll
0x00007ff9b1bc0000 - 0x00007ff9b1da4000 	C:\WINDOWS\SYSTEM32\DBGHELP.DLL
0x00007ff9b1b80000 - 0x00007ff9b1bb4000 	C:\WINDOWS\SYSTEM32\dbgcore.DLL
0x00007ff9c01a0000 - 0x00007ff9c0222000 	C:\WINDOWS\System32\bcryptPrimitives.dll
0x00007ff9a05c0000 - 0x00007ff9a05e8000 	C:\Program Files\Microsoft\jdk-11.0.20.8-hotspot\bin\java.dll
0x00007ff9ab540000 - 0x00007ff9ab54a000 	C:\Program Files\Microsoft\jdk-11.0.20.8-hotspot\bin\jimage.dll

dbghelp: loaded successfully - version: 4.0.5 - missing functions: none
symbol engine: initialized successfully - sym options: 0x614 - pdb path: .;C:\Program Files\Microsoft\jdk-11.0.20.8-hotspot\bin;C:\WINDOWS\SYSTEM32;C:\WINDOWS\WinSxS\amd64_microsoft.windows.common-controls_6595b64144ccf1df_6.0.19041.3570_none_60bb2a3971f3e41a;C:\Program Files\NVIDIA Corporation\CoProcManager;C:\Program Files\Microsoft\jdk-11.0.20.8-hotspot\bin\server

VM Arguments:
java_command: <unknown>
java_class_path (initial): <not set>
Launcher Type: SUN_STANDARD

[Global flags]
     bool UseLargePagesIndividualAllocation        = false                                  {pd product} {ergonomic}

Logging:
Log output configuration:
 #0: stdout all=warning uptime,level,tags
 #1: stderr all=off uptime,level,tags

Environment Variables:
JAVA_HOME=C:\Program Files\Microsoft\jdk-11.0.20.8-hotspot
CLASSPATH=D:\React native\Layyan\android\\gradle\wrapper\gradle-wrapper.jar
PATH=D:\React native\Layyan\node_modules\.bin;D:\React native\Layyan\node_modules\.bin;D:\React native\node_modules\.bin;D:\node_modules\.bin;C:\Program Files\nodejs\node_modules\npm\node_modules\@npmcli\run-script\lib\node-gyp-bin;D:\React native\Layyan\node_modules\.bin;D:\React native\Layyan\node_modules\.bin;D:\React native\node_modules\.bin;D:\node_modules\.bin;C:\Program Files\nodejs\node_modules\npm\node_modules\@npmcli\run-script\lib\node-gyp-bin;C:\Program Files\Microsoft\jdk-11.0.20.8-hotspot\bin;C:\Program Files\OpenLogic\jdk-11.0.20.8-hotspot\bin;C:\WINDOWS\system32;C:\WINDOWS;C:\WINDOWS\System32\Wbem;C:\WINDOWS\System32\WindowsPowerShell\v1.0\;C:\WINDOWS\System32\OpenSSH\;C:\Program Files\Microsoft SQL Server\150\Tools\Binn\;C:\Program Files\nodejs\;C:\ProgramData\chocolatey\bin;C:\Users\YAHIYAH\AppData\Local\Android\Sdk\platform-tools;C:\Program Files\OpenLogic\jdk-11.0.20.8-hotspot\;C:\Program Files\Microsoft\jdk-11.0.20.8-hotspot;C:\Users\YAHIYAH\AppData\Local\Programs\Python\Python311\Scripts\;C:\Users\YAHIYAH\AppData\Local\Programs\Python\Python311\;C:\Users\YAHIYAH\AppData\Local\Microsoft\WindowsApps;C:\Users\YAHIYAH\AppData\Local\Programs\Microsoft VS Code\bin;C:\Users\YAHIYAH\AppData\Roaming\npm;C:\Users\YAHIYAH\AppData\Local\Android\Sdk;C:\Users\YAHIYAH\AppData\Local\Android\Sdk\platform-tools;C:\Program Files\Microsoft\jdk-11.0.20.8-hotspot;
USERNAME=YAHIYAH
LANG=en_US.UTF-8
OS=Windows_NT
PROCESSOR_IDENTIFIER=Intel64 Family 6 Model 58 Stepping 9, GenuineIntel
TMP=C:\Users\YAHIYAH\AppData\Local\Temp
TEMP=C:\Users\YAHIYAH\AppData\Local\Temp



---------------  S Y S T E M  ---------------

OS: Windows 10 , 64 bit Build 19041 (10.0.19041.3570)
OS uptime: 22 days 17:04 hours

CPU:total 4 (initial active 0) 

Memory: 4k page, system-wide physical 7893M (235M free)
TotalPageFile size 32469M (AvailPageFile size 0M)
current process WorkingSet (physical memory assigned to process): 8M, peak: 8M
current process commit charge ("private bytes"): 3M, peak: 3M

vm_info: OpenJDK 64-Bit Server VM (11.0.20+8-LTS) for windows-amd64 JRE (11.0.20+8-LTS), built on Jul  7 2023 17:05:21 by "MicrosoftCorporation" with MS VC++ 15.9 (VS2017)

END.
