#
# There is insufficient memory for the Java Runtime Environment to continue.
# Native memory allocation (malloc) failed to allocate 1025696 bytes for Chunk::new
# Possible reasons:
#   The system is out of physical RAM or swap space
#   The process is running with CompressedOops enabled, and the Java Heap may be blocking the growth of the native heap
# Possible solutions:
#   Reduce memory load on the system
#   Increase physical memory or swap space
#   Check if swap backing store is full
#   Decrease Java heap size (-Xmx/-Xms)
#   Decrease number of Java threads
#   Decrease Java thread stack sizes (-Xss)
#   Set larger code cache with -XX:ReservedCodeCacheSize=
#   JVM is running with Unscaled Compressed Oops mode in which the Java heap is
#     placed in the first 4GB address space. The Java Heap base address is the
#     maximum limit for the native heap growth. Please use -XX:HeapBaseMinAddress
#     to set the Java Heap base and to place the Java Heap above 4GB virtual address.
# This output file may be truncated or incomplete.
#
#  Out of Memory Error (arena.cpp:197), pid=30568, tid=17796
#
# JRE version: OpenJDK Runtime Environment Microsoft-8035250 (11.0.20+8) (build 11.0.20+8-LTS)
# Java VM: OpenJDK 64-Bit Server VM Microsoft-8035250 (11.0.20+8-LTS, mixed mode, tiered, compressed oops, g1 gc, windows-amd64)
# No core dump will be written. Minidumps are not enabled by default on client versions of Windows
#

---------------  S U M M A R Y ------------

Command Line: -XX:MaxMetaspaceSize=512m --add-opens=java.base/java.util=ALL-UNNAMED --add-opens=java.base/java.lang=ALL-UNNAMED --add-opens=java.base/java.lang.invoke=ALL-UNNAMED --add-opens=java.prefs/java.util.prefs=ALL-UNNAMED --add-opens=java.base/java.nio.charset=ALL-UNNAMED --add-opens=java.base/java.net=ALL-UNNAMED --add-opens=java.base/java.util.concurrent.atomic=ALL-UNNAMED -Xmx2048m -Dfile.encoding=windows-1252 -Duser.country=US -Duser.language=en -Duser.variant org.gradle.launcher.daemon.bootstrap.GradleDaemon 8.0.1

Host: Intel(R) Core(TM) i5-3230M CPU @ 2.60GHz, 4 cores, 7G,  Windows 10 , 64 bit Build 19041 (10.0.19041.3570)
Time: Tue Dec  5 17:27:20 2023 Pakistan Standard Time elapsed time: 243.200862 seconds (0d 0h 4m 3s)

---------------  T H R E A D  ---------------

Current thread (0x0000024bbf1e5800):  JavaThread "C2 CompilerThread0" daemon [_thread_in_native, id=17796, stack(0x000000f91a600000,0x000000f91a700000)]


Current CompileTask:
C2: 243200 3631       4       java.net.URLClassLoader$1::run (5 bytes)

Stack: [0x000000f91a600000,0x000000f91a700000]
Native frames: (J=compiled Java code, j=interpreted, Vv=VM code, C=native code)
V  [jvm.dll+0x62e9da]
V  [jvm.dll+0x7bc4e9]
V  [jvm.dll+0x7bdbd8]
V  [jvm.dll+0x7be2b3]
V  [jvm.dll+0x2505a8]
V  [jvm.dll+0xc263c]
V  [jvm.dll+0xc2bfc]
V  [jvm.dll+0x2c56a4]
V  [jvm.dll+0x536a1c]
V  [jvm.dll+0x211a7b]
V  [jvm.dll+0x20b6b4]
V  [jvm.dll+0x20881b]
V  [jvm.dll+0x18a7de]
V  [jvm.dll+0x2181ec]
V  [jvm.dll+0x21642b]
V  [jvm.dll+0x77efc0]
V  [jvm.dll+0x777db4]
V  [jvm.dll+0x62d845]
C  [ucrtbase.dll+0x21bb2]
C  [KERNEL32.DLL+0x17344]
C  [ntdll.dll+0x526b1]


---------------  P R O C E S S  ---------------

Threads class SMR info:
_java_thread_list=0x0000024bc1abdb10, length=30, elements={
0x0000024ba0982000, 0x0000024bbf1d4800, 0x0000024bbf1d7800, 0x0000024bbf1e1800,
0x0000024bbf1e2800, 0x0000024bbf1e3800, 0x0000024bbf1e5800, 0x0000024bbf1e7000,
0x0000024bbf1ee000, 0x0000024bbfcad000, 0x0000024bc0a5b800, 0x0000024bc0d3c800,
0x0000024bc0692000, 0x0000024bc14da000, 0x0000024bc14be800, 0x0000024bbfc6d000,
0x0000024bc20db800, 0x0000024bc05e7000, 0x0000024bc0cb4000, 0x0000024bc1b90000,
0x0000024bc1b91800, 0x0000024bc1b95000, 0x0000024bc1b96000, 0x0000024bc1b92800,
0x0000024bc1b91000, 0x0000024bc1b94000, 0x0000024bc1b96800, 0x0000024bc08df800,
0x0000024bc08e1000, 0x0000024bc08e2000
}

Java Threads: ( => current thread )
  0x0000024ba0982000 JavaThread "main" [_thread_blocked, id=17996, stack(0x000000f919a00000,0x000000f919b00000)]
  0x0000024bbf1d4800 JavaThread "Reference Handler" daemon [_thread_blocked, id=32044, stack(0x000000f91a100000,0x000000f91a200000)]
  0x0000024bbf1d7800 JavaThread "Finalizer" daemon [_thread_blocked, id=26056, stack(0x000000f91a200000,0x000000f91a300000)]
  0x0000024bbf1e1800 JavaThread "Signal Dispatcher" daemon [_thread_blocked, id=22136, stack(0x000000f91a300000,0x000000f91a400000)]
  0x0000024bbf1e2800 JavaThread "Attach Listener" daemon [_thread_blocked, id=26552, stack(0x000000f91a400000,0x000000f91a500000)]
  0x0000024bbf1e3800 JavaThread "Service Thread" daemon [_thread_blocked, id=33668, stack(0x000000f91a500000,0x000000f91a600000)]
=>0x0000024bbf1e5800 JavaThread "C2 CompilerThread0" daemon [_thread_in_native, id=17796, stack(0x000000f91a600000,0x000000f91a700000)]
  0x0000024bbf1e7000 JavaThread "C1 CompilerThread0" daemon [_thread_blocked, id=22716, stack(0x000000f91a700000,0x000000f91a800000)]
  0x0000024bbf1ee000 JavaThread "Sweeper thread" daemon [_thread_blocked, id=11164, stack(0x000000f91a800000,0x000000f91a900000)]
  0x0000024bbfcad000 JavaThread "Common-Cleaner" daemon [_thread_blocked, id=23508, stack(0x000000f91a900000,0x000000f91aa00000)]
  0x0000024bc0a5b800 JavaThread "Daemon health stats" [_thread_blocked, id=11912, stack(0x000000f91ac00000,0x000000f91ad00000)]
  0x0000024bc0d3c800 JavaThread "Incoming local TCP Connector on port 64152" [_thread_in_native, id=3500, stack(0x000000f919800000,0x000000f919900000)]
  0x0000024bc0692000 JavaThread "Daemon periodic checks" [_thread_in_native, id=32968, stack(0x000000f919900000,0x000000f919a00000)]
  0x0000024bc14da000 JavaThread "Daemon" [_thread_blocked, id=17704, stack(0x000000f91af00000,0x000000f91b000000)]
  0x0000024bc14be800 JavaThread "Handler for socket connection from /127.0.0.1:64152 to /127.0.0.1:64162" [_thread_in_native, id=27964, stack(0x000000f91b000000,0x000000f91b100000)]
  0x0000024bbfc6d000 JavaThread "Cancel handler" [_thread_blocked, id=30464, stack(0x000000f91b100000,0x000000f91b200000)]
  0x0000024bc20db800 JavaThread "Daemon worker" [_thread_in_native, id=22008, stack(0x000000f91b200000,0x000000f91b300000)]
  0x0000024bc05e7000 JavaThread "Asynchronous log dispatcher for DefaultDaemonConnection: socket connection from /127.0.0.1:64152 to /127.0.0.1:64162" [_thread_blocked, id=31932, stack(0x000000f91b300000,0x000000f91b400000)]
  0x0000024bc0cb4000 JavaThread "Daemon client event forwarder" [_thread_blocked, id=19572, stack(0x000000f91b500000,0x000000f91b600000)]
  0x0000024bc1b90000 JavaThread "Cache worker for journal cache (C:\Users\YAHIYAH\.gradle\caches\journal-1)" [_thread_blocked, id=15140, stack(0x000000f91ad00000,0x000000f91ae00000)]
  0x0000024bc1b91800 JavaThread "File lock request listener" [_thread_in_native, id=12628, stack(0x000000f91b800000,0x000000f91b900000)]
  0x0000024bc1b95000 JavaThread "Cache worker for file hash cache (C:\Users\YAHIYAH\.gradle\caches\8.0.1\fileHashes)" [_thread_blocked, id=13744, stack(0x000000f91bb00000,0x000000f91bc00000)]
  0x0000024bc1b96000 JavaThread "File watcher server" daemon [_thread_in_native, id=7412, stack(0x000000f91bc00000,0x000000f91bd00000)]
  0x0000024bc1b92800 JavaThread "File watcher consumer" daemon [_thread_blocked, id=13276, stack(0x000000f91bd00000,0x000000f91be00000)]
  0x0000024bc1b91000 JavaThread "Cache worker for checksums cache (D:\React native\Layyan\android\.gradle\8.0.1\checksums)" [_thread_blocked, id=9228, stack(0x000000f91be00000,0x000000f91bf00000)]
  0x0000024bc1b94000 JavaThread "Cache worker for cache directory md-rule (C:\Users\YAHIYAH\.gradle\caches\8.0.1\md-rule)" [_thread_blocked, id=33888, stack(0x000000f91bf00000,0x000000f91c000000)]
  0x0000024bc1b96800 JavaThread "Cache worker for file content cache (C:\Users\YAHIYAH\.gradle\caches\8.0.1\fileContent)" [_thread_blocked, id=27476, stack(0x000000f91b400000,0x000000f91b500000)]
  0x0000024bc08df800 JavaThread "Cache worker for file hash cache (D:\React native\Layyan\android\.gradle\8.0.1\fileHashes)" [_thread_blocked, id=27928, stack(0x000000f91c000000,0x000000f91c100000)]
  0x0000024bc08e1000 JavaThread "Cache worker for cache directory md-supplier (C:\Users\YAHIYAH\.gradle\caches\8.0.1\md-supplier)" [_thread_blocked, id=26664, stack(0x000000f91c100000,0x000000f91c200000)]
  0x0000024bc08e2000 JavaThread "Cache worker for execution history cache (C:\Users\YAHIYAH\.gradle\caches\8.0.1\executionHistory)" [_thread_blocked, id=14212, stack(0x000000f91c200000,0x000000f91c300000)]

Other Threads:
  0x0000024bbf1bb000 VMThread "VM Thread" [stack: 0x000000f91a000000,0x000000f91a100000] [id=12004]
  0x0000024bbfcd7000 WatcherThread [stack: 0x000000f91aa00000,0x000000f91ab00000] [id=25580]
  0x0000024ba0999000 GCTaskThread "GC Thread#0" [stack: 0x000000f919b00000,0x000000f919c00000] [id=17876]
  0x0000024bc0429000 GCTaskThread "GC Thread#1" [stack: 0x000000f91ab00000,0x000000f91ac00000] [id=3456]
  0x0000024bc05e7800 GCTaskThread "GC Thread#2" [stack: 0x000000f91b600000,0x000000f91b700000] [id=13688]
  0x0000024bc0194800 GCTaskThread "GC Thread#3" [stack: 0x000000f91b700000,0x000000f91b800000] [id=30000]
  0x0000024ba09cb800 ConcurrentGCThread "G1 Main Marker" [stack: 0x000000f919c00000,0x000000f919d00000] [id=17712]
  0x0000024ba09cd000 ConcurrentGCThread "G1 Conc#0" [stack: 0x000000f919d00000,0x000000f919e00000] [id=5228]
  0x0000024bbf02c800 ConcurrentGCThread "G1 Refine#0" [stack: 0x000000f919e00000,0x000000f919f00000] [id=17140]
  0x0000024bbf02d800 ConcurrentGCThread "G1 Young RemSet Sampling" [stack: 0x000000f919f00000,0x000000f91a000000] [id=1416]

Threads with active compile tasks:
C2 CompilerThread0   243271 3631       4       java.net.URLClassLoader$1::run (5 bytes)

VM state:not at safepoint (normal execution)

VM Mutex/Monitor currently owned by a thread: None

Heap address: 0x0000000080000000, size: 2048 MB, Compressed Oops mode: 32-bit
Narrow klass base: 0x0000000000000000, Narrow klass shift: 3
Compressed class space size: 528482304 Address: 0x0000000100000000

Heap:
 garbage-first heap   total 126976K, used 55014K [0x0000000080000000, 0x0000000100000000)
  region size 1024K, 38 young (38912K), 7 survivors (7168K)
 Metaspace       used 38383K, capacity 39369K, committed 39552K, reserved 550912K
  class space    used 4844K, capacity 5222K, committed 5248K, reserved 516096K
Heap Regions: E=young(eden), S=young(survivor), O=old, HS=humongous(starts), HC=humongous(continues), CS=collection set, F=free, A=archive, TAMS=top-at-mark-start (previous, next)
|   0|0x0000000080000000, 0x0000000080100000, 0x0000000080100000|100%| O|  |TAMS 0x0000000080100000, 0x0000000080000000| Untracked 
|   1|0x0000000080100000, 0x0000000080200000, 0x0000000080200000|100%| O|  |TAMS 0x0000000080200000, 0x0000000080100000| Untracked 
|   2|0x0000000080200000, 0x0000000080300000, 0x0000000080300000|100%| O|  |TAMS 0x0000000080300000, 0x0000000080200000| Untracked 
|   3|0x0000000080300000, 0x0000000080400000, 0x0000000080400000|100%|HS|  |TAMS 0x0000000080400000, 0x0000000080300000| Complete 
|   4|0x0000000080400000, 0x0000000080500000, 0x0000000080500000|100%|HC|  |TAMS 0x0000000080500000, 0x0000000080400000| Complete 
|   5|0x0000000080500000, 0x0000000080600000, 0x0000000080600000|100%|HC|  |TAMS 0x0000000080600000, 0x0000000080500000| Complete 
|   6|0x0000000080600000, 0x0000000080700000, 0x0000000080700000|100%|HC|  |TAMS 0x0000000080700000, 0x0000000080600000| Complete 
|   7|0x0000000080700000, 0x0000000080800000, 0x0000000080800000|100%| O|  |TAMS 0x0000000080800000, 0x0000000080700000| Untracked 
|   8|0x0000000080800000, 0x0000000080900000, 0x0000000080900000|100%| O|  |TAMS 0x0000000080900000, 0x0000000080800000| Untracked 
|   9|0x0000000080900000, 0x0000000080a00000, 0x0000000080a00000|100%| O|  |TAMS 0x0000000080a00000, 0x0000000080900000| Untracked 
|  10|0x0000000080a00000, 0x0000000080b00000, 0x0000000080b00000|100%| O|  |TAMS 0x0000000080b00000, 0x0000000080a00000| Untracked 
|  11|0x0000000080b00000, 0x0000000080c00000, 0x0000000080c00000|100%| O|  |TAMS 0x0000000080c00000, 0x0000000080b00000| Untracked 
|  12|0x0000000080c00000, 0x0000000080d00000, 0x0000000080d00000|100%| O|  |TAMS 0x0000000080d00000, 0x0000000080c00000| Untracked 
|  13|0x0000000080d00000, 0x0000000080e00000, 0x0000000080e00000|100%| O|  |TAMS 0x0000000080e00000, 0x0000000080d00000| Untracked 
|  14|0x0000000080e00000, 0x0000000080f00000, 0x0000000080f00000|100%| O|  |TAMS 0x0000000080f00000, 0x0000000080e00000| Untracked 
|  15|0x0000000080f00000, 0x0000000081000000, 0x0000000081000000|100%| O|  |TAMS 0x0000000081000000, 0x0000000080f00000| Untracked 
|  16|0x0000000081000000, 0x0000000081100000, 0x0000000081100000|100%| O|  |TAMS 0x0000000081100000, 0x0000000081000000| Untracked 
|  17|0x0000000081100000, 0x0000000081195400, 0x0000000081200000| 58%| O|  |TAMS 0x0000000081195400, 0x0000000081100000| Untracked 
|  18|0x0000000081200000, 0x0000000081200000, 0x0000000081300000|  0%| F|  |TAMS 0x0000000081200000, 0x0000000081200000| Untracked 
|  19|0x0000000081300000, 0x0000000081300000, 0x0000000081400000|  0%| F|  |TAMS 0x0000000081300000, 0x0000000081300000| Untracked 
|  20|0x0000000081400000, 0x0000000081400000, 0x0000000081500000|  0%| F|  |TAMS 0x0000000081400000, 0x0000000081400000| Untracked 
|  21|0x0000000081500000, 0x0000000081500000, 0x0000000081600000|  0%| F|  |TAMS 0x0000000081500000, 0x0000000081500000| Untracked 
|  22|0x0000000081600000, 0x0000000081600000, 0x0000000081700000|  0%| F|  |TAMS 0x0000000081600000, 0x0000000081600000| Untracked 
|  23|0x0000000081700000, 0x0000000081700000, 0x0000000081800000|  0%| F|  |TAMS 0x0000000081700000, 0x0000000081700000| Untracked 
|  24|0x0000000081800000, 0x0000000081800000, 0x0000000081900000|  0%| F|  |TAMS 0x0000000081800000, 0x0000000081800000| Untracked 
|  25|0x0000000081900000, 0x0000000081900000, 0x0000000081a00000|  0%| F|  |TAMS 0x0000000081900000, 0x0000000081900000| Untracked 
|  26|0x0000000081a00000, 0x0000000081a00000, 0x0000000081b00000|  0%| F|  |TAMS 0x0000000081a00000, 0x0000000081a00000| Untracked 
|  27|0x0000000081b00000, 0x0000000081b00000, 0x0000000081c00000|  0%| F|  |TAMS 0x0000000081b00000, 0x0000000081b00000| Untracked 
|  28|0x0000000081c00000, 0x0000000081c00000, 0x0000000081d00000|  0%| F|  |TAMS 0x0000000081c00000, 0x0000000081c00000| Untracked 
|  29|0x0000000081d00000, 0x0000000081d00000, 0x0000000081e00000|  0%| F|  |TAMS 0x0000000081d00000, 0x0000000081d00000| Untracked 
|  30|0x0000000081e00000, 0x0000000081e00000, 0x0000000081f00000|  0%| F|  |TAMS 0x0000000081e00000, 0x0000000081e00000| Untracked 
|  31|0x0000000081f00000, 0x0000000081f00000, 0x0000000082000000|  0%| F|  |TAMS 0x0000000081f00000, 0x0000000081f00000| Untracked 
|  32|0x0000000082000000, 0x0000000082000000, 0x0000000082100000|  0%| F|  |TAMS 0x0000000082000000, 0x0000000082000000| Untracked 
|  33|0x0000000082100000, 0x0000000082100000, 0x0000000082200000|  0%| F|  |TAMS 0x0000000082100000, 0x0000000082100000| Untracked 
|  34|0x0000000082200000, 0x0000000082200000, 0x0000000082300000|  0%| F|  |TAMS 0x0000000082200000, 0x0000000082200000| Untracked 
|  35|0x0000000082300000, 0x0000000082300000, 0x0000000082400000|  0%| F|  |TAMS 0x0000000082300000, 0x0000000082300000| Untracked 
|  36|0x0000000082400000, 0x0000000082400000, 0x0000000082500000|  0%| F|  |TAMS 0x0000000082400000, 0x0000000082400000| Untracked 
|  37|0x0000000082500000, 0x0000000082500000, 0x0000000082600000|  0%| F|  |TAMS 0x0000000082500000, 0x0000000082500000| Untracked 
|  38|0x0000000082600000, 0x0000000082600000, 0x0000000082700000|  0%| F|  |TAMS 0x0000000082600000, 0x0000000082600000| Untracked 
|  39|0x0000000082700000, 0x0000000082700000, 0x0000000082800000|  0%| F|  |TAMS 0x0000000082700000, 0x0000000082700000| Untracked 
|  40|0x0000000082800000, 0x0000000082800000, 0x0000000082900000|  0%| F|  |TAMS 0x0000000082800000, 0x0000000082800000| Untracked 
|  41|0x0000000082900000, 0x0000000082900000, 0x0000000082a00000|  0%| F|  |TAMS 0x0000000082900000, 0x0000000082900000| Untracked 
|  42|0x0000000082a00000, 0x0000000082a00000, 0x0000000082b00000|  0%| F|  |TAMS 0x0000000082a00000, 0x0000000082a00000| Untracked 
|  43|0x0000000082b00000, 0x0000000082b00000, 0x0000000082c00000|  0%| F|  |TAMS 0x0000000082b00000, 0x0000000082b00000| Untracked 
|  44|0x0000000082c00000, 0x0000000082c00000, 0x0000000082d00000|  0%| F|  |TAMS 0x0000000082c00000, 0x0000000082c00000| Untracked 
|  45|0x0000000082d00000, 0x0000000082d00000, 0x0000000082e00000|  0%| F|  |TAMS 0x0000000082d00000, 0x0000000082d00000| Untracked 
|  46|0x0000000082e00000, 0x0000000082e00000, 0x0000000082f00000|  0%| F|  |TAMS 0x0000000082e00000, 0x0000000082e00000| Untracked 
|  47|0x0000000082f00000, 0x0000000082f00000, 0x0000000083000000|  0%| F|  |TAMS 0x0000000082f00000, 0x0000000082f00000| Untracked 
|  48|0x0000000083000000, 0x0000000083000000, 0x0000000083100000|  0%| F|  |TAMS 0x0000000083000000, 0x0000000083000000| Untracked 
|  49|0x0000000083100000, 0x0000000083100000, 0x0000000083200000|  0%| F|  |TAMS 0x0000000083100000, 0x0000000083100000| Untracked 
|  50|0x0000000083200000, 0x0000000083200000, 0x0000000083300000|  0%| F|  |TAMS 0x0000000083200000, 0x0000000083200000| Untracked 
|  51|0x0000000083300000, 0x0000000083300000, 0x0000000083400000|  0%| F|  |TAMS 0x0000000083300000, 0x0000000083300000| Untracked 
|  52|0x0000000083400000, 0x0000000083400000, 0x0000000083500000|  0%| F|  |TAMS 0x0000000083400000, 0x0000000083400000| Untracked 
|  53|0x0000000083500000, 0x0000000083500000, 0x0000000083600000|  0%| F|  |TAMS 0x0000000083500000, 0x0000000083500000| Untracked 
|  54|0x0000000083600000, 0x0000000083600000, 0x0000000083700000|  0%| F|  |TAMS 0x0000000083600000, 0x0000000083600000| Untracked 
|  55|0x0000000083700000, 0x0000000083700000, 0x0000000083800000|  0%| F|  |TAMS 0x0000000083700000, 0x0000000083700000| Untracked 
|  56|0x0000000083800000, 0x0000000083800000, 0x0000000083900000|  0%| F|  |TAMS 0x0000000083800000, 0x0000000083800000| Untracked 
|  57|0x0000000083900000, 0x0000000083900000, 0x0000000083a00000|  0%| F|  |TAMS 0x0000000083900000, 0x0000000083900000| Untracked 
|  58|0x0000000083a00000, 0x0000000083a00000, 0x0000000083b00000|  0%| F|  |TAMS 0x0000000083a00000, 0x0000000083a00000| Untracked 
|  59|0x0000000083b00000, 0x0000000083b00000, 0x0000000083c00000|  0%| F|  |TAMS 0x0000000083b00000, 0x0000000083b00000| Untracked 
|  60|0x0000000083c00000, 0x0000000083c00000, 0x0000000083d00000|  0%| F|  |TAMS 0x0000000083c00000, 0x0000000083c00000| Untracked 
|  61|0x0000000083d00000, 0x0000000083d00000, 0x0000000083e00000|  0%| F|  |TAMS 0x0000000083d00000, 0x0000000083d00000| Untracked 
|  62|0x0000000083e00000, 0x0000000083e00000, 0x0000000083f00000|  0%| F|  |TAMS 0x0000000083e00000, 0x0000000083e00000| Untracked 
|  63|0x0000000083f00000, 0x0000000083f00000, 0x0000000084000000|  0%| F|  |TAMS 0x0000000083f00000, 0x0000000083f00000| Untracked 
|  64|0x0000000084000000, 0x0000000084000000, 0x0000000084100000|  0%| F|  |TAMS 0x0000000084000000, 0x0000000084000000| Untracked 
|  65|0x0000000084100000, 0x0000000084124490, 0x0000000084200000| 14%| S|CS|TAMS 0x0000000084100000, 0x0000000084100000| Complete 
|  66|0x0000000084200000, 0x0000000084300000, 0x0000000084300000|100%| S|CS|TAMS 0x0000000084200000, 0x0000000084200000| Complete 
|  67|0x0000000084300000, 0x0000000084400000, 0x0000000084400000|100%| S|CS|TAMS 0x0000000084300000, 0x0000000084300000| Complete 
|  68|0x0000000084400000, 0x0000000084500000, 0x0000000084500000|100%| S|CS|TAMS 0x0000000084400000, 0x0000000084400000| Complete 
|  69|0x0000000084500000, 0x0000000084600000, 0x0000000084600000|100%| S|CS|TAMS 0x0000000084500000, 0x0000000084500000| Complete 
|  70|0x0000000084600000, 0x0000000084700000, 0x0000000084700000|100%| S|CS|TAMS 0x0000000084600000, 0x0000000084600000| Complete 
|  71|0x0000000084700000, 0x0000000084800000, 0x0000000084800000|100%| S|CS|TAMS 0x0000000084700000, 0x0000000084700000| Complete 
|  72|0x0000000084800000, 0x0000000084800000, 0x0000000084900000|  0%| F|  |TAMS 0x0000000084800000, 0x0000000084800000| Untracked 
|  73|0x0000000084900000, 0x0000000084900000, 0x0000000084a00000|  0%| F|  |TAMS 0x0000000084900000, 0x0000000084900000| Untracked 
|  74|0x0000000084a00000, 0x0000000084a00000, 0x0000000084b00000|  0%| F|  |TAMS 0x0000000084a00000, 0x0000000084a00000| Untracked 
|  75|0x0000000084b00000, 0x0000000084b00000, 0x0000000084c00000|  0%| F|  |TAMS 0x0000000084b00000, 0x0000000084b00000| Untracked 
|  76|0x0000000084c00000, 0x0000000084c00000, 0x0000000084d00000|  0%| F|  |TAMS 0x0000000084c00000, 0x0000000084c00000| Untracked 
|  77|0x0000000084d00000, 0x0000000084d00000, 0x0000000084e00000|  0%| F|  |TAMS 0x0000000084d00000, 0x0000000084d00000| Untracked 
|  78|0x0000000084e00000, 0x0000000084e00000, 0x0000000084f00000|  0%| F|  |TAMS 0x0000000084e00000, 0x0000000084e00000| Untracked 
|  79|0x0000000084f00000, 0x0000000084f00000, 0x0000000085000000|  0%| F|  |TAMS 0x0000000084f00000, 0x0000000084f00000| Untracked 
|  80|0x0000000085000000, 0x0000000085000000, 0x0000000085100000|  0%| F|  |TAMS 0x0000000085000000, 0x0000000085000000| Untracked 
|  81|0x0000000085100000, 0x0000000085100000, 0x0000000085200000|  0%| F|  |TAMS 0x0000000085100000, 0x0000000085100000| Untracked 
|  82|0x0000000085200000, 0x0000000085200000, 0x0000000085300000|  0%| F|  |TAMS 0x0000000085200000, 0x0000000085200000| Untracked 
|  83|0x0000000085300000, 0x0000000085300000, 0x0000000085400000|  0%| F|  |TAMS 0x0000000085300000, 0x0000000085300000| Untracked 
|  84|0x0000000085400000, 0x0000000085400000, 0x0000000085500000|  0%| F|  |TAMS 0x0000000085400000, 0x0000000085400000| Untracked 
|  85|0x0000000085500000, 0x0000000085500000, 0x0000000085600000|  0%| F|  |TAMS 0x0000000085500000, 0x0000000085500000| Untracked 
|  86|0x0000000085600000, 0x0000000085600000, 0x0000000085700000|  0%| F|  |TAMS 0x0000000085600000, 0x0000000085600000| Untracked 
|  87|0x0000000085700000, 0x0000000085700000, 0x0000000085800000|  0%| F|  |TAMS 0x0000000085700000, 0x0000000085700000| Untracked 
|  88|0x0000000085800000, 0x0000000085800000, 0x0000000085900000|  0%| F|  |TAMS 0x0000000085800000, 0x0000000085800000| Untracked 
|  89|0x0000000085900000, 0x0000000085900000, 0x0000000085a00000|  0%| F|  |TAMS 0x0000000085900000, 0x0000000085900000| Untracked 
|  90|0x0000000085a00000, 0x0000000085a00000, 0x0000000085b00000|  0%| F|  |TAMS 0x0000000085a00000, 0x0000000085a00000| Untracked 
|  91|0x0000000085b00000, 0x0000000085b00000, 0x0000000085c00000|  0%| F|  |TAMS 0x0000000085b00000, 0x0000000085b00000| Untracked 
|  92|0x0000000085c00000, 0x0000000085c00000, 0x0000000085d00000|  0%| F|  |TAMS 0x0000000085c00000, 0x0000000085c00000| Untracked 
|  93|0x0000000085d00000, 0x0000000085d94cd8, 0x0000000085e00000| 58%| E|  |TAMS 0x0000000085d00000, 0x0000000085d00000| Complete 
|  94|0x0000000085e00000, 0x0000000085f00000, 0x0000000085f00000|100%| E|CS|TAMS 0x0000000085e00000, 0x0000000085e00000| Complete 
|  95|0x0000000085f00000, 0x0000000086000000, 0x0000000086000000|100%| E|CS|TAMS 0x0000000085f00000, 0x0000000085f00000| Complete 
|  96|0x0000000086000000, 0x0000000086100000, 0x0000000086100000|100%| E|CS|TAMS 0x0000000086000000, 0x0000000086000000| Complete 
|  97|0x0000000086100000, 0x0000000086200000, 0x0000000086200000|100%| E|CS|TAMS 0x0000000086100000, 0x0000000086100000| Complete 
|  98|0x0000000086200000, 0x0000000086300000, 0x0000000086300000|100%| E|CS|TAMS 0x0000000086200000, 0x0000000086200000| Complete 
|  99|0x0000000086300000, 0x0000000086400000, 0x0000000086400000|100%| E|CS|TAMS 0x0000000086300000, 0x0000000086300000| Complete 
| 100|0x0000000086400000, 0x0000000086500000, 0x0000000086500000|100%| E|CS|TAMS 0x0000000086400000, 0x0000000086400000| Complete 
| 101|0x0000000086500000, 0x0000000086600000, 0x0000000086600000|100%| E|CS|TAMS 0x0000000086500000, 0x0000000086500000| Complete 
| 102|0x0000000086600000, 0x0000000086700000, 0x0000000086700000|100%| E|CS|TAMS 0x0000000086600000, 0x0000000086600000| Complete 
| 103|0x0000000086700000, 0x0000000086800000, 0x0000000086800000|100%| E|CS|TAMS 0x0000000086700000, 0x0000000086700000| Complete 
| 104|0x0000000086800000, 0x0000000086900000, 0x0000000086900000|100%| E|CS|TAMS 0x0000000086800000, 0x0000000086800000| Complete 
| 105|0x0000000086900000, 0x0000000086a00000, 0x0000000086a00000|100%| E|CS|TAMS 0x0000000086900000, 0x0000000086900000| Complete 
| 106|0x0000000086a00000, 0x0000000086b00000, 0x0000000086b00000|100%| E|CS|TAMS 0x0000000086a00000, 0x0000000086a00000| Complete 
| 107|0x0000000086b00000, 0x0000000086c00000, 0x0000000086c00000|100%| E|CS|TAMS 0x0000000086b00000, 0x0000000086b00000| Complete 
| 108|0x0000000086c00000, 0x0000000086d00000, 0x0000000086d00000|100%| E|CS|TAMS 0x0000000086c00000, 0x0000000086c00000| Complete 
| 109|0x0000000086d00000, 0x0000000086e00000, 0x0000000086e00000|100%| E|CS|TAMS 0x0000000086d00000, 0x0000000086d00000| Complete 
| 110|0x0000000086e00000, 0x0000000086f00000, 0x0000000086f00000|100%| E|CS|TAMS 0x0000000086e00000, 0x0000000086e00000| Complete 
| 111|0x0000000086f00000, 0x0000000087000000, 0x0000000087000000|100%| E|CS|TAMS 0x0000000086f00000, 0x0000000086f00000| Complete 
| 112|0x0000000087000000, 0x0000000087100000, 0x0000000087100000|100%| E|CS|TAMS 0x0000000087000000, 0x0000000087000000| Complete 
| 113|0x0000000087100000, 0x0000000087200000, 0x0000000087200000|100%| E|CS|TAMS 0x0000000087100000, 0x0000000087100000| Complete 
| 114|0x0000000087200000, 0x0000000087300000, 0x0000000087300000|100%| E|CS|TAMS 0x0000000087200000, 0x0000000087200000| Complete 
| 115|0x0000000087300000, 0x0000000087400000, 0x0000000087400000|100%| E|CS|TAMS 0x0000000087300000, 0x0000000087300000| Complete 
| 116|0x0000000087400000, 0x0000000087500000, 0x0000000087500000|100%| E|CS|TAMS 0x0000000087400000, 0x0000000087400000| Complete 
| 117|0x0000000087500000, 0x0000000087600000, 0x0000000087600000|100%| E|CS|TAMS 0x0000000087500000, 0x0000000087500000| Complete 
| 118|0x0000000087600000, 0x0000000087700000, 0x0000000087700000|100%| E|CS|TAMS 0x0000000087600000, 0x0000000087600000| Complete 
| 119|0x0000000087700000, 0x0000000087800000, 0x0000000087800000|100%| E|CS|TAMS 0x0000000087700000, 0x0000000087700000| Complete 
| 120|0x0000000087800000, 0x0000000087900000, 0x0000000087900000|100%| E|CS|TAMS 0x0000000087800000, 0x0000000087800000| Complete 
| 121|0x0000000087900000, 0x0000000087a00000, 0x0000000087a00000|100%| E|CS|TAMS 0x0000000087900000, 0x0000000087900000| Complete 
| 122|0x0000000087a00000, 0x0000000087b00000, 0x0000000087b00000|100%| E|CS|TAMS 0x0000000087a00000, 0x0000000087a00000| Complete 
| 123|0x0000000087b00000, 0x0000000087c00000, 0x0000000087c00000|100%| E|CS|TAMS 0x0000000087b00000, 0x0000000087b00000| Complete 

Card table byte_map: [0x0000024bb84c0000,0x0000024bb88c0000] _byte_map_base: 0x0000024bb80c0000

Marking Bits (Prev, Next): (CMBitMap*) 0x0000024ba09c2ba8, (CMBitMap*) 0x0000024ba09c2be0
 Prev Bits: [0x0000024bb8cc0000, 0x0000024bbacc0000)
 Next Bits: [0x0000024bbacc0000, 0x0000024bbccc0000)

Polling page: 0x0000024b9e850000

Metaspace:

Usage:
  Non-class:     33.35 MB capacity,    32.75 MB ( 98%) used,   514.84 KB (  2%) free+waste,    93.63 KB ( <1%) overhead. 
      Class:      5.10 MB capacity,     4.73 MB ( 93%) used,   331.85 KB (  6%) free+waste,    45.19 KB ( <1%) overhead. 
       Both:     38.45 MB capacity,    37.48 MB ( 97%) used,   846.70 KB (  2%) free+waste,   138.81 KB ( <1%) overhead. 

Virtual space:
  Non-class space:       34.00 MB reserved,      33.50 MB ( 99%) committed 
      Class space:      504.00 MB reserved,       5.13 MB (  1%) committed 
             Both:      538.00 MB reserved,      38.63 MB (  7%) committed 

Chunk freelists:
   Non-Class:  29.00 KB
       Class:  26.00 KB
        Both:  55.00 KB

MaxMetaspaceSize: 512.00 MB
CompressedClassSpaceSize: 504.00 MB
Initial GC threshold: 20.80 MB
Current GC threshold: 58.34 MB
CDS: off

CodeHeap 'non-profiled nmethods': size=120064Kb used=1992Kb max_used=1992Kb free=118071Kb
 bounds [0x0000024bb0b80000, 0x0000024bb0df0000, 0x0000024bb80c0000]
CodeHeap 'profiled nmethods': size=120000Kb used=7624Kb max_used=7624Kb free=112375Kb
 bounds [0x0000024ba9650000, 0x0000024ba9dd0000, 0x0000024bb0b80000]
CodeHeap 'non-nmethods': size=5696Kb used=1582Kb max_used=1609Kb free=4113Kb
 bounds [0x0000024ba90c0000, 0x0000024ba9330000, 0x0000024ba9650000]
 total_blobs=4241 nmethods=3616 adapters=537
 compilation: enabled
              stopped_count=0, restarted_count=0
 full_count=0

Compilation events (20 events):
Event: 242.469 Thread 0x0000024bbf1e7000 3623       2       jdk.internal.loader.URLClassPath::getResource (74 bytes)
Event: 242.469 Thread 0x0000024bbf1e7000 nmethod 3623 0x0000024ba9dbc410 code [0x0000024ba9dbc5e0, 0x0000024ba9dbc7d8]
Event: 242.534 Thread 0x0000024bbf1e7000 3624   !   3       com.sun.beans.TypeResolver::resolve (261 bytes)
Event: 242.536 Thread 0x0000024bbf1e7000 nmethod 3624 0x0000024ba9dbc910 code [0x0000024ba9dbcd20, 0x0000024ba9dbee18]
Event: 242.536 Thread 0x0000024bbf1e7000 3625       1       org.codehaus.groovy.util.ComplexKeyHashMap$Entry::getValue (5 bytes)
Event: 242.536 Thread 0x0000024bbf1e7000 nmethod 3625 0x0000024bb0d62010 code [0x0000024bb0d621c0, 0x0000024bb0d62278]
Event: 242.546 Thread 0x0000024bbf1e5800 nmethod 3596 0x0000024bb0d62310 code [0x0000024bb0d62760, 0x0000024bb0d67c40]
Event: 242.548 Thread 0x0000024bbf1e5800 3617   !   4       jdk.internal.loader.URLClassPath$JarLoader::getResource (65 bytes)
Event: 242.552 Thread 0x0000024bbf1e7000 3626       3       jdk.internal.reflect.Reflection::isCallerSensitive (24 bytes)
Event: 242.557 Thread 0x0000024bbf1e7000 nmethod 3626 0x0000024ba9dbf590 code [0x0000024ba9dbf8c0, 0x0000024ba9dc0c78]
Event: 242.557 Thread 0x0000024bbf1e7000 3627       3       jdk.internal.reflect.NativeMethodAccessorImpl::<init> (10 bytes)
Event: 242.558 Thread 0x0000024bbf1e7000 nmethod 3627 0x0000024ba9dc1290 code [0x0000024ba9dc1460, 0x0000024ba9dc16d8]
Event: 242.558 Thread 0x0000024bbf1e7000 3628       3       jdk.internal.reflect.DelegatingMethodAccessorImpl::<init> (10 bytes)
Event: 242.558 Thread 0x0000024bbf1e7000 nmethod 3628 0x0000024ba9dc1810 code [0x0000024ba9dc19e0, 0x0000024ba9dc1c78]
Event: 242.573 Thread 0x0000024bbf1e7000 3629       3       org.gradle.internal.Cast::uncheckedCast (2 bytes)
Event: 242.574 Thread 0x0000024bbf1e7000 nmethod 3629 0x0000024ba9dc1d90 code [0x0000024ba9dc1f40, 0x0000024ba9dc2018]
Event: 242.661 Thread 0x0000024bbf1e5800 nmethod 3617 0x0000024bb0d6c090 code [0x0000024bb0d6c440, 0x0000024bb0d6e2a8]
Event: 242.814 Thread 0x0000024bbf1e5800 3630       4       java.net.URLStreamHandler::toExternalForm (156 bytes)
Event: 242.902 Thread 0x0000024bbf1e5800 nmethod 3630 0x0000024bb0d6f410 code [0x0000024bb0d6f6a0, 0x0000024bb0d71570]
Event: 242.902 Thread 0x0000024bbf1e5800 3631       4       java.net.URLClassLoader$1::run (5 bytes)

GC Heap History (16 events):
Event: 10.101 GC heap before
{Heap before GC invocations=0 (full 0):
 garbage-first heap   total 126976K, used 13312K [0x0000000080000000, 0x0000000100000000)
  region size 1024K, 14 young (14336K), 0 survivors (0K)
 Metaspace       used 6812K, capacity 6989K, committed 7168K, reserved 524288K
  class space    used 574K, capacity 650K, committed 768K, reserved 516096K
}
Event: 10.412 GC heap after
{Heap after GC invocations=1 (full 0):
 garbage-first heap   total 126976K, used 4140K [0x0000000080000000, 0x0000000100000000)
  region size 1024K, 2 young (2048K), 2 survivors (2048K)
 Metaspace       used 6812K, capacity 6989K, committed 7168K, reserved 524288K
  class space    used 574K, capacity 650K, committed 768K, reserved 516096K
}
Event: 12.727 GC heap before
{Heap before GC invocations=1 (full 0):
 garbage-first heap   total 126976K, used 20524K [0x0000000080000000, 0x0000000100000000)
  region size 1024K, 14 young (14336K), 2 survivors (2048K)
 Metaspace       used 9995K, capacity 10182K, committed 10368K, reserved 526336K
  class space    used 1014K, capacity 1102K, committed 1152K, reserved 516096K
}
Event: 12.734 GC heap after
{Heap after GC invocations=2 (full 0):
 garbage-first heap   total 126976K, used 10623K [0x0000000080000000, 0x0000000100000000)
  region size 1024K, 2 young (2048K), 2 survivors (2048K)
 Metaspace       used 9995K, capacity 10182K, committed 10368K, reserved 526336K
  class space    used 1014K, capacity 1102K, committed 1152K, reserved 516096K
}
Event: 19.600 GC heap before
{Heap before GC invocations=2 (full 0):
 garbage-first heap   total 126976K, used 40319K [0x0000000080000000, 0x0000000100000000)
  region size 1024K, 30 young (30720K), 2 survivors (2048K)
 Metaspace       used 10988K, capacity 11263K, committed 11520K, reserved 526336K
  class space    used 1115K, capacity 1206K, committed 1280K, reserved 516096K
}
Event: 19.607 GC heap after
{Heap after GC invocations=3 (full 0):
 garbage-first heap   total 126976K, used 13039K [0x0000000080000000, 0x0000000100000000)
  region size 1024K, 4 young (4096K), 4 survivors (4096K)
 Metaspace       used 10988K, capacity 11263K, committed 11520K, reserved 526336K
  class space    used 1115K, capacity 1206K, committed 1280K, reserved 516096K
}
Event: 131.214 GC heap before
{Heap before GC invocations=3 (full 0):
 garbage-first heap   total 126976K, used 55023K [0x0000000080000000, 0x0000000100000000)
  region size 1024K, 45 young (46080K), 4 survivors (4096K)
 Metaspace       used 18724K, capacity 19103K, committed 19200K, reserved 534528K
  class space    used 2123K, capacity 2241K, committed 2304K, reserved 516096K
}
Event: 131.524 GC heap after
{Heap after GC invocations=4 (full 0):
 garbage-first heap   total 126976K, used 18177K [0x0000000080000000, 0x0000000100000000)
  region size 1024K, 6 young (6144K), 6 survivors (6144K)
 Metaspace       used 18724K, capacity 19103K, committed 19200K, reserved 534528K
  class space    used 2123K, capacity 2241K, committed 2304K, reserved 516096K
}
Event: 138.502 GC heap before
{Heap before GC invocations=4 (full 0):
 garbage-first heap   total 126976K, used 28417K [0x0000000080000000, 0x0000000100000000)
  region size 1024K, 18 young (18432K), 6 survivors (6144K)
 Metaspace       used 20575K, capacity 21006K, committed 21248K, reserved 536576K
  class space    used 2390K, capacity 2542K, committed 2560K, reserved 516096K
}
Event: 138.512 GC heap after
{Heap after GC invocations=5 (full 0):
 garbage-first heap   total 126976K, used 18657K [0x0000000080000000, 0x0000000100000000)
  region size 1024K, 1 young (1024K), 1 survivors (1024K)
 Metaspace       used 20575K, capacity 21006K, committed 21248K, reserved 536576K
  class space    used 2390K, capacity 2542K, committed 2560K, reserved 516096K
}
Event: 163.439 GC heap before
{Heap before GC invocations=6 (full 0):
 garbage-first heap   total 126976K, used 61665K [0x0000000080000000, 0x0000000100000000)
  region size 1024K, 43 young (44032K), 1 survivors (1024K)
 Metaspace       used 24497K, capacity 25094K, committed 25344K, reserved 538624K
  class space    used 3019K, capacity 3270K, committed 3328K, reserved 516096K
}
Event: 163.448 GC heap after
{Heap after GC invocations=7 (full 0):
 garbage-first heap   total 126976K, used 19865K [0x0000000080000000, 0x0000000100000000)
  region size 1024K, 2 young (2048K), 2 survivors (2048K)
 Metaspace       used 24497K, capacity 25094K, committed 25344K, reserved 538624K
  class space    used 3019K, capacity 3270K, committed 3328K, reserved 516096K
}
Event: 185.806 GC heap before
{Heap before GC invocations=7 (full 0):
 garbage-first heap   total 126976K, used 66969K [0x0000000080000000, 0x0000000100000000)
  region size 1024K, 48 young (49152K), 2 survivors (2048K)
 Metaspace       used 28708K, capacity 29368K, committed 29568K, reserved 542720K
  class space    used 3680K, capacity 3956K, committed 3968K, reserved 516096K
}
Event: 185.816 GC heap after
{Heap after GC invocations=8 (full 0):
 garbage-first heap   total 126976K, used 21535K [0x0000000080000000, 0x0000000100000000)
  region size 1024K, 4 young (4096K), 4 survivors (4096K)
 Metaspace       used 28708K, capacity 29368K, committed 29568K, reserved 542720K
  class space    used 3680K, capacity 3956K, committed 3968K, reserved 516096K
}
Event: 227.334 GC heap before
{Heap before GC invocations=8 (full 0):
 garbage-first heap   total 126976K, used 69663K [0x0000000080000000, 0x0000000100000000)
  region size 1024K, 52 young (53248K), 4 survivors (4096K)
 Metaspace       used 34656K, capacity 35439K, committed 35584K, reserved 546816K
  class space    used 4426K, capacity 4743K, committed 4864K, reserved 516096K
}
Event: 227.372 GC heap after
{Heap after GC invocations=9 (full 0):
 garbage-first heap   total 126976K, used 24294K [0x0000000080000000, 0x0000000100000000)
  region size 1024K, 7 young (7168K), 7 survivors (7168K)
 Metaspace       used 34656K, capacity 35439K, committed 35584K, reserved 546816K
  class space    used 4426K, capacity 4743K, committed 4864K, reserved 516096K
}

Deoptimization events (20 events):
Event: 237.064 Thread 0x0000024bc20db800 Uncommon trap: trap_request=0xffffffc6 fr.pc=0x0000024bb0cdf42c relative=0x0000000000004b8c
Event: 237.064 Thread 0x0000024bc20db800 Uncommon trap: reason=bimorphic_or_optimized_type_check action=maybe_recompile pc=0x0000024bb0cdf42c method=java.net.URL.<init>(Ljava/net/URL;Ljava/lang/String;Ljava/net/URLStreamHandler;)V @ 504 c2
Event: 237.064 Thread 0x0000024bc20db800 DEOPT PACKING pc=0x0000024bb0cdf42c sp=0x000000f91b2f6f10
Event: 237.064 Thread 0x0000024bc20db800 DEOPT UNPACKING pc=0x0000024ba910a1af sp=0x000000f91b2f6eb0 mode 2
Event: 241.078 Thread 0x0000024bc20db800 Uncommon trap: trap_request=0xffffffbe fr.pc=0x0000024bb0d52fc4 relative=0x0000000000000964
Event: 241.078 Thread 0x0000024bc20db800 Uncommon trap: reason=profile_predicate action=maybe_recompile pc=0x0000024bb0d52fc4 method=jdk.internal.jimage.ImageStringsReader.charsFromByteBuffer([CLjava/nio/ByteBuffer;)V @ 6 c2
Event: 241.078 Thread 0x0000024bc20db800 DEOPT PACKING pc=0x0000024bb0d52fc4 sp=0x000000f91b2f8970
Event: 241.078 Thread 0x0000024bc20db800 DEOPT UNPACKING pc=0x0000024ba910a1af sp=0x000000f91b2f8848 mode 2
Event: 241.079 Thread 0x0000024bc20db800 Uncommon trap: trap_request=0xffffffbe fr.pc=0x0000024bb0d52fc4 relative=0x0000000000000964
Event: 241.079 Thread 0x0000024bc20db800 Uncommon trap: reason=profile_predicate action=maybe_recompile pc=0x0000024bb0d52fc4 method=jdk.internal.jimage.ImageStringsReader.charsFromByteBuffer([CLjava/nio/ByteBuffer;)V @ 6 c2
Event: 241.079 Thread 0x0000024bc20db800 DEOPT PACKING pc=0x0000024bb0d52fc4 sp=0x000000f91b2f88c0
Event: 241.080 Thread 0x0000024bc20db800 DEOPT UNPACKING pc=0x0000024ba910a1af sp=0x000000f91b2f8798 mode 2
Event: 241.080 Thread 0x0000024bc20db800 Uncommon trap: trap_request=0xffffffbe fr.pc=0x0000024bb0d52fc4 relative=0x0000000000000964
Event: 241.080 Thread 0x0000024bc20db800 Uncommon trap: reason=profile_predicate action=maybe_recompile pc=0x0000024bb0d52fc4 method=jdk.internal.jimage.ImageStringsReader.charsFromByteBuffer([CLjava/nio/ByteBuffer;)V @ 6 c2
Event: 241.080 Thread 0x0000024bc20db800 DEOPT PACKING pc=0x0000024bb0d52fc4 sp=0x000000f91b2f86e0
Event: 241.080 Thread 0x0000024bc20db800 DEOPT UNPACKING pc=0x0000024ba910a1af sp=0x000000f91b2f85b8 mode 2
Event: 241.081 Thread 0x0000024bc20db800 Uncommon trap: trap_request=0xffffffbe fr.pc=0x0000024bb0d52fc4 relative=0x0000000000000964
Event: 241.081 Thread 0x0000024bc20db800 Uncommon trap: reason=profile_predicate action=maybe_recompile pc=0x0000024bb0d52fc4 method=jdk.internal.jimage.ImageStringsReader.charsFromByteBuffer([CLjava/nio/ByteBuffer;)V @ 6 c2
Event: 241.081 Thread 0x0000024bc20db800 DEOPT PACKING pc=0x0000024bb0d52fc4 sp=0x000000f91b2f86e0
Event: 241.081 Thread 0x0000024bc20db800 DEOPT UNPACKING pc=0x0000024ba910a1af sp=0x000000f91b2f85b8 mode 2

Classes redefined (0 events):
No events

Internal exceptions (20 events):
Event: 217.209 Thread 0x0000024bc20db800 Exception <a 'java/lang/NoSuchMethodError'{0x00000000858a2948}: 'java.lang.Object java.lang.invoke.DirectMethodHandle$Holder.invokeStatic(java.lang.Object, java.lang.Object, int, int, java.lang.Object, java.lang.Object)'> (0x00000000858a2948) thrown at [s\src\hotspot\share\interpreter\linkResolver.cpp, line 773]
Event: 221.616 Thread 0x0000024bc20db800 Exception <a 'java/lang/NoSuchMethodError'{0x00000000852dd1d0}: 'void java.lang.invoke.DirectMethodHandle$Holder.invokeStaticInit(java.lang.Object, java.lang.Object, java.lang.Object)'> (0x00000000852dd1d0) thrown at [s\src\hotspot\share\interpreter\linkResolver.cpp, line 773]
Event: 221.617 Thread 0x0000024bc20db800 Exception <a 'java/lang/NoSuchMethodError'{0x00000000852e43e8}: 'void java.lang.invoke.DirectMethodHandle$Holder.invokeStaticInit(java.lang.Object, java.lang.Object, java.lang.Object, java.lang.Object)'> (0x00000000852e43e8) thrown at [s\src\hotspot\share\interpreter\linkResolver.cpp, line 773]
Event: 221.629 Thread 0x0000024bc20db800 Exception <a 'java/lang/NoSuchMethodError'{0x0000000085107108}: 'void java.lang.invoke.DirectMethodHandle$Holder.invokeStaticInit(java.lang.Object, java.lang.Object, java.lang.Object, java.lang.Object, java.lang.Object)'> (0x0000000085107108) thrown at [s\src\hotspot\share\interpreter\linkResolver.cpp, line 773]
Event: 221.630 Thread 0x0000024bc20db800 Exception <a 'java/lang/NoSuchMethodError'{0x000000008510eaa0}: 'int java.lang.invoke.DirectMethodHandle$Holder.invokeStaticInit(java.lang.Object, java.lang.Object, java.lang.Object)'> (0x000000008510eaa0) thrown at [s\src\hotspot\share\interpreter\linkResolver.cpp, line 773]
Event: 223.398 Thread 0x0000024bc20db800 Exception <a 'java/lang/NoSuchMethodError'{0x000000008516be88}: 'int java.lang.invoke.DirectMethodHandle$Holder.invokeStaticInit(java.lang.Object, java.lang.Object, java.lang.Object, java.lang.Object)'> (0x000000008516be88) thrown at [s\src\hotspot\share\interpreter\linkResolver.cpp, line 773]
Event: 231.825 Thread 0x0000024bc20db800 Exception <a 'java/lang/NoSuchMethodError'{0x000000008786ce88}: 'java.lang.Object java.lang.invoke.DirectMethodHandle$Holder.invokeStatic(java.lang.Object, java.lang.Object, java.lang.Object, java.lang.Object, java.lang.Object, java.lang.Object, java.lang.Object, java.lang.Object, java.lang.Object, java.lang.Object, java.lang.Object, int)'> (0x000000008786ce88) thrown at [s\src\hotspot\share\interpreter\linkResolver.cpp, line 773]
Event: 231.856 Thread 0x0000024bc20db800 Exception <a 'java/lang/NoSuchMethodError'{0x000000008788bd00}: 'java.lang.Object java.lang.invoke.DirectMethodHandle$Holder.invokeStatic(java.lang.Object, java.lang.Object, java.lang.Object, java.lang.Object, java.lang.Object, java.lang.Object, java.lang.Object, java.lang.Object, java.lang.Object, java.lang.Object, java.lang.Object, int, int)'> (0x000000008788bd00) thrown at [s\src\hotspot\share\interpreter\linkResolver.cpp, line 773]
Event: 231.862 Thread 0x0000024bc20db800 Exception <a 'java/lang/NoSuchMethodError'{0x00000000878ab7d8}: 'java.lang.Object java.lang.invoke.DirectMethodHandle$Holder.invokeStatic(java.lang.Object, java.lang.Object, java.lang.Object, java.lang.Object, java.lang.Object, java.lang.Object, java.lang.Object, java.lang.Object, java.lang.Object, java.lang.Object, java.lang.Object, int, int, java.lang.Object)'> (0x00000000878ab7d8) thrown at [s\src\hotspot\share\interpreter\linkResolver.cpp, line 773]
Event: 231.891 Thread 0x0000024bc20db800 Exception <a 'java/lang/NoSuchMethodError'{0x00000000878ccb78}: 'java.lang.Object java.lang.invoke.DirectMethodHandle$Holder.invokeStatic(java.lang.Object, java.lang.Object, java.lang.Object, java.lang.Object, java.lang.Object, java.lang.Object, java.lang.Object, java.lang.Object, java.lang.Object, java.lang.Object, java.lang.Object, int, int, java.lang.Object, java.lang.Object)'> (0x00000000878ccb78) thrown at [s\src\hotspot\share\interpreter\linkResolver.cpp, line 773]
Event: 231.910 Thread 0x0000024bc20db800 Exception <a 'java/lang/ClassNotFoundException'{0x00000000878fd3f8}: groovy/lang/ExpandoMetaClassBeanInfo> (0x00000000878fd3f8) thrown at [s\src\hotspot\share\classfile\systemDictionary.cpp, line 230]
Event: 231.914 Thread 0x0000024bc20db800 Exception <a 'java/lang/ClassNotFoundException'{0x000000008771e350}: groovy/lang/MetaClassImplBeanInfo> (0x000000008771e350) thrown at [s\src\hotspot\share\classfile\systemDictionary.cpp, line 230]
Event: 233.601 Thread 0x0000024bc20db800 Exception <a 'java/lang/ClassNotFoundException'{0x00000000877278a8}: java/lang/ObjectBeanInfo> (0x00000000877278a8) thrown at [s\src\hotspot\share\classfile\systemDictionary.cpp, line 230]
Event: 233.610 Thread 0x0000024bc20db800 Exception <a 'java/lang/ClassNotFoundException'{0x0000000087733270}: java/lang/ObjectCustomizer> (0x0000000087733270) thrown at [s\src\hotspot\share\classfile\systemDictionary.cpp, line 230]
Event: 233.648 Thread 0x0000024bc20db800 Exception <a 'java/lang/ClassNotFoundException'{0x000000008775abd8}: groovy/lang/MetaClassImplCustomizer> (0x000000008775abd8) thrown at [s\src\hotspot\share\classfile\systemDictionary.cpp, line 230]
Event: 233.658 Thread 0x0000024bc20db800 Exception <a 'java/lang/ClassNotFoundException'{0x000000008779b308}: groovy/lang/ExpandoMetaClassCustomizer> (0x000000008779b308) thrown at [s\src\hotspot\share\classfile\systemDictionary.cpp, line 230]
Event: 242.467 Thread 0x0000024bc20db800 Exception <a 'java/lang/ClassNotFoundException'{0x0000000085fa3b88}: org/gradle/internal/extensibility/DefaultExtraPropertiesExtensionBeanInfo> (0x0000000085fa3b88) thrown at [s\src\hotspot\share\classfile\systemDictionary.cpp, line 230]
Event: 242.469 Thread 0x0000024bc20db800 Exception <a 'java/lang/ClassNotFoundException'{0x0000000085fc58f0}: groovy/lang/GroovyObjectSupportBeanInfo> (0x0000000085fc58f0) thrown at [s\src\hotspot\share\classfile\systemDictionary.cpp, line 230]
Event: 242.529 Thread 0x0000024bc20db800 Exception <a 'java/lang/ClassNotFoundException'{0x0000000085fe76a0}: groovy/lang/GroovyObjectSupportCustomizer> (0x0000000085fe76a0) thrown at [s\src\hotspot\share\classfile\systemDictionary.cpp, line 230]
Event: 242.534 Thread 0x0000024bc20db800 Exception <a 'java/lang/ClassNotFoundException'{0x0000000085e10068}: org/gradle/internal/extensibility/DefaultExtraPropertiesExtensionCustomizer> (0x0000000085e10068) thrown at [s\src\hotspot\share\classfile\systemDictionary.cpp, line 230]

Events (20 events):
Event: 242.822 loading class org/gradle/groovy/scripts/internal/NoDataCompileOperation
Event: 242.822 loading class org/gradle/groovy/scripts/internal/NoDataCompileOperation done
Event: 242.823 loading class org/gradle/initialization/SettingsScript
Event: 242.823 loading class org/gradle/initialization/SettingsScript done
Event: 242.823 loading class org/gradle/plugin/use/internal/PluginsAwareScript
Event: 242.823 loading class org/gradle/plugin/use/internal/PluginsAwareScript done
Event: 242.824 loading class org/gradle/groovy/scripts/DefaultScript
Event: 242.824 loading class org/gradle/groovy/scripts/DefaultScript done
Event: 242.825 loading class org/gradle/groovy/scripts/internal/ScriptCacheKey
Event: 242.825 loading class org/gradle/groovy/scripts/internal/ScriptCacheKey done
Event: 242.827 loading class java/math/MutableBigInteger
Event: 242.829 loading class java/math/MutableBigInteger done
Event: 242.831 loading class com/google/common/io/ByteStreams
Event: 242.831 loading class com/google/common/io/ByteStreams done
Event: 242.832 loading class com/google/common/io/ByteStreams$1
Event: 242.832 loading class com/google/common/io/ByteStreams$1 done
Event: 242.836 loading class com/google/common/io/ByteStreams$LimitedInputStream
Event: 242.836 loading class com/google/common/io/ByteStreams$LimitedInputStream done
Event: 242.836 loading class com/google/common/io/ByteArrayDataInput
Event: 242.836 loading class com/google/common/io/ByteArrayDataInput done


Dynamic libraries:
0x00007ff61d5b0000 - 0x00007ff61d5bd000 	C:\Program Files\Microsoft\jdk-11.0.20.8-hotspot\bin\java.exe
0x00007ff9c2290000 - 0x00007ff9c2487000 	C:\WINDOWS\SYSTEM32\ntdll.dll
0x00007ff9c0c10000 - 0x00007ff9c0ccd000 	C:\WINDOWS\System32\KERNEL32.DLL
0x00007ff9bf970000 - 0x00007ff9bfc66000 	C:\WINDOWS\System32\KERNELBASE.dll
0x00007ff9bfc70000 - 0x00007ff9bfd70000 	C:\WINDOWS\System32\ucrtbase.dll
0x00007ff9ab160000 - 0x00007ff9ab177000 	C:\Program Files\Microsoft\jdk-11.0.20.8-hotspot\bin\jli.dll
0x00007ff9c20b0000 - 0x00007ff9c224e000 	C:\WINDOWS\System32\USER32.dll
0x00007ff9bfec0000 - 0x00007ff9bfee2000 	C:\WINDOWS\System32\win32u.dll
0x00007ff9c0e50000 - 0x00007ff9c0e7c000 	C:\WINDOWS\System32\GDI32.dll
0x00007ff9c0050000 - 0x00007ff9c016a000 	C:\WINDOWS\System32\gdi32full.dll
0x00007ff9bfe20000 - 0x00007ff9bfebd000 	C:\WINDOWS\System32\msvcp_win.dll
0x00007ff9aa6e0000 - 0x00007ff9aa6f5000 	C:\Program Files\Microsoft\jdk-11.0.20.8-hotspot\bin\VCRUNTIME140.dll
0x00007ff9b4440000 - 0x00007ff9b46da000 	C:\WINDOWS\WinSxS\amd64_microsoft.windows.common-controls_6595b64144ccf1df_6.0.19041.3570_none_60bb2a3971f3e41a\COMCTL32.dll
0x00007ff9c07c0000 - 0x00007ff9c085e000 	C:\WINDOWS\System32\msvcrt.dll
0x00007ff9c2070000 - 0x00007ff9c20a0000 	C:\WINDOWS\System32\IMM32.DLL
0x00007ff9bf6c0000 - 0x00007ff9bf6f1000 	C:\Windows\system32\nvinitx.dll
0x00007ff9c0640000 - 0x00007ff9c06ee000 	C:\WINDOWS\System32\ADVAPI32.dll
0x00007ff9c1030000 - 0x00007ff9c10cc000 	C:\WINDOWS\System32\sechost.dll
0x00007ff9c04b0000 - 0x00007ff9c05d6000 	C:\WINDOWS\System32\RPCRT4.dll
0x00007ff9bf6b0000 - 0x00007ff9bf6ba000 	C:\WINDOWS\SYSTEM32\VERSION.dll
0x000000000f000000 - 0x000000000f006000 	C:\Program Files\NVIDIA Corporation\CoProcManager\_etoured.dll
0x00007ff9bb7c0000 - 0x00007ff9bb7f2000 	C:\Program Files\NVIDIA Corporation\CoProcManager\nvd3d9wrapx.dll
0x00007ff9c14a0000 - 0x00007ff9c190e000 	C:\WINDOWS\System32\SETUPAPI.dll
0x00007ff9c0230000 - 0x00007ff9c027e000 	C:\WINDOWS\System32\cfgmgr32.dll
0x00007ff9c0170000 - 0x00007ff9c0197000 	C:\WINDOWS\System32\bcrypt.dll
0x00007ff9bb410000 - 0x00007ff9bb432000 	C:\Program Files\NVIDIA Corporation\CoProcManager\nvdxgiwrapx.dll
0x00007ff98e300000 - 0x00007ff98e39b000 	C:\Program Files\Microsoft\jdk-11.0.20.8-hotspot\bin\msvcp140.dll
0x00007ff96c630000 - 0x00007ff96d1c6000 	C:\Program Files\Microsoft\jdk-11.0.20.8-hotspot\bin\server\jvm.dll
0x00007ff9c20a0000 - 0x00007ff9c20a8000 	C:\WINDOWS\System32\PSAPI.DLL
0x00007ff9ab770000 - 0x00007ff9ab779000 	C:\WINDOWS\SYSTEM32\WSOCK32.dll
0x00007ff9c10d0000 - 0x00007ff9c113b000 	C:\WINDOWS\System32\WS2_32.dll
0x00007ff9b46f0000 - 0x00007ff9b4717000 	C:\WINDOWS\SYSTEM32\WINMM.dll
0x00007ff9bd7c0000 - 0x00007ff9bd7d2000 	C:\WINDOWS\SYSTEM32\kernel.appcore.dll
0x00007ff9ab6c0000 - 0x00007ff9ab6d0000 	C:\Program Files\Microsoft\jdk-11.0.20.8-hotspot\bin\verify.dll
0x00007ff9b1bc0000 - 0x00007ff9b1da4000 	C:\WINDOWS\SYSTEM32\DBGHELP.DLL
0x00007ff9b1b80000 - 0x00007ff9b1bb4000 	C:\WINDOWS\SYSTEM32\dbgcore.DLL
0x00007ff9c01a0000 - 0x00007ff9c0222000 	C:\WINDOWS\System32\bcryptPrimitives.dll
0x00007ff9a05c0000 - 0x00007ff9a05e8000 	C:\Program Files\Microsoft\jdk-11.0.20.8-hotspot\bin\java.dll
0x00007ff9ab540000 - 0x00007ff9ab54a000 	C:\Program Files\Microsoft\jdk-11.0.20.8-hotspot\bin\jimage.dll
0x00007ff9aa480000 - 0x00007ff9aa498000 	C:\Program Files\Microsoft\jdk-11.0.20.8-hotspot\bin\zip.dll
0x00007ff9c1920000 - 0x00007ff9c2064000 	C:\WINDOWS\System32\SHELL32.dll
0x00007ff9bd9c0000 - 0x00007ff9be15b000 	C:\WINDOWS\SYSTEM32\windows.storage.dll
0x00007ff9c1140000 - 0x00007ff9c1494000 	C:\WINDOWS\System32\combase.dll
0x00007ff9bf2f0000 - 0x00007ff9bf31d000 	C:\WINDOWS\SYSTEM32\Wldp.dll
0x00007ff9c0b60000 - 0x00007ff9c0c0d000 	C:\WINDOWS\System32\SHCORE.dll
0x00007ff9c0450000 - 0x00007ff9c04a5000 	C:\WINDOWS\System32\shlwapi.dll
0x00007ff9bf8a0000 - 0x00007ff9bf8c5000 	C:\WINDOWS\SYSTEM32\profapi.dll
0x00007ff9a8f60000 - 0x00007ff9a8f79000 	C:\Program Files\Microsoft\jdk-11.0.20.8-hotspot\bin\net.dll
0x00007ff9b34c0000 - 0x00007ff9b35ca000 	C:\WINDOWS\SYSTEM32\WINHTTP.dll
0x00007ff9beff0000 - 0x00007ff9bf05a000 	C:\WINDOWS\system32\mswsock.dll
0x00007ff9a8f10000 - 0x00007ff9a8f23000 	C:\Program Files\Microsoft\jdk-11.0.20.8-hotspot\bin\nio.dll
0x00007ff99daa0000 - 0x00007ff99dac7000 	C:\Users\YAHIYAH\.gradle\native\68d5fa5c4cc2d200863cafc0d521ce42e7d3e7ee720ec0a83991735586a16f82\windows-amd64\native-platform.dll
0x00007ff98cef0000 - 0x00007ff98d034000 	C:\Users\YAHIYAH\.gradle\native\e376f236ea51e6404a007f0833ffe2c6e607c4080706a723a18a27aeea778392\windows-amd64\native-platform-file-events.dll
0x00007ff9ab110000 - 0x00007ff9ab119000 	C:\Program Files\Microsoft\jdk-11.0.20.8-hotspot\bin\management.dll
0x00007ff9a9750000 - 0x00007ff9a975b000 	C:\Program Files\Microsoft\jdk-11.0.20.8-hotspot\bin\management_ext.dll
0x00007ff9bf1e0000 - 0x00007ff9bf1f8000 	C:\WINDOWS\SYSTEM32\CRYPTSP.dll
0x00007ff9be900000 - 0x00007ff9be934000 	C:\WINDOWS\system32\rsaenh.dll
0x00007ff9bf860000 - 0x00007ff9bf88e000 	C:\WINDOWS\SYSTEM32\USERENV.dll
0x00007ff9bf200000 - 0x00007ff9bf20c000 	C:\WINDOWS\SYSTEM32\CRYPTBASE.dll
0x00007ff9bece0000 - 0x00007ff9bed1b000 	C:\WINDOWS\SYSTEM32\IPHLPAPI.DLL
0x00007ff9c1910000 - 0x00007ff9c1918000 	C:\WINDOWS\System32\NSI.dll
0x00007ff9b3c10000 - 0x00007ff9b3c27000 	C:\WINDOWS\SYSTEM32\dhcpcsvc6.DLL
0x00007ff9b43b0000 - 0x00007ff9b43cd000 	C:\WINDOWS\SYSTEM32\dhcpcsvc.DLL
0x00007ff9bed20000 - 0x00007ff9bedea000 	C:\WINDOWS\SYSTEM32\DNSAPI.dll

dbghelp: loaded successfully - version: 4.0.5 - missing functions: none
symbol engine: initialized successfully - sym options: 0x614 - pdb path: .;C:\Program Files\Microsoft\jdk-11.0.20.8-hotspot\bin;C:\WINDOWS\SYSTEM32;C:\WINDOWS\WinSxS\amd64_microsoft.windows.common-controls_6595b64144ccf1df_6.0.19041.3570_none_60bb2a3971f3e41a;C:\Program Files\NVIDIA Corporation\CoProcManager;C:\Program Files\Microsoft\jdk-11.0.20.8-hotspot\bin\server;C:\Users\YAHIYAH\.gradle\native\68d5fa5c4cc2d200863cafc0d521ce42e7d3e7ee720ec0a83991735586a16f82\windows-amd64;C:\Users\YAHIYAH\.gradle\native\e376f236ea51e6404a007f0833ffe2c6e607c4080706a723a18a27aeea778392\windows-amd64

VM Arguments:
jvm_args: -XX:MaxMetaspaceSize=512m --add-opens=java.base/java.util=ALL-UNNAMED --add-opens=java.base/java.lang=ALL-UNNAMED --add-opens=java.base/java.lang.invoke=ALL-UNNAMED --add-opens=java.prefs/java.util.prefs=ALL-UNNAMED --add-opens=java.base/java.nio.charset=ALL-UNNAMED --add-opens=java.base/java.net=ALL-UNNAMED --add-opens=java.base/java.util.concurrent.atomic=ALL-UNNAMED -Xmx2048m -Dfile.encoding=windows-1252 -Duser.country=US -Duser.language=en -Duser.variant 
java_command: org.gradle.launcher.daemon.bootstrap.GradleDaemon 8.0.1
java_class_path (initial): C:\Users\YAHIYAH\.gradle\wrapper\dists\gradle-8.0.1-all\aro4hu1c3oeioove7l0i4i14o\gradle-8.0.1\lib\gradle-launcher-8.0.1.jar
Launcher Type: SUN_STANDARD

[Global flags]
     intx CICompilerCount                          = 3                                         {product} {ergonomic}
   size_t CompressedClassSpaceSize                 = 528482304                                 {product} {ergonomic}
     uint ConcGCThreads                            = 1                                         {product} {ergonomic}
     uint G1ConcRefinementThreads                  = 4                                         {product} {ergonomic}
   size_t G1HeapRegionSize                         = 1048576                                   {product} {ergonomic}
    uintx GCDrainStackTargetSize                   = 64                                        {product} {ergonomic}
   size_t InitialHeapSize                          = 130023424                                 {product} {ergonomic}
   size_t MarkStackSize                            = 4194304                                   {product} {ergonomic}
   size_t MaxHeapSize                              = 2147483648                                {product} {command line}
   size_t MaxMetaspaceSize                         = 536870912                                 {product} {command line}
   size_t MaxNewSize                               = 1287651328                                {product} {ergonomic}
   size_t MinHeapDeltaBytes                        = 1048576                                   {product} {ergonomic}
    uintx NonNMethodCodeHeapSize                   = 5830732                                {pd product} {ergonomic}
    uintx NonProfiledCodeHeapSize                  = 122913754                              {pd product} {ergonomic}
    uintx ProfiledCodeHeapSize                     = 122913754                              {pd product} {ergonomic}
    uintx ReservedCodeCacheSize                    = 251658240                              {pd product} {ergonomic}
     bool SegmentedCodeCache                       = true                                      {product} {ergonomic}
     bool UseCompressedClassPointers               = true                                 {lp64_product} {ergonomic}
     bool UseCompressedOops                        = true                                 {lp64_product} {ergonomic}
     bool UseG1GC                                  = true                                      {product} {ergonomic}
     bool UseLargePagesIndividualAllocation        = false                                  {pd product} {ergonomic}

Logging:
Log output configuration:
 #0: stdout all=warning uptime,level,tags
 #1: stderr all=off uptime,level,tags

Environment Variables:
JAVA_HOME=C:\Program Files\Microsoft\jdk-11.0.20.8-hotspot
CLASSPATH=D:\React native\Layyan\android\\gradle\wrapper\gradle-wrapper.jar
PATH=D:\React native\Layyan\node_modules\.bin;D:\React native\Layyan\node_modules\.bin;D:\React native\node_modules\.bin;D:\node_modules\.bin;C:\Program Files\nodejs\node_modules\npm\node_modules\@npmcli\run-script\lib\node-gyp-bin;D:\React native\Layyan\node_modules\.bin;D:\React native\Layyan\node_modules\.bin;D:\React native\node_modules\.bin;D:\node_modules\.bin;C:\Program Files\nodejs\node_modules\npm\node_modules\@npmcli\run-script\lib\node-gyp-bin;C:\Program Files\Microsoft\jdk-11.0.20.8-hotspot\bin;C:\Program Files\OpenLogic\jdk-11.0.20.8-hotspot\bin;C:\WINDOWS\system32;C:\WINDOWS;C:\WINDOWS\System32\Wbem;C:\WINDOWS\System32\WindowsPowerShell\v1.0\;C:\WINDOWS\System32\OpenSSH\;C:\Program Files\Microsoft SQL Server\150\Tools\Binn\;C:\Program Files\nodejs\;C:\ProgramData\chocolatey\bin;C:\Users\YAHIYAH\AppData\Local\Android\Sdk\platform-tools;C:\Program Files\OpenLogic\jdk-11.0.20.8-hotspot\;C:\Program Files\Microsoft\jdk-11.0.20.8-hotspot;C:\Users\YAHIYAH\AppData\Local\Programs\Python\Python311\Scripts\;C:\Users\YAHIYAH\AppData\Local\Programs\Python\Python311\;C:\Users\YAHIYAH\AppData\Local\Microsoft\WindowsApps;C:\Users\YAHIYAH\AppData\Local\Programs\Microsoft VS Code\bin;C:\Users\YAHIYAH\AppData\Roaming\npm;C:\Users\YAHIYAH\AppData\Local\Android\Sdk;C:\Users\YAHIYAH\AppData\Local\Android\Sdk\platform-tools;C:\Program Files\Microsoft\jdk-11.0.20.8-hotspot;
USERNAME=YAHIYAH
LANG=en_US.UTF-8
OS=Windows_NT
PROCESSOR_IDENTIFIER=Intel64 Family 6 Model 58 Stepping 9, GenuineIntel
TMP=C:\Users\YAHIYAH\AppData\Local\Temp
TEMP=C:\Users\YAHIYAH\AppData\Local\Temp



---------------  S Y S T E M  ---------------

OS: Windows 10 , 64 bit Build 19041 (10.0.19041.3570)
OS uptime: 22 days 17:11 hours

CPU:total 4 (initial active 4) (2 cores per cpu, 2 threads per core) family 6 model 58 stepping 9 microcode 0x21, cmov, cx8, fxsr, mmx, sse, sse2, sse3, ssse3, sse4.1, sse4.2, popcnt, avx, clmul, erms, ht, tsc, tscinvbit, tscinv

Memory: 4k page, system-wide physical 7893M (120M free)
TotalPageFile size 32469M (AvailPageFile size 0M)
current process WorkingSet (physical memory assigned to process): 142M, peak: 150M
current process commit charge ("private bytes"): 282M, peak: 284M

vm_info: OpenJDK 64-Bit Server VM (11.0.20+8-LTS) for windows-amd64 JRE (11.0.20+8-LTS), built on Jul  7 2023 17:05:21 by "MicrosoftCorporation" with MS VC++ 15.9 (VS2017)

END.
