#
# There is insufficient memory for the Java Runtime Environment to continue.
# Native memory allocation (mmap) failed to map 67108864 bytes for Failed to commit area from 0x00000000fc000000 to 0x0000000100000000 of length 67108864.
# Possible reasons:
#   The system is out of physical RAM or swap space
#   The process is running with CompressedOops enabled, and the Java Heap may be blocking the growth of the native heap
# Possible solutions:
#   Reduce memory load on the system
#   Increase physical memory or swap space
#   Check if swap backing store is full
#   Decrease Java heap size (-Xmx/-Xms)
#   Decrease number of Java threads
#   Decrease Java thread stack sizes (-Xss)
#   Set larger code cache with -XX:ReservedCodeCacheSize=
# This output file may be truncated or incomplete.
#
#  Out of Memory Error (os_windows.cpp:3386), pid=14956, tid=8944
#
# JRE version:  (11.0.20+8) (build )
# Java VM: OpenJDK 64-Bit Server VM (11.0.20+8-LTS, mixed mode, sharing, tiered, compressed oops, g1 gc, windows-amd64)
# No core dump will be written. Minidumps are not enabled by default on client versions of Windows
#

---------------  S U M M A R Y ------------

Command Line: -Xmx64m -Xms64m -Dorg.gradle.appname=gradlew org.gradle.wrapper.GradleWrapperMain app:installDebug -PreactNativeDevServerPort=8081

Host: Intel(R) Core(TM) i5-3230M CPU @ 2.60GHz, 4 cores, 7G,  Windows 10 , 64 bit Build 19041 (10.0.19041.3570)
Time: Tue Dec  5 17:21:05 2023 Pakistan Standard Time elapsed time: 8.964771 seconds (0d 0h 0m 8s)

---------------  T H R E A D  ---------------

Current thread (0x0000026bb33df000):  JavaThread "Unknown thread" [_thread_in_vm, id=8944, stack(0x000000b4ef600000,0x000000b4ef700000)]

Stack: [0x000000b4ef600000,0x000000b4ef700000]
Native frames: (J=compiled Java code, j=interpreted, Vv=VM code, C=native code)
V  [jvm.dll+0x62e9da]
V  [jvm.dll+0x7bc4e9]
V  [jvm.dll+0x7bdbd8]
V  [jvm.dll+0x7be2b3]
V  [jvm.dll+0x2505a8]
V  [jvm.dll+0x62bcea]
V  [jvm.dll+0x6202a5]
V  [jvm.dll+0x30decc]
V  [jvm.dll+0x30dd52]
V  [jvm.dll+0x312a66]
V  [jvm.dll+0x358b0f]
V  [jvm.dll+0x358540]
V  [jvm.dll+0x2eae38]
V  [jvm.dll+0x2ebf96]
V  [jvm.dll+0x7962f7]
V  [jvm.dll+0x797a7f]
V  [jvm.dll+0x365879]
V  [jvm.dll+0x779130]
V  [jvm.dll+0x3d4c1f]
V  [jvm.dll+0x3d6fb1]
C  [jli.dll+0x5227]
C  [ucrtbase.dll+0x21bb2]
C  [KERNEL32.DLL+0x17344]
C  [ntdll.dll+0x526b1]


---------------  P R O C E S S  ---------------

Threads class SMR info:
_java_thread_list=0x0000026bb1321080, length=0, elements={
}

Java Threads: ( => current thread )

Other Threads:
  0x0000026bb33f6000 GCTaskThread "GC Thread#0" [stack: 0x000000b4ef700000,0x000000b4ef800000] [id=26404]
  0x0000026bb3400000 ConcurrentGCThread "G1 Main Marker" [stack: 0x000000b4ef800000,0x000000b4ef900000] [id=16724]
  0x0000026bb3401800 ConcurrentGCThread "G1 Conc#0" [stack: 0x000000b4ef900000,0x000000b4efa00000] [id=31628]

[error occurred during error reporting (printing all threads), id 0xc0000005, EXCEPTION_ACCESS_VIOLATION (0xc0000005) at pc=0x00007ff96c92a677]

VM state:not at safepoint (not fully initialized)

VM Mutex/Monitor currently owned by a thread:  ([mutex/lock_event])
[0x0000026bb33dd3e0] Heap_lock - owner thread: 0x0000026bb33df000

Heap address: 0x00000000fc000000, size: 64 MB, Compressed Oops mode: Non-zero based: 0x00000000fc000000
Narrow klass base: 0x0000000000000000, Narrow klass shift: 0

GC Heap History (0 events):
No events

Deoptimization events (0 events):
No events

Classes redefined (0 events):
No events

Internal exceptions (0 events):
No events

Events (1 events):
Event: 1.662 Loaded shared library C:\Program Files\Microsoft\jdk-11.0.20.8-hotspot\bin\zip.dll


Dynamic libraries:
0x00007ff61d5b0000 - 0x00007ff61d5bd000 	C:\Program Files\Microsoft\jdk-11.0.20.8-hotspot\bin\java.exe
0x00007ff9c2290000 - 0x00007ff9c2487000 	C:\WINDOWS\SYSTEM32\ntdll.dll
0x00007ff9c0c10000 - 0x00007ff9c0ccd000 	C:\WINDOWS\System32\KERNEL32.DLL
0x00007ff9bf970000 - 0x00007ff9bfc66000 	C:\WINDOWS\System32\KERNELBASE.dll
0x00007ff9bfc70000 - 0x00007ff9bfd70000 	C:\WINDOWS\System32\ucrtbase.dll
0x00007ff9ab160000 - 0x00007ff9ab177000 	C:\Program Files\Microsoft\jdk-11.0.20.8-hotspot\bin\jli.dll
0x00007ff9c20b0000 - 0x00007ff9c224e000 	C:\WINDOWS\System32\USER32.dll
0x00007ff9bfec0000 - 0x00007ff9bfee2000 	C:\WINDOWS\System32\win32u.dll
0x00007ff9c0e50000 - 0x00007ff9c0e7c000 	C:\WINDOWS\System32\GDI32.dll
0x00007ff9c0050000 - 0x00007ff9c016a000 	C:\WINDOWS\System32\gdi32full.dll
0x00007ff9bfe20000 - 0x00007ff9bfebd000 	C:\WINDOWS\System32\msvcp_win.dll
0x00007ff9aa6e0000 - 0x00007ff9aa6f5000 	C:\Program Files\Microsoft\jdk-11.0.20.8-hotspot\bin\VCRUNTIME140.dll
0x00007ff9b4440000 - 0x00007ff9b46da000 	C:\WINDOWS\WinSxS\amd64_microsoft.windows.common-controls_6595b64144ccf1df_6.0.19041.3570_none_60bb2a3971f3e41a\COMCTL32.dll
0x00007ff9c07c0000 - 0x00007ff9c085e000 	C:\WINDOWS\System32\msvcrt.dll
0x00007ff9c2070000 - 0x00007ff9c20a0000 	C:\WINDOWS\System32\IMM32.DLL
0x00007ff9bf6c0000 - 0x00007ff9bf6f1000 	C:\Windows\system32\nvinitx.dll
0x00007ff9c0640000 - 0x00007ff9c06ee000 	C:\WINDOWS\System32\ADVAPI32.dll
0x00007ff9c1030000 - 0x00007ff9c10cc000 	C:\WINDOWS\System32\sechost.dll
0x00007ff9c04b0000 - 0x00007ff9c05d6000 	C:\WINDOWS\System32\RPCRT4.dll
0x00007ff9bf6b0000 - 0x00007ff9bf6ba000 	C:\WINDOWS\SYSTEM32\VERSION.dll
0x000000000f000000 - 0x000000000f006000 	C:\Program Files\NVIDIA Corporation\CoProcManager\_etoured.dll
0x00007ff9bb7c0000 - 0x00007ff9bb7f2000 	C:\Program Files\NVIDIA Corporation\CoProcManager\nvd3d9wrapx.dll
0x00007ff9c14a0000 - 0x00007ff9c190e000 	C:\WINDOWS\System32\SETUPAPI.dll
0x00007ff9c0230000 - 0x00007ff9c027e000 	C:\WINDOWS\System32\cfgmgr32.dll
0x00007ff9c0170000 - 0x00007ff9c0197000 	C:\WINDOWS\System32\bcrypt.dll
0x00007ff9bb410000 - 0x00007ff9bb432000 	C:\Program Files\NVIDIA Corporation\CoProcManager\nvdxgiwrapx.dll
0x00007ff98e300000 - 0x00007ff98e39b000 	C:\Program Files\Microsoft\jdk-11.0.20.8-hotspot\bin\msvcp140.dll
0x00007ff96c630000 - 0x00007ff96d1c6000 	C:\Program Files\Microsoft\jdk-11.0.20.8-hotspot\bin\server\jvm.dll
0x00007ff9c20a0000 - 0x00007ff9c20a8000 	C:\WINDOWS\System32\PSAPI.DLL
0x00007ff9ab770000 - 0x00007ff9ab779000 	C:\WINDOWS\SYSTEM32\WSOCK32.dll
0x00007ff9c10d0000 - 0x00007ff9c113b000 	C:\WINDOWS\System32\WS2_32.dll
0x00007ff9b46f0000 - 0x00007ff9b4717000 	C:\WINDOWS\SYSTEM32\WINMM.dll
0x00007ff9bd7c0000 - 0x00007ff9bd7d2000 	C:\WINDOWS\SYSTEM32\kernel.appcore.dll
0x00007ff9ab6c0000 - 0x00007ff9ab6d0000 	C:\Program Files\Microsoft\jdk-11.0.20.8-hotspot\bin\verify.dll
0x00007ff9b1bc0000 - 0x00007ff9b1da4000 	C:\WINDOWS\SYSTEM32\DBGHELP.DLL
0x00007ff9b1b80000 - 0x00007ff9b1bb4000 	C:\WINDOWS\SYSTEM32\dbgcore.DLL
0x00007ff9c01a0000 - 0x00007ff9c0222000 	C:\WINDOWS\System32\bcryptPrimitives.dll
0x00007ff9a05c0000 - 0x00007ff9a05e8000 	C:\Program Files\Microsoft\jdk-11.0.20.8-hotspot\bin\java.dll
0x00007ff9ab540000 - 0x00007ff9ab54a000 	C:\Program Files\Microsoft\jdk-11.0.20.8-hotspot\bin\jimage.dll
0x00007ff9aa480000 - 0x00007ff9aa498000 	C:\Program Files\Microsoft\jdk-11.0.20.8-hotspot\bin\zip.dll

dbghelp: loaded successfully - version: 4.0.5 - missing functions: none
symbol engine: initialized successfully - sym options: 0x614 - pdb path: .;C:\Program Files\Microsoft\jdk-11.0.20.8-hotspot\bin;C:\WINDOWS\SYSTEM32;C:\WINDOWS\WinSxS\amd64_microsoft.windows.common-controls_6595b64144ccf1df_6.0.19041.3570_none_60bb2a3971f3e41a;C:\Program Files\NVIDIA Corporation\CoProcManager;C:\Program Files\Microsoft\jdk-11.0.20.8-hotspot\bin\server

VM Arguments:
jvm_args: -Xmx64m -Xms64m -Dorg.gradle.appname=gradlew 
java_command: org.gradle.wrapper.GradleWrapperMain app:installDebug -PreactNativeDevServerPort=8081
java_class_path (initial): D:\React native\Layyan\android\\gradle\wrapper\gradle-wrapper.jar
Launcher Type: SUN_STANDARD

[Global flags]
     intx CICompilerCount                          = 3                                         {product} {ergonomic}
     uint ConcGCThreads                            = 1                                         {product} {ergonomic}
     uint G1ConcRefinementThreads                  = 4                                         {product} {ergonomic}
   size_t G1HeapRegionSize                         = 1048576                                   {product} {ergonomic}
    uintx GCDrainStackTargetSize                   = 64                                        {product} {ergonomic}
   size_t InitialHeapSize                          = 67108864                                  {product} {command line}
   size_t MarkStackSize                            = 4194304                                   {product} {ergonomic}
   size_t MaxHeapSize                              = 67108864                                  {product} {command line}
   size_t MinHeapDeltaBytes                        = 1048576                                   {product} {ergonomic}
    uintx NonNMethodCodeHeapSize                   = 5830732                                {pd product} {ergonomic}
    uintx NonProfiledCodeHeapSize                  = 122913754                              {pd product} {ergonomic}
    uintx ProfiledCodeHeapSize                     = 122913754                              {pd product} {ergonomic}
    uintx ReservedCodeCacheSize                    = 251658240                              {pd product} {ergonomic}
     bool SegmentedCodeCache                       = true                                      {product} {ergonomic}
     bool UseCompressedClassPointers               = true                                 {lp64_product} {ergonomic}
     bool UseCompressedOops                        = true                                 {lp64_product} {ergonomic}
     bool UseG1GC                                  = true                                      {product} {ergonomic}
     bool UseLargePagesIndividualAllocation        = false                                  {pd product} {ergonomic}

Logging:
Log output configuration:
 #0: stdout all=warning uptime,level,tags
 #1: stderr all=off uptime,level,tags

Environment Variables:
JAVA_HOME=C:\Program Files\Microsoft\jdk-11.0.20.8-hotspot
CLASSPATH=D:\React native\Layyan\android\\gradle\wrapper\gradle-wrapper.jar
PATH=D:\React native\Layyan\node_modules\.bin;D:\React native\Layyan\node_modules\.bin;D:\React native\node_modules\.bin;D:\node_modules\.bin;C:\Program Files\nodejs\node_modules\npm\node_modules\@npmcli\run-script\lib\node-gyp-bin;D:\React native\Layyan\node_modules\.bin;D:\React native\Layyan\node_modules\.bin;D:\React native\node_modules\.bin;D:\node_modules\.bin;C:\Program Files\nodejs\node_modules\npm\node_modules\@npmcli\run-script\lib\node-gyp-bin;C:\Program Files\Microsoft\jdk-11.0.20.8-hotspot\bin;C:\Program Files\OpenLogic\jdk-11.0.20.8-hotspot\bin;C:\WINDOWS\system32;C:\WINDOWS;C:\WINDOWS\System32\Wbem;C:\WINDOWS\System32\WindowsPowerShell\v1.0\;C:\WINDOWS\System32\OpenSSH\;C:\Program Files\Microsoft SQL Server\150\Tools\Binn\;C:\Program Files\nodejs\;C:\ProgramData\chocolatey\bin;C:\Users\YAHIYAH\AppData\Local\Android\Sdk\platform-tools;C:\Program Files\OpenLogic\jdk-11.0.20.8-hotspot\;C:\Program Files\Microsoft\jdk-11.0.20.8-hotspot;C:\Users\YAHIYAH\AppData\Local\Programs\Python\Python311\Scripts\;C:\Users\YAHIYAH\AppData\Local\Programs\Python\Python311\;C:\Users\YAHIYAH\AppData\Local\Microsoft\WindowsApps;C:\Users\YAHIYAH\AppData\Local\Programs\Microsoft VS Code\bin;C:\Users\YAHIYAH\AppData\Roaming\npm;C:\Users\YAHIYAH\AppData\Local\Android\Sdk;C:\Users\YAHIYAH\AppData\Local\Android\Sdk\platform-tools;C:\Program Files\Microsoft\jdk-11.0.20.8-hotspot;
USERNAME=YAHIYAH
LANG=en_US.UTF-8
OS=Windows_NT
PROCESSOR_IDENTIFIER=Intel64 Family 6 Model 58 Stepping 9, GenuineIntel
TMP=C:\Users\YAHIYAH\AppData\Local\Temp
TEMP=C:\Users\YAHIYAH\AppData\Local\Temp



---------------  S Y S T E M  ---------------

OS: Windows 10 , 64 bit Build 19041 (10.0.19041.3570)
OS uptime: 22 days 17:05 hours

CPU:total 4 (initial active 4) (2 cores per cpu, 2 threads per core) family 6 model 58 stepping 9 microcode 0x21, cmov, cx8, fxsr, mmx, sse, sse2, sse3, ssse3, sse4.1, sse4.2, popcnt, avx, clmul, erms, ht, tsc, tscinvbit, tscinv

Memory: 4k page, system-wide physical 7893M (105M free)
TotalPageFile size 32469M (AvailPageFile size 58M)
current process WorkingSet (physical memory assigned to process): 10M, peak: 10M
current process commit charge ("private bytes"): 51M, peak: 115M

vm_info: OpenJDK 64-Bit Server VM (11.0.20+8-LTS) for windows-amd64 JRE (11.0.20+8-LTS), built on Jul  7 2023 17:05:21 by "MicrosoftCorporation" with MS VC++ 15.9 (VS2017)

END.
