#
# There is insufficient memory for the Java Runtime Environment to continue.
# Native memory allocation (malloc) failed to allocate 108816 bytes for Chunk::new
# Possible reasons:
#   The system is out of physical RAM or swap space
#   The process is running with CompressedOops enabled, and the Java Heap may be blocking the growth of the native heap
# Possible solutions:
#   Reduce memory load on the system
#   Increase physical memory or swap space
#   Check if swap backing store is full
#   Decrease Java heap size (-Xmx/-Xms)
#   Decrease number of Java threads
#   Decrease Java thread stack sizes (-Xss)
#   Set larger code cache with -XX:ReservedCodeCacheSize=
#   JVM is running with Unscaled Compressed Oops mode in which the Java heap is
#     placed in the first 4GB address space. The Java Heap base address is the
#     maximum limit for the native heap growth. Please use -XX:HeapBaseMinAddress
#     to set the Java Heap base and to place the Java Heap above 4GB virtual address.
# This output file may be truncated or incomplete.
#
#  Out of Memory Error (arena.cpp:197), pid=30516, tid=20712
#
# JRE version: OpenJDK Runtime Environment Microsoft-8035250 (11.0.20+8) (build 11.0.20+8-LTS)
# Java VM: OpenJDK 64-Bit Server VM Microsoft-8035250 (11.0.20+8-LTS, mixed mode, tiered, compressed oops, g1 gc, windows-amd64)
# No core dump will be written. Minidumps are not enabled by default on client versions of Windows
#

---------------  S U M M A R Y ------------

Command Line: -Xmx64m -Xms64m -Dorg.gradle.appname=gradlew org.gradle.wrapper.GradleWrapperMain app:installDebug -PreactNativeDevServerPort=8081

Host: Intel(R) Core(TM) i5-3230M CPU @ 2.60GHz, 4 cores, 7G,  Windows 10 , 64 bit Build 19041 (10.0.19041.3570)
Time: Tue Dec  5 17:23:54 2023 Pakistan Standard Time elapsed time: 208.583044 seconds (0d 0h 3m 28s)

---------------  T H R E A D  ---------------

Current thread (0x0000019bd8c93000):  JavaThread "C2 CompilerThread0" daemon [_thread_in_native, id=20712, stack(0x00000048be200000,0x00000048be300000)]


Current CompileTask:
C2: 208583 1270       4       java.util.jar.Manifest$FastInputStream::readLine (296 bytes)

Stack: [0x00000048be200000,0x00000048be300000]
Native frames: (J=compiled Java code, j=interpreted, Vv=VM code, C=native code)
V  [jvm.dll+0x62e9da]
V  [jvm.dll+0x7bc4e9]
V  [jvm.dll+0x7bdbd8]
V  [jvm.dll+0x7be2b3]
V  [jvm.dll+0x2505a8]
V  [jvm.dll+0xc263c]
V  [jvm.dll+0xc2bfc]
V  [jvm.dll+0x35fd82]
V  [jvm.dll+0x32bf13]
V  [jvm.dll+0x32b24a]
V  [jvm.dll+0x2097e3]
V  [jvm.dll+0x20893d]
V  [jvm.dll+0x18a7de]
V  [jvm.dll+0x2181ec]
V  [jvm.dll+0x21642b]
V  [jvm.dll+0x77efc0]
V  [jvm.dll+0x777db4]
V  [jvm.dll+0x62d845]
C  [ucrtbase.dll+0x21bb2]
C  [KERNEL32.DLL+0x17344]
C  [ntdll.dll+0x526b1]


---------------  P R O C E S S  ---------------

Threads class SMR info:
_java_thread_list=0x0000019bda1036b0, length=11, elements={
0x0000019bbee5f000, 0x0000019bd8c6e800, 0x0000019bd8c70000, 0x0000019bd8c8e000,
0x0000019bd8c90000, 0x0000019bd8c91000, 0x0000019bd8c93000, 0x0000019bd8cab800,
0x0000019bd8cdb800, 0x0000019bd96fd800, 0x0000019bda132000
}

Java Threads: ( => current thread )
  0x0000019bbee5f000 JavaThread "main" [_thread_in_native, id=34576, stack(0x00000048bd500000,0x00000048bd600000)]
  0x0000019bd8c6e800 JavaThread "Reference Handler" daemon [_thread_blocked, id=22040, stack(0x00000048bdd00000,0x00000048bde00000)]
  0x0000019bd8c70000 JavaThread "Finalizer" daemon [_thread_blocked, id=30184, stack(0x00000048bde00000,0x00000048bdf00000)]
  0x0000019bd8c8e000 JavaThread "Signal Dispatcher" daemon [_thread_blocked, id=34148, stack(0x00000048bdf00000,0x00000048be000000)]
  0x0000019bd8c90000 JavaThread "Attach Listener" daemon [_thread_blocked, id=25128, stack(0x00000048be000000,0x00000048be100000)]
  0x0000019bd8c91000 JavaThread "Service Thread" daemon [_thread_blocked, id=30272, stack(0x00000048be100000,0x00000048be200000)]
=>0x0000019bd8c93000 JavaThread "C2 CompilerThread0" daemon [_thread_in_native, id=20712, stack(0x00000048be200000,0x00000048be300000)]
  0x0000019bd8cab800 JavaThread "C1 CompilerThread0" daemon [_thread_blocked, id=25160, stack(0x00000048be300000,0x00000048be400000)]
  0x0000019bd8cdb800 JavaThread "Sweeper thread" daemon [_thread_blocked, id=32616, stack(0x00000048be400000,0x00000048be500000)]
  0x0000019bd96fd800 JavaThread "Common-Cleaner" daemon [_thread_blocked, id=21344, stack(0x00000048be600000,0x00000048be700000)]
  0x0000019bda132000 JavaThread "pool-1-thread-1" [_thread_blocked, id=30868, stack(0x00000048bd400000,0x00000048bd500000)]

Other Threads:
  0x0000019bd8c47000 VMThread "VM Thread" [stack: 0x00000048bdc00000,0x00000048bdd00000] [id=34580]
  0x0000019bd96a6800 WatcherThread [stack: 0x00000048be500000,0x00000048be600000] [id=31284]
  0x0000019bbee76800 GCTaskThread "GC Thread#0" [stack: 0x00000048bd700000,0x00000048bd800000] [id=4136]
  0x0000019bd989d000 GCTaskThread "GC Thread#1" [stack: 0x00000048be700000,0x00000048be800000] [id=944]
  0x0000019bbee80000 ConcurrentGCThread "G1 Main Marker" [stack: 0x00000048bd800000,0x00000048bd900000] [id=17548]
  0x0000019bbee81800 ConcurrentGCThread "G1 Conc#0" [stack: 0x00000048bd900000,0x00000048bda00000] [id=16040]
  0x0000019bbeed5800 ConcurrentGCThread "G1 Refine#0" [stack: 0x00000048bda00000,0x00000048bdb00000] [id=32360]
  0x0000019bbeed6800 ConcurrentGCThread "G1 Young RemSet Sampling" [stack: 0x00000048bdb00000,0x00000048bdc00000] [id=32404]

Threads with active compile tasks:
C2 CompilerThread0   208638 1270       4       java.util.jar.Manifest$FastInputStream::readLine (296 bytes)

VM state:not at safepoint (normal execution)

VM Mutex/Monitor currently owned by a thread: None

Heap address: 0x00000000fc000000, size: 64 MB, Compressed Oops mode: 32-bit
Narrow klass base: 0x0000000000000000, Narrow klass shift: 3
Compressed class space size: 1073741824 Address: 0x0000000100000000

Heap:
 garbage-first heap   total 65536K, used 34052K [0x00000000fc000000, 0x0000000100000000)
  region size 1024K, 30 young (30720K), 2 survivors (2048K)
 Metaspace       used 14800K, capacity 15116K, committed 15232K, reserved 1062912K
  class space    used 1670K, capacity 1808K, committed 1920K, reserved 1048576K
Heap Regions: E=young(eden), S=young(survivor), O=old, HS=humongous(starts), HC=humongous(continues), CS=collection set, F=free, A=archive, TAMS=top-at-mark-start (previous, next)
|   0|0x00000000fc000000, 0x00000000fc100000, 0x00000000fc100000|100%| O|  |TAMS 0x00000000fc000000, 0x00000000fc000000| Untracked 
|   1|0x00000000fc100000, 0x00000000fc141200, 0x00000000fc200000| 25%| O|  |TAMS 0x00000000fc100000, 0x00000000fc100000| Untracked 
|   2|0x00000000fc200000, 0x00000000fc300000, 0x00000000fc300000|100%|HS|  |TAMS 0x00000000fc200000, 0x00000000fc200000| Complete 
|   3|0x00000000fc300000, 0x00000000fc400000, 0x00000000fc400000|100%|HC|  |TAMS 0x00000000fc300000, 0x00000000fc300000| Complete 
|   4|0x00000000fc400000, 0x00000000fc500000, 0x00000000fc500000|100%|HC|  |TAMS 0x00000000fc400000, 0x00000000fc400000| Complete 
|   5|0x00000000fc500000, 0x00000000fc600000, 0x00000000fc600000|100%|HC|  |TAMS 0x00000000fc500000, 0x00000000fc500000| Complete 
|   6|0x00000000fc600000, 0x00000000fc600000, 0x00000000fc700000|  0%| F|  |TAMS 0x00000000fc600000, 0x00000000fc600000| Untracked 
|   7|0x00000000fc700000, 0x00000000fc700000, 0x00000000fc800000|  0%| F|  |TAMS 0x00000000fc700000, 0x00000000fc700000| Untracked 
|   8|0x00000000fc800000, 0x00000000fc800000, 0x00000000fc900000|  0%| F|  |TAMS 0x00000000fc800000, 0x00000000fc800000| Untracked 
|   9|0x00000000fc900000, 0x00000000fc900000, 0x00000000fca00000|  0%| F|  |TAMS 0x00000000fc900000, 0x00000000fc900000| Untracked 
|  10|0x00000000fca00000, 0x00000000fca00000, 0x00000000fcb00000|  0%| F|  |TAMS 0x00000000fca00000, 0x00000000fca00000| Untracked 
|  11|0x00000000fcb00000, 0x00000000fcb00000, 0x00000000fcc00000|  0%| F|  |TAMS 0x00000000fcb00000, 0x00000000fcb00000| Untracked 
|  12|0x00000000fcc00000, 0x00000000fcc00000, 0x00000000fcd00000|  0%| F|  |TAMS 0x00000000fcc00000, 0x00000000fcc00000| Untracked 
|  13|0x00000000fcd00000, 0x00000000fcd00000, 0x00000000fce00000|  0%| F|  |TAMS 0x00000000fcd00000, 0x00000000fcd00000| Untracked 
|  14|0x00000000fce00000, 0x00000000fce00000, 0x00000000fcf00000|  0%| F|  |TAMS 0x00000000fce00000, 0x00000000fce00000| Untracked 
|  15|0x00000000fcf00000, 0x00000000fcf00000, 0x00000000fd000000|  0%| F|  |TAMS 0x00000000fcf00000, 0x00000000fcf00000| Untracked 
|  16|0x00000000fd000000, 0x00000000fd000000, 0x00000000fd100000|  0%| F|  |TAMS 0x00000000fd000000, 0x00000000fd000000| Untracked 
|  17|0x00000000fd100000, 0x00000000fd100000, 0x00000000fd200000|  0%| F|  |TAMS 0x00000000fd100000, 0x00000000fd100000| Untracked 
|  18|0x00000000fd200000, 0x00000000fd200000, 0x00000000fd300000|  0%| F|  |TAMS 0x00000000fd200000, 0x00000000fd200000| Untracked 
|  19|0x00000000fd300000, 0x00000000fd300000, 0x00000000fd400000|  0%| F|  |TAMS 0x00000000fd300000, 0x00000000fd300000| Untracked 
|  20|0x00000000fd400000, 0x00000000fd400000, 0x00000000fd500000|  0%| F|  |TAMS 0x00000000fd400000, 0x00000000fd400000| Untracked 
|  21|0x00000000fd500000, 0x00000000fd500000, 0x00000000fd600000|  0%| F|  |TAMS 0x00000000fd500000, 0x00000000fd500000| Untracked 
|  22|0x00000000fd600000, 0x00000000fd600000, 0x00000000fd700000|  0%| F|  |TAMS 0x00000000fd600000, 0x00000000fd600000| Untracked 
|  23|0x00000000fd700000, 0x00000000fd700000, 0x00000000fd800000|  0%| F|  |TAMS 0x00000000fd700000, 0x00000000fd700000| Untracked 
|  24|0x00000000fd800000, 0x00000000fd800000, 0x00000000fd900000|  0%| F|  |TAMS 0x00000000fd800000, 0x00000000fd800000| Untracked 
|  25|0x00000000fd900000, 0x00000000fd900000, 0x00000000fda00000|  0%| F|  |TAMS 0x00000000fd900000, 0x00000000fd900000| Untracked 
|  26|0x00000000fda00000, 0x00000000fda00000, 0x00000000fdb00000|  0%| F|  |TAMS 0x00000000fda00000, 0x00000000fda00000| Untracked 
|  27|0x00000000fdb00000, 0x00000000fdb00000, 0x00000000fdc00000|  0%| F|  |TAMS 0x00000000fdb00000, 0x00000000fdb00000| Untracked 
|  28|0x00000000fdc00000, 0x00000000fdc00000, 0x00000000fdd00000|  0%| F|  |TAMS 0x00000000fdc00000, 0x00000000fdc00000| Untracked 
|  29|0x00000000fdd00000, 0x00000000fdd00000, 0x00000000fde00000|  0%| F|  |TAMS 0x00000000fdd00000, 0x00000000fdd00000| Untracked 
|  30|0x00000000fde00000, 0x00000000fde00000, 0x00000000fdf00000|  0%| F|  |TAMS 0x00000000fde00000, 0x00000000fde00000| Untracked 
|  31|0x00000000fdf00000, 0x00000000fdf00000, 0x00000000fe000000|  0%| F|  |TAMS 0x00000000fdf00000, 0x00000000fdf00000| Untracked 
|  32|0x00000000fe000000, 0x00000000fe000000, 0x00000000fe100000|  0%| F|  |TAMS 0x00000000fe000000, 0x00000000fe000000| Untracked 
|  33|0x00000000fe100000, 0x00000000fe100000, 0x00000000fe200000|  0%| F|  |TAMS 0x00000000fe100000, 0x00000000fe100000| Untracked 
|  34|0x00000000fe200000, 0x00000000fe280800, 0x00000000fe300000| 50%| E|  |TAMS 0x00000000fe200000, 0x00000000fe200000| Complete 
|  35|0x00000000fe300000, 0x00000000fe400000, 0x00000000fe400000|100%| E|CS|TAMS 0x00000000fe300000, 0x00000000fe300000| Complete 
|  36|0x00000000fe400000, 0x00000000fe500000, 0x00000000fe500000|100%| E|CS|TAMS 0x00000000fe400000, 0x00000000fe400000| Complete 
|  37|0x00000000fe500000, 0x00000000fe600000, 0x00000000fe600000|100%| E|CS|TAMS 0x00000000fe500000, 0x00000000fe500000| Complete 
|  38|0x00000000fe600000, 0x00000000fe700000, 0x00000000fe700000|100%| E|CS|TAMS 0x00000000fe600000, 0x00000000fe600000| Complete 
|  39|0x00000000fe700000, 0x00000000fe800000, 0x00000000fe800000|100%| E|CS|TAMS 0x00000000fe700000, 0x00000000fe700000| Complete 
|  40|0x00000000fe800000, 0x00000000fe900000, 0x00000000fe900000|100%| E|CS|TAMS 0x00000000fe800000, 0x00000000fe800000| Complete 
|  41|0x00000000fe900000, 0x00000000fea00000, 0x00000000fea00000|100%| E|CS|TAMS 0x00000000fe900000, 0x00000000fe900000| Complete 
|  42|0x00000000fea00000, 0x00000000feb00000, 0x00000000feb00000|100%| E|CS|TAMS 0x00000000fea00000, 0x00000000fea00000| Complete 
|  43|0x00000000feb00000, 0x00000000fec00000, 0x00000000fec00000|100%| E|CS|TAMS 0x00000000feb00000, 0x00000000feb00000| Complete 
|  44|0x00000000fec00000, 0x00000000fed00000, 0x00000000fed00000|100%| E|CS|TAMS 0x00000000fec00000, 0x00000000fec00000| Complete 
|  45|0x00000000fed00000, 0x00000000fee00000, 0x00000000fee00000|100%| E|CS|TAMS 0x00000000fed00000, 0x00000000fed00000| Complete 
|  46|0x00000000fee00000, 0x00000000fef00000, 0x00000000fef00000|100%| E|CS|TAMS 0x00000000fee00000, 0x00000000fee00000| Complete 
|  47|0x00000000fef00000, 0x00000000ff000000, 0x00000000ff000000|100%| E|CS|TAMS 0x00000000fef00000, 0x00000000fef00000| Complete 
|  48|0x00000000ff000000, 0x00000000ff100000, 0x00000000ff100000|100%| S|CS|TAMS 0x00000000ff000000, 0x00000000ff000000| Complete 
|  49|0x00000000ff100000, 0x00000000ff200000, 0x00000000ff200000|100%| S|CS|TAMS 0x00000000ff100000, 0x00000000ff100000| Complete 
|  50|0x00000000ff200000, 0x00000000ff300000, 0x00000000ff300000|100%| E|CS|TAMS 0x00000000ff200000, 0x00000000ff200000| Complete 
|  51|0x00000000ff300000, 0x00000000ff400000, 0x00000000ff400000|100%| E|CS|TAMS 0x00000000ff300000, 0x00000000ff300000| Complete 
|  52|0x00000000ff400000, 0x00000000ff500000, 0x00000000ff500000|100%| E|CS|TAMS 0x00000000ff400000, 0x00000000ff400000| Complete 
|  53|0x00000000ff500000, 0x00000000ff600000, 0x00000000ff600000|100%| E|CS|TAMS 0x00000000ff500000, 0x00000000ff500000| Complete 
|  54|0x00000000ff600000, 0x00000000ff700000, 0x00000000ff700000|100%| E|CS|TAMS 0x00000000ff600000, 0x00000000ff600000| Complete 
|  55|0x00000000ff700000, 0x00000000ff800000, 0x00000000ff800000|100%| E|CS|TAMS 0x00000000ff700000, 0x00000000ff700000| Complete 
|  56|0x00000000ff800000, 0x00000000ff900000, 0x00000000ff900000|100%| E|CS|TAMS 0x00000000ff800000, 0x00000000ff800000| Complete 
|  57|0x00000000ff900000, 0x00000000ffa00000, 0x00000000ffa00000|100%| E|CS|TAMS 0x00000000ff900000, 0x00000000ff900000| Complete 
|  58|0x00000000ffa00000, 0x00000000ffb00000, 0x00000000ffb00000|100%| E|CS|TAMS 0x00000000ffa00000, 0x00000000ffa00000| Complete 
|  59|0x00000000ffb00000, 0x00000000ffc00000, 0x00000000ffc00000|100%| E|CS|TAMS 0x00000000ffb00000, 0x00000000ffb00000| Complete 
|  60|0x00000000ffc00000, 0x00000000ffd00000, 0x00000000ffd00000|100%| E|CS|TAMS 0x00000000ffc00000, 0x00000000ffc00000| Complete 
|  61|0x00000000ffd00000, 0x00000000ffe00000, 0x00000000ffe00000|100%| E|  |TAMS 0x00000000ffd00000, 0x00000000ffd00000| Complete 
|  62|0x00000000ffe00000, 0x00000000fff00000, 0x00000000fff00000|100%| E|CS|TAMS 0x00000000ffe00000, 0x00000000ffe00000| Complete 
|  63|0x00000000fff00000, 0x0000000100000000, 0x0000000100000000|100%| E|CS|TAMS 0x00000000fff00000, 0x00000000fff00000| Complete 

Card table byte_map: [0x0000019bbec40000,0x0000019bbec60000] _byte_map_base: 0x0000019bbe460000

Marking Bits (Prev, Next): (CMBitMap*) 0x0000019bbee7efe8, (CMBitMap*) 0x0000019bbee7f020
 Prev Bits: [0x0000019bbec80000, 0x0000019bbed80000)
 Next Bits: [0x0000019bd65a0000, 0x0000019bd66a0000)

Polling page: 0x0000019bbcd10000

Metaspace:

Usage:
  Non-class:     13.00 MB capacity,    12.82 MB ( 99%) used,   156.65 KB (  1%) free+waste,    21.19 KB ( <1%) overhead. 
      Class:      1.77 MB capacity,     1.63 MB ( 92%) used,   127.40 KB (  7%) free+waste,    10.44 KB ( <1%) overhead. 
       Both:     14.76 MB capacity,    14.45 MB ( 98%) used,   284.05 KB (  2%) free+waste,    31.63 KB ( <1%) overhead. 

Virtual space:
  Non-class space:       14.00 MB reserved,      13.00 MB ( 93%) committed 
      Class space:        1.00 GB reserved,       1.88 MB ( <1%) committed 
             Both:        1.01 GB reserved,      14.88 MB (  1%) committed 

Chunk freelists:
   Non-Class:  4.00 KB
       Class:  16.00 KB
        Both:  20.00 KB

MaxMetaspaceSize: 17179869184.00 GB
CompressedClassSpaceSize: 1.00 GB
Initial GC threshold: 20.80 MB
Current GC threshold: 20.80 MB
CDS: off

CodeHeap 'non-profiled nmethods': size=120064Kb used=474Kb max_used=474Kb free=119589Kb
 bounds [0x0000019bcf060000, 0x0000019bcf2d0000, 0x0000019bd65a0000]
CodeHeap 'profiled nmethods': size=120000Kb used=2509Kb max_used=2509Kb free=117490Kb
 bounds [0x0000019bc7b30000, 0x0000019bc7db0000, 0x0000019bcf060000]
CodeHeap 'non-nmethods': size=5696Kb used=1149Kb max_used=1162Kb free=4546Kb
 bounds [0x0000019bc75a0000, 0x0000019bc7810000, 0x0000019bc7b30000]
 total_blobs=1681 nmethods=1270 adapters=324
 compilation: enabled
              stopped_count=0, restarted_count=0
 full_count=0

Compilation events (20 events):
Event: 208.521 Thread 0x0000019bd8cab800 nmethod 1263 0x0000019bc7d9d790 code [0x0000019bc7d9d960, 0x0000019bc7d9dc28]
Event: 208.521 Thread 0x0000019bd8cab800 1264       3       java.util.WeakHashMap::size (18 bytes)
Event: 208.521 Thread 0x0000019bd8cab800 nmethod 1264 0x0000019bc7d9dd10 code [0x0000019bc7d9dec0, 0x0000019bc7d9e048]
Event: 208.526 Thread 0x0000019bd8cab800 1265       3       java.lang.String::<init> (127 bytes)
Event: 208.526 Thread 0x0000019bd8cab800 nmethod 1265 0x0000019bc7d9e110 code [0x0000019bc7d9e320, 0x0000019bc7d9e828]
Event: 208.527 Thread 0x0000019bd8cab800 1266       3       java.util.jar.Attributes::putValue (13 bytes)
Event: 208.530 Thread 0x0000019bd8cab800 nmethod 1266 0x0000019bc7d9ea10 code [0x0000019bc7d9ec80, 0x0000019bc7d9f6c8]
Event: 208.530 Thread 0x0000019bd8cab800 1267       3       java.util.jar.Attributes::put (18 bytes)
Event: 208.530 Thread 0x0000019bd8cab800 nmethod 1267 0x0000019bc7d9fa10 code [0x0000019bc7d9fbe0, 0x0000019bc7d9ff68]
Event: 208.531 Thread 0x0000019bd8cab800 1268       3       java.lang.String::toCharArray (25 bytes)
Event: 208.533 Thread 0x0000019bd8cab800 nmethod 1268 0x0000019bc7da0090 code [0x0000019bc7da0280, 0x0000019bc7da0738]
Event: 208.536 Thread 0x0000019bd8cab800 1269       3       sun.nio.fs.WindowsPathParser::parse (6 bytes)
Event: 208.537 Thread 0x0000019bd8cab800 nmethod 1269 0x0000019bc7da0910 code [0x0000019bc7da0ac0, 0x0000019bc7da0bc8]
Event: 208.537 Thread 0x0000019bd8c93000 1270       4       java.util.jar.Manifest$FastInputStream::readLine (296 bytes)
Event: 208.537 Thread 0x0000019bd8cab800 1271       3       java.lang.String$CaseInsensitiveComparator::compare (68 bytes)
Event: 208.538 Thread 0x0000019bd8cab800 nmethod 1271 0x0000019bc7da0c90 code [0x0000019bc7da0ec0, 0x0000019bc7da1498]
Event: 208.538 Thread 0x0000019bd8cab800 1272       3       sun.nio.fs.WindowsPath::parse (26 bytes)
Event: 208.538 Thread 0x0000019bd8cab800 nmethod 1272 0x0000019bc7da1690 code [0x0000019bc7da1880, 0x0000019bc7da1d08]
Event: 208.538 Thread 0x0000019bd8cab800 1273       3       sun.nio.fs.WindowsFileSystem::getPath (101 bytes)
Event: 208.540 Thread 0x0000019bd8cab800 nmethod 1273 0x0000019bc7da1e90 code [0x0000019bc7da2160, 0x0000019bc7da3048]

GC Heap History (2 events):
Event: 56.272 GC heap before
{Heap before GC invocations=0 (full 0):
 garbage-first heap   total 65536K, used 13312K [0x00000000fc000000, 0x0000000100000000)
  region size 1024K, 14 young (14336K), 0 survivors (0K)
 Metaspace       used 7721K, capacity 7953K, committed 8192K, reserved 1056768K
  class space    used 675K, capacity 754K, committed 768K, reserved 1048576K
}
Event: 57.410 GC heap after
{Heap after GC invocations=1 (full 0):
 garbage-first heap   total 65536K, used 3332K [0x00000000fc000000, 0x0000000100000000)
  region size 1024K, 2 young (2048K), 2 survivors (2048K)
 Metaspace       used 7721K, capacity 7953K, committed 8192K, reserved 1056768K
  class space    used 675K, capacity 754K, committed 768K, reserved 1048576K
}

Deoptimization events (20 events):
Event: 85.144 Thread 0x0000019bbee5f000 DEOPT PACKING pc=0x0000019bc7c1cf30 sp=0x00000048bd5f7ca0
Event: 85.144 Thread 0x0000019bbee5f000 DEOPT UNPACKING pc=0x0000019bc75ea95e sp=0x00000048bd5f71b8 mode 0
Event: 85.375 Thread 0x0000019bbee5f000 Uncommon trap: trap_request=0xffffff4d fr.pc=0x0000019bcf0b02e0 relative=0x00000000000001a0
Event: 85.375 Thread 0x0000019bbee5f000 Uncommon trap: reason=unstable_if action=reinterpret pc=0x0000019bcf0b02e0 method=java.util.HashMap.getNode(ILjava/lang/Object;)Ljava/util/HashMap$Node; @ 129 c2
Event: 85.375 Thread 0x0000019bbee5f000 DEOPT PACKING pc=0x0000019bcf0b02e0 sp=0x00000048bd5fa870
Event: 85.375 Thread 0x0000019bbee5f000 DEOPT UNPACKING pc=0x0000019bc75ea1af sp=0x00000048bd5fa770 mode 2
Event: 146.535 Thread 0x0000019bbee5f000 Uncommon trap: trap_request=0xffffff4d fr.pc=0x0000019bcf0ae6bc relative=0x00000000000019dc
Event: 146.535 Thread 0x0000019bbee5f000 Uncommon trap: reason=unstable_if action=reinterpret pc=0x0000019bcf0ae6bc method=java.io.WinNTFileSystem.normalize(Ljava/lang/String;)Ljava/lang/String; @ 128 c2
Event: 146.535 Thread 0x0000019bbee5f000 DEOPT PACKING pc=0x0000019bcf0ae6bc sp=0x00000048bd5fa310
Event: 146.536 Thread 0x0000019bbee5f000 DEOPT UNPACKING pc=0x0000019bc75ea1af sp=0x00000048bd5fa2e8 mode 2
Event: 206.732 Thread 0x0000019bbee5f000 Uncommon trap: trap_request=0xffffff4d fr.pc=0x0000019bcf094858 relative=0x0000000000000518
Event: 206.732 Thread 0x0000019bbee5f000 Uncommon trap: reason=unstable_if action=reinterpret pc=0x0000019bcf094858 method=java.lang.AbstractStringBuilder.append(Ljava/lang/String;)Ljava/lang/AbstractStringBuilder; @ 1 c2
Event: 206.732 Thread 0x0000019bbee5f000 DEOPT PACKING pc=0x0000019bcf094858 sp=0x00000048bd5fc850
Event: 206.733 Thread 0x0000019bbee5f000 DEOPT UNPACKING pc=0x0000019bc75ea1af sp=0x00000048bd5fc7d0 mode 2
Event: 206.735 Thread 0x0000019bbee5f000 Uncommon trap: trap_request=0xffffff4d fr.pc=0x0000019bcf0992a8 relative=0x00000000000004e8
Event: 206.735 Thread 0x0000019bbee5f000 Uncommon trap: reason=unstable_if action=reinterpret pc=0x0000019bcf0992a8 method=java.lang.AbstractStringBuilder.append(Ljava/lang/String;)Ljava/lang/AbstractStringBuilder; @ 1 c2
Event: 206.735 Thread 0x0000019bbee5f000 DEOPT PACKING pc=0x0000019bcf0992a8 sp=0x00000048bd5fc7f0
Event: 206.735 Thread 0x0000019bbee5f000 DEOPT UNPACKING pc=0x0000019bc75ea1af sp=0x00000048bd5fc7d8 mode 2
Event: 208.191 Thread 0x0000019bbee5f000 DEOPT PACKING pc=0x0000019bc7be9c21 sp=0x00000048bd5fc4d0
Event: 208.191 Thread 0x0000019bbee5f000 DEOPT UNPACKING pc=0x0000019bc75ea95e sp=0x00000048bd5fb9c8 mode 0

Classes redefined (0 events):
No events

Internal exceptions (17 events):
Event: 9.191 Thread 0x0000019bbee5f000 Exception <a 'java/lang/NoSuchMethodError'{0x00000000ffc69628}: 'int java.lang.invoke.DirectMethodHandle$Holder.invokeStaticInit(java.lang.Object, java.lang.Object)'> (0x00000000ffc69628) thrown at [s\src\hotspot\share\interpreter\linkResolver.cpp, line 773]
Event: 9.688 Thread 0x0000019bbee5f000 Exception <a 'java/lang/NoSuchMethodError'{0x00000000ffb3f7f8}: 'int java.lang.invoke.DirectMethodHandle$Holder.invokeSpecial(java.lang.Object, java.lang.Object, java.lang.Object, java.lang.Object)'> (0x00000000ffb3f7f8) thrown at [s\src\hotspot\share\interpreter\linkResolver.cpp, line 773]
Event: 9.700 Thread 0x0000019bbee5f000 Exception <a 'java/lang/NoSuchMethodError'{0x00000000ffb78188}: 'int java.lang.invoke.DirectMethodHandle$Holder.invokeSpecialIFC(java.lang.Object, java.lang.Object, int)'> (0x00000000ffb78188) thrown at [s\src\hotspot\share\interpreter\linkResolver.cpp, line 773]
Event: 80.523 Thread 0x0000019bbee5f000 Exception <a 'java/lang/NoClassDefFoundError'{0x00000000ff6c3190}: org/slf4j/impl/StaticMarkerBinder> (0x00000000ff6c3190) thrown at [s\src\hotspot\share\classfile\systemDictionary.cpp, line 219]
Event: 80.951 Thread 0x0000019bbee5f000 Exception <a 'java/lang/NoSuchMethodError'{0x00000000ff5c46d8}: 'java.lang.Object java.lang.invoke.DirectMethodHandle$Holder.invokeVirtual(java.lang.Object, java.lang.Object, java.lang.Object, java.lang.Object, java.lang.Object, java.lang.Object, java.lang.Object)'> (0x00000000ff5c46d8) thrown at [s\src\hotspot\share\interpreter\linkResolver.cpp, line 773]
Event: 80.958 Thread 0x0000019bbee5f000 Exception <a 'java/lang/NoSuchMethodError'{0x00000000ff5d8908}: 'java.lang.Object java.lang.invoke.Invokers$Holder.invoker(java.lang.Object, java.lang.Object, java.lang.Object)'> (0x00000000ff5d8908) thrown at [s\src\hotspot\share\interpreter\linkResolver.cpp, line 773]
Event: 81.179 Thread 0x0000019bbee5f000 Exception <a 'java/lang/NoSuchMethodError'{0x00000000ff5e9500}: 'void java.lang.invoke.DelegatingMethodHandle$Holder.delegate(java.lang.Object, java.lang.Object, int, java.lang.Object)'> (0x00000000ff5e9500) thrown at [s\src\hotspot\share\interpreter\linkResolver.cpp, line 773]
Event: 83.874 Thread 0x0000019bbee5f000 Exception <a 'java/lang/NoSuchMethodError'{0x00000000feadb580}: 'java.lang.Object java.lang.invoke.DirectMethodHandle$Holder.invokeStaticInit(java.lang.Object, java.lang.Object, java.lang.Object)'> (0x00000000feadb580) thrown at [s\src\hotspot\share\interpreter\linkResolver.cpp, line 773]
Event: 85.797 Thread 0x0000019bbee5f000 Exception <a 'java/lang/NoSuchMethodError'{0x00000000fe5e8b18}: 'java.lang.Object java.lang.invoke.DirectMethodHandle$Holder.invokeStaticInit(java.lang.Object, int, int, int, int)'> (0x00000000fe5e8b18) thrown at [s\src\hotspot\share\interpreter\linkResolver.cpp, line 773]
Event: 146.625 Thread 0x0000019bbee5f000 Exception <a 'java/lang/NoSuchMethodError'{0x00000000fe40f068}: 'java.lang.Object java.lang.invoke.DirectMethodHandle$Holder.invokeStaticInit(java.lang.Object, java.lang.Object, int, int, int, int)'> (0x00000000fe40f068) thrown at [s\src\hotspot\share\interpreter\linkResolver.cpp, line 773]
Event: 206.708 Thread 0x0000019bbee5f000 Exception <a 'java/lang/NoSuchMethodError'{0x00000000fe4d6208}: 'void java.lang.invoke.DirectMethodHandle$Holder.invokeSpecial(java.lang.Object, java.lang.Object)'> (0x00000000fe4d6208) thrown at [s\src\hotspot\share\interpreter\linkResolver.cpp, line 773]
Event: 206.732 Thread 0x0000019bbee5f000 Implicit null exception at 0x0000019bcf094374 to 0x0000019bcf094844
Event: 206.735 Thread 0x0000019bbee5f000 Implicit null exception at 0x0000019bcf098df4 to 0x0000019bcf099294
Event: 207.718 Thread 0x0000019bda132000 Exception <a 'java/io/IOException'{0x00000000fee35ab8}> (0x00000000fee35ab8) thrown at [s\src\hotspot\share\prims\jni.cpp, line 617]
Event: 207.718 Thread 0x0000019bda132000 Exception <a 'java/io/IOException'{0x00000000fee36070}> (0x00000000fee36070) thrown at [s\src\hotspot\share\prims\jni.cpp, line 617]
Event: 207.719 Thread 0x0000019bda132000 Exception <a 'java/io/IOException'{0x00000000fee36428}> (0x00000000fee36428) thrown at [s\src\hotspot\share\prims\jni.cpp, line 617]
Event: 207.719 Thread 0x0000019bda132000 Exception <a 'java/io/IOException'{0x00000000fee369e0}> (0x00000000fee369e0) thrown at [s\src\hotspot\share\prims\jni.cpp, line 617]

Events (20 events):
Event: 207.807 loading class org/gradle/internal/classloader/ClassLoaderVisitor
Event: 207.807 loading class org/gradle/internal/classloader/ClassLoaderVisitor done
Event: 207.809 loading class org/gradle/internal/classloader/ClassLoaderHierarchy
Event: 207.809 loading class org/gradle/internal/classloader/ClassLoaderHierarchy done
Event: 207.836 loading class org/gradle/internal/classloader/SystemClassLoaderSpec
Event: 207.836 loading class org/gradle/internal/classloader/SystemClassLoaderSpec done
Event: 207.837 loading class org/gradle/internal/classloader/ClassLoaderSpec
Event: 207.837 loading class org/gradle/internal/classloader/ClassLoaderSpec done
Event: 207.837 loading class org/gradle/internal/classpath/DefaultClassPath$ImmutableUniqueList$Builder
Event: 207.837 loading class org/gradle/internal/classpath/DefaultClassPath$ImmutableUniqueList$Builder done
Event: 208.003 Executing VM operation: RevokeBias
Event: 208.003 Executing VM operation: RevokeBias done
Event: 208.005 Executing VM operation: RevokeBias
Event: 208.011 Executing VM operation: RevokeBias done
Event: 208.011 Executing VM operation: RevokeBias
Event: 208.011 Executing VM operation: RevokeBias done
Event: 208.011 loading class org/gradle/internal/logging/sink/GroupingProgressLogEventGenerator$OperationState
Event: 208.011 loading class org/gradle/internal/logging/sink/GroupingProgressLogEventGenerator$OperationState done
Event: 208.193 loading class org/gradle/api/internal/classpath/ManifestUtil
Event: 208.193 loading class org/gradle/api/internal/classpath/ManifestUtil done


Dynamic libraries:
0x00007ff61d5b0000 - 0x00007ff61d5bd000 	C:\Program Files\Microsoft\jdk-11.0.20.8-hotspot\bin\java.exe
0x00007ff9c2290000 - 0x00007ff9c2487000 	C:\WINDOWS\SYSTEM32\ntdll.dll
0x00007ff9c0c10000 - 0x00007ff9c0ccd000 	C:\WINDOWS\System32\KERNEL32.DLL
0x00007ff9bf970000 - 0x00007ff9bfc66000 	C:\WINDOWS\System32\KERNELBASE.dll
0x00007ff9bfc70000 - 0x00007ff9bfd70000 	C:\WINDOWS\System32\ucrtbase.dll
0x00007ff9ab160000 - 0x00007ff9ab177000 	C:\Program Files\Microsoft\jdk-11.0.20.8-hotspot\bin\jli.dll
0x00007ff9c20b0000 - 0x00007ff9c224e000 	C:\WINDOWS\System32\USER32.dll
0x00007ff9bfec0000 - 0x00007ff9bfee2000 	C:\WINDOWS\System32\win32u.dll
0x00007ff9c0e50000 - 0x00007ff9c0e7c000 	C:\WINDOWS\System32\GDI32.dll
0x00007ff9c0050000 - 0x00007ff9c016a000 	C:\WINDOWS\System32\gdi32full.dll
0x00007ff9bfe20000 - 0x00007ff9bfebd000 	C:\WINDOWS\System32\msvcp_win.dll
0x00007ff9aa6e0000 - 0x00007ff9aa6f5000 	C:\Program Files\Microsoft\jdk-11.0.20.8-hotspot\bin\VCRUNTIME140.dll
0x00007ff9b4440000 - 0x00007ff9b46da000 	C:\WINDOWS\WinSxS\amd64_microsoft.windows.common-controls_6595b64144ccf1df_6.0.19041.3570_none_60bb2a3971f3e41a\COMCTL32.dll
0x00007ff9c07c0000 - 0x00007ff9c085e000 	C:\WINDOWS\System32\msvcrt.dll
0x00007ff9c2070000 - 0x00007ff9c20a0000 	C:\WINDOWS\System32\IMM32.DLL
0x00007ff9bf6c0000 - 0x00007ff9bf6f1000 	C:\Windows\system32\nvinitx.dll
0x00007ff9c0640000 - 0x00007ff9c06ee000 	C:\WINDOWS\System32\ADVAPI32.dll
0x00007ff9c1030000 - 0x00007ff9c10cc000 	C:\WINDOWS\System32\sechost.dll
0x00007ff9c04b0000 - 0x00007ff9c05d6000 	C:\WINDOWS\System32\RPCRT4.dll
0x00007ff9bf6b0000 - 0x00007ff9bf6ba000 	C:\WINDOWS\SYSTEM32\VERSION.dll
0x000000000f000000 - 0x000000000f006000 	C:\Program Files\NVIDIA Corporation\CoProcManager\_etoured.dll
0x00007ff9bb7c0000 - 0x00007ff9bb7f2000 	C:\Program Files\NVIDIA Corporation\CoProcManager\nvd3d9wrapx.dll
0x00007ff9c14a0000 - 0x00007ff9c190e000 	C:\WINDOWS\System32\SETUPAPI.dll
0x00007ff9c0230000 - 0x00007ff9c027e000 	C:\WINDOWS\System32\cfgmgr32.dll
0x00007ff9c0170000 - 0x00007ff9c0197000 	C:\WINDOWS\System32\bcrypt.dll
0x00007ff9bb410000 - 0x00007ff9bb432000 	C:\Program Files\NVIDIA Corporation\CoProcManager\nvdxgiwrapx.dll
0x00007ff98e300000 - 0x00007ff98e39b000 	C:\Program Files\Microsoft\jdk-11.0.20.8-hotspot\bin\msvcp140.dll
0x00007ff96c630000 - 0x00007ff96d1c6000 	C:\Program Files\Microsoft\jdk-11.0.20.8-hotspot\bin\server\jvm.dll
0x00007ff9c20a0000 - 0x00007ff9c20a8000 	C:\WINDOWS\System32\PSAPI.DLL
0x00007ff9ab770000 - 0x00007ff9ab779000 	C:\WINDOWS\SYSTEM32\WSOCK32.dll
0x00007ff9c10d0000 - 0x00007ff9c113b000 	C:\WINDOWS\System32\WS2_32.dll
0x00007ff9b46f0000 - 0x00007ff9b4717000 	C:\WINDOWS\SYSTEM32\WINMM.dll
0x00007ff9bd7c0000 - 0x00007ff9bd7d2000 	C:\WINDOWS\SYSTEM32\kernel.appcore.dll
0x00007ff9ab6c0000 - 0x00007ff9ab6d0000 	C:\Program Files\Microsoft\jdk-11.0.20.8-hotspot\bin\verify.dll
0x00007ff9b1bc0000 - 0x00007ff9b1da4000 	C:\WINDOWS\SYSTEM32\DBGHELP.DLL
0x00007ff9b1b80000 - 0x00007ff9b1bb4000 	C:\WINDOWS\SYSTEM32\dbgcore.DLL
0x00007ff9c01a0000 - 0x00007ff9c0222000 	C:\WINDOWS\System32\bcryptPrimitives.dll
0x00007ff9a05c0000 - 0x00007ff9a05e8000 	C:\Program Files\Microsoft\jdk-11.0.20.8-hotspot\bin\java.dll
0x00007ff9ab540000 - 0x00007ff9ab54a000 	C:\Program Files\Microsoft\jdk-11.0.20.8-hotspot\bin\jimage.dll
0x00007ff9aa480000 - 0x00007ff9aa498000 	C:\Program Files\Microsoft\jdk-11.0.20.8-hotspot\bin\zip.dll
0x00007ff9c1920000 - 0x00007ff9c2064000 	C:\WINDOWS\System32\SHELL32.dll
0x00007ff9bd9c0000 - 0x00007ff9be15b000 	C:\WINDOWS\SYSTEM32\windows.storage.dll
0x00007ff9c1140000 - 0x00007ff9c1494000 	C:\WINDOWS\System32\combase.dll
0x00007ff9bf2f0000 - 0x00007ff9bf31d000 	C:\WINDOWS\SYSTEM32\Wldp.dll
0x00007ff9c0b60000 - 0x00007ff9c0c0d000 	C:\WINDOWS\System32\SHCORE.dll
0x00007ff9c0450000 - 0x00007ff9c04a5000 	C:\WINDOWS\System32\shlwapi.dll
0x00007ff9bf8a0000 - 0x00007ff9bf8c5000 	C:\WINDOWS\SYSTEM32\profapi.dll
0x00007ff9a8f60000 - 0x00007ff9a8f79000 	C:\Program Files\Microsoft\jdk-11.0.20.8-hotspot\bin\net.dll
0x00007ff9b34c0000 - 0x00007ff9b35ca000 	C:\WINDOWS\SYSTEM32\WINHTTP.dll
0x00007ff9beff0000 - 0x00007ff9bf05a000 	C:\WINDOWS\system32\mswsock.dll
0x00007ff9a8f10000 - 0x00007ff9a8f23000 	C:\Program Files\Microsoft\jdk-11.0.20.8-hotspot\bin\nio.dll
0x00007ff99daa0000 - 0x00007ff99dac7000 	C:\Users\YAHIYAH\.gradle\native\68d5fa5c4cc2d200863cafc0d521ce42e7d3e7ee720ec0a83991735586a16f82\windows-amd64\native-platform.dll
0x00007ff9ab110000 - 0x00007ff9ab119000 	C:\Program Files\Microsoft\jdk-11.0.20.8-hotspot\bin\management.dll
0x00007ff9a9750000 - 0x00007ff9a975b000 	C:\Program Files\Microsoft\jdk-11.0.20.8-hotspot\bin\management_ext.dll
0x00007ff9bf1e0000 - 0x00007ff9bf1f8000 	C:\WINDOWS\SYSTEM32\CRYPTSP.dll
0x00007ff9be900000 - 0x00007ff9be934000 	C:\WINDOWS\system32\rsaenh.dll
0x00007ff9bf860000 - 0x00007ff9bf88e000 	C:\WINDOWS\SYSTEM32\USERENV.dll
0x00007ff9bf200000 - 0x00007ff9bf20c000 	C:\WINDOWS\SYSTEM32\CRYPTBASE.dll
0x00007ff9bece0000 - 0x00007ff9bed1b000 	C:\WINDOWS\SYSTEM32\IPHLPAPI.DLL
0x00007ff9c1910000 - 0x00007ff9c1918000 	C:\WINDOWS\System32\NSI.dll
0x00007ff9b3c10000 - 0x00007ff9b3c27000 	C:\WINDOWS\SYSTEM32\dhcpcsvc6.DLL
0x00007ff9b43b0000 - 0x00007ff9b43cd000 	C:\WINDOWS\SYSTEM32\dhcpcsvc.DLL
0x00007ff9bed20000 - 0x00007ff9bedea000 	C:\WINDOWS\SYSTEM32\DNSAPI.dll

dbghelp: loaded successfully - version: 4.0.5 - missing functions: none
symbol engine: initialized successfully - sym options: 0x614 - pdb path: .;C:\Program Files\Microsoft\jdk-11.0.20.8-hotspot\bin;C:\WINDOWS\SYSTEM32;C:\WINDOWS\WinSxS\amd64_microsoft.windows.common-controls_6595b64144ccf1df_6.0.19041.3570_none_60bb2a3971f3e41a;C:\Program Files\NVIDIA Corporation\CoProcManager;C:\Program Files\Microsoft\jdk-11.0.20.8-hotspot\bin\server;C:\Users\YAHIYAH\.gradle\native\68d5fa5c4cc2d200863cafc0d521ce42e7d3e7ee720ec0a83991735586a16f82\windows-amd64

VM Arguments:
jvm_args: -Xmx64m -Xms64m -Dorg.gradle.appname=gradlew 
java_command: org.gradle.wrapper.GradleWrapperMain app:installDebug -PreactNativeDevServerPort=8081
java_class_path (initial): D:\React native\Layyan\android\\gradle\wrapper\gradle-wrapper.jar
Launcher Type: SUN_STANDARD

[Global flags]
     intx CICompilerCount                          = 3                                         {product} {ergonomic}
     uint ConcGCThreads                            = 1                                         {product} {ergonomic}
     uint G1ConcRefinementThreads                  = 4                                         {product} {ergonomic}
   size_t G1HeapRegionSize                         = 1048576                                   {product} {ergonomic}
    uintx GCDrainStackTargetSize                   = 64                                        {product} {ergonomic}
   size_t InitialHeapSize                          = 67108864                                  {product} {command line}
   size_t MarkStackSize                            = 4194304                                   {product} {ergonomic}
   size_t MaxHeapSize                              = 67108864                                  {product} {command line}
   size_t MaxNewSize                               = 39845888                                  {product} {ergonomic}
   size_t MinHeapDeltaBytes                        = 1048576                                   {product} {ergonomic}
    uintx NonNMethodCodeHeapSize                   = 5830732                                {pd product} {ergonomic}
    uintx NonProfiledCodeHeapSize                  = 122913754                              {pd product} {ergonomic}
    uintx ProfiledCodeHeapSize                     = 122913754                              {pd product} {ergonomic}
    uintx ReservedCodeCacheSize                    = 251658240                              {pd product} {ergonomic}
     bool SegmentedCodeCache                       = true                                      {product} {ergonomic}
     bool UseCompressedClassPointers               = true                                 {lp64_product} {ergonomic}
     bool UseCompressedOops                        = true                                 {lp64_product} {ergonomic}
     bool UseG1GC                                  = true                                      {product} {ergonomic}
     bool UseLargePagesIndividualAllocation        = false                                  {pd product} {ergonomic}

Logging:
Log output configuration:
 #0: stdout all=warning uptime,level,tags
 #1: stderr all=off uptime,level,tags

Environment Variables:
JAVA_HOME=C:\Program Files\Microsoft\jdk-11.0.20.8-hotspot
CLASSPATH=D:\React native\Layyan\android\\gradle\wrapper\gradle-wrapper.jar
PATH=D:\React native\Layyan\node_modules\.bin;D:\React native\Layyan\node_modules\.bin;D:\React native\node_modules\.bin;D:\node_modules\.bin;C:\Program Files\nodejs\node_modules\npm\node_modules\@npmcli\run-script\lib\node-gyp-bin;D:\React native\Layyan\node_modules\.bin;D:\React native\Layyan\node_modules\.bin;D:\React native\node_modules\.bin;D:\node_modules\.bin;C:\Program Files\nodejs\node_modules\npm\node_modules\@npmcli\run-script\lib\node-gyp-bin;C:\Program Files\Microsoft\jdk-11.0.20.8-hotspot\bin;C:\Program Files\OpenLogic\jdk-11.0.20.8-hotspot\bin;C:\WINDOWS\system32;C:\WINDOWS;C:\WINDOWS\System32\Wbem;C:\WINDOWS\System32\WindowsPowerShell\v1.0\;C:\WINDOWS\System32\OpenSSH\;C:\Program Files\Microsoft SQL Server\150\Tools\Binn\;C:\Program Files\nodejs\;C:\ProgramData\chocolatey\bin;C:\Users\YAHIYAH\AppData\Local\Android\Sdk\platform-tools;C:\Program Files\OpenLogic\jdk-11.0.20.8-hotspot\;C:\Program Files\Microsoft\jdk-11.0.20.8-hotspot;C:\Users\YAHIYAH\AppData\Local\Programs\Python\Python311\Scripts\;C:\Users\YAHIYAH\AppData\Local\Programs\Python\Python311\;C:\Users\YAHIYAH\AppData\Local\Microsoft\WindowsApps;C:\Users\YAHIYAH\AppData\Local\Programs\Microsoft VS Code\bin;C:\Users\YAHIYAH\AppData\Roaming\npm;C:\Users\YAHIYAH\AppData\Local\Android\Sdk;C:\Users\YAHIYAH\AppData\Local\Android\Sdk\platform-tools;C:\Program Files\Microsoft\jdk-11.0.20.8-hotspot;
USERNAME=YAHIYAH
LANG=en_US.UTF-8
OS=Windows_NT
PROCESSOR_IDENTIFIER=Intel64 Family 6 Model 58 Stepping 9, GenuineIntel
TMP=C:\Users\YAHIYAH\AppData\Local\Temp
TEMP=C:\Users\YAHIYAH\AppData\Local\Temp



---------------  S Y S T E M  ---------------

OS: Windows 10 , 64 bit Build 19041 (10.0.19041.3570)
OS uptime: 22 days 17:08 hours

CPU:total 4 (initial active 4) (2 cores per cpu, 2 threads per core) family 6 model 58 stepping 9 microcode 0x21, cmov, cx8, fxsr, mmx, sse, sse2, sse3, ssse3, sse4.1, sse4.2, popcnt, avx, clmul, erms, ht, tsc, tscinvbit, tscinv

Memory: 4k page, system-wide physical 7893M (225M free)
TotalPageFile size 32469M (AvailPageFile size 200M)
current process WorkingSet (physical memory assigned to process): 45M, peak: 73M
current process commit charge ("private bytes"): 150M, peak: 152M

vm_info: OpenJDK 64-Bit Server VM (11.0.20+8-LTS) for windows-amd64 JRE (11.0.20+8-LTS), built on Jul  7 2023 17:05:21 by "MicrosoftCorporation" with MS VC++ 15.9 (VS2017)

END.
