#
# There is insufficient memory for the Java Runtime Environment to continue.
# Native memory allocation (malloc) failed to allocate 415536 bytes for Chunk::new
# Possible reasons:
#   The system is out of physical RAM or swap space
#   The process is running with CompressedOops enabled, and the Java Heap may be blocking the growth of the native heap
# Possible solutions:
#   Reduce memory load on the system
#   Increase physical memory or swap space
#   Check if swap backing store is full
#   Decrease Java heap size (-Xmx/-Xms)
#   Decrease number of Java threads
#   Decrease Java thread stack sizes (-Xss)
#   Set larger code cache with -XX:ReservedCodeCacheSize=
#   JVM is running with Unscaled Compressed Oops mode in which the Java heap is
#     placed in the first 4GB address space. The Java Heap base address is the
#     maximum limit for the native heap growth. Please use -XX:HeapBaseMinAddress
#     to set the Java Heap base and to place the Java Heap above 4GB virtual address.
# This output file may be truncated or incomplete.
#
#  Out of Memory Error (arena.cpp:197), pid=32472, tid=18012
#
# JRE version: OpenJDK Runtime Environment Microsoft-8035250 (11.0.20+8) (build 11.0.20+8-LTS)
# Java VM: OpenJDK 64-Bit Server VM Microsoft-8035250 (11.0.20+8-LTS, mixed mode, tiered, compressed oops, g1 gc, windows-amd64)
# No core dump will be written. Minidumps are not enabled by default on client versions of Windows
#

---------------  S U M M A R Y ------------

Command Line: -Xmx64m -Xms64m -Dorg.gradle.appname=gradlew org.gradle.wrapper.GradleWrapperMain app:installDebug -PreactNativeDevServerPort=8081

Host: Intel(R) Core(TM) i5-3230M CPU @ 2.60GHz, 4 cores, 7G,  Windows 10 , 64 bit Build 19041 (10.0.19041.3570)
Time: Tue Dec  5 17:24:20 2023 Pakistan Standard Time elapsed time: 229.043890 seconds (0d 0h 3m 49s)

---------------  T H R E A D  ---------------

Current thread (0x000001f257433000):  JavaThread "C2 CompilerThread0" daemon [_thread_in_native, id=18012, stack(0x00000013c7800000,0x00000013c7900000)]


Current CompileTask:
C2: 229044 1302 %     4       java.io.WinNTFileSystem::normalize @ 22 (143 bytes)

Stack: [0x00000013c7800000,0x00000013c7900000]
Native frames: (J=compiled Java code, j=interpreted, Vv=VM code, C=native code)
V  [jvm.dll+0x62e9da]
V  [jvm.dll+0x7bc4e9]
V  [jvm.dll+0x7bdbd8]
V  [jvm.dll+0x7be2b3]
V  [jvm.dll+0x2505a8]
V  [jvm.dll+0xc263c]
V  [jvm.dll+0xc2bfc]
V  [jvm.dll+0x35fd82]
V  [jvm.dll+0x32bf13]
V  [jvm.dll+0x32b24a]
V  [jvm.dll+0x2097e3]
V  [jvm.dll+0x20893d]
V  [jvm.dll+0x18a7de]
V  [jvm.dll+0x2181ec]
V  [jvm.dll+0x21642b]
V  [jvm.dll+0x77efc0]
V  [jvm.dll+0x777db4]
V  [jvm.dll+0x62d845]
C  [ucrtbase.dll+0x21bb2]
C  [KERNEL32.DLL+0x17344]
C  [ntdll.dll+0x526b1]


---------------  P R O C E S S  ---------------

Threads class SMR info:
_java_thread_list=0x000001f258c1be80, length=11, elements={
0x000001f23d5ef000, 0x000001f257423000, 0x000001f257424800, 0x000001f25742e000,
0x000001f257430000, 0x000001f257431000, 0x000001f257433000, 0x000001f257438800,
0x000001f25747e000, 0x000001f257e9c000, 0x000001f258c4c800
}

Java Threads: ( => current thread )
  0x000001f23d5ef000 JavaThread "main" [_thread_in_Java, id=17824, stack(0x00000013c6b00000,0x00000013c6c00000)]
  0x000001f257423000 JavaThread "Reference Handler" daemon [_thread_blocked, id=17348, stack(0x00000013c7300000,0x00000013c7400000)]
  0x000001f257424800 JavaThread "Finalizer" daemon [_thread_blocked, id=27644, stack(0x00000013c7400000,0x00000013c7500000)]
  0x000001f25742e000 JavaThread "Signal Dispatcher" daemon [_thread_blocked, id=27624, stack(0x00000013c7500000,0x00000013c7600000)]
  0x000001f257430000 JavaThread "Attach Listener" daemon [_thread_blocked, id=27928, stack(0x00000013c7600000,0x00000013c7700000)]
  0x000001f257431000 JavaThread "Service Thread" daemon [_thread_blocked, id=32508, stack(0x00000013c7700000,0x00000013c7800000)]
=>0x000001f257433000 JavaThread "C2 CompilerThread0" daemon [_thread_in_native, id=18012, stack(0x00000013c7800000,0x00000013c7900000)]
  0x000001f257438800 JavaThread "C1 CompilerThread0" daemon [_thread_blocked, id=25304, stack(0x00000013c7900000,0x00000013c7a00000)]
  0x000001f25747e000 JavaThread "Sweeper thread" daemon [_thread_blocked, id=1900, stack(0x00000013c7a00000,0x00000013c7b00000)]
  0x000001f257e9c000 JavaThread "Common-Cleaner" daemon [_thread_blocked, id=17676, stack(0x00000013c7c00000,0x00000013c7d00000)]
  0x000001f258c4c800 JavaThread "pool-1-thread-1" [_thread_blocked, id=32728, stack(0x00000013c6a00000,0x00000013c6b00000)]

Other Threads:
  0x000001f2573e6000 VMThread "VM Thread" [stack: 0x00000013c7200000,0x00000013c7300000] [id=11544]
  0x000001f257e44800 WatcherThread [stack: 0x00000013c7b00000,0x00000013c7c00000] [id=12088]
  0x000001f23d606800 GCTaskThread "GC Thread#0" [stack: 0x00000013c6d00000,0x00000013c6e00000] [id=17428]
  0x000001f25826a800 GCTaskThread "GC Thread#1" [stack: 0x00000013c7d00000,0x00000013c7e00000] [id=25528]
  0x000001f23d610000 ConcurrentGCThread "G1 Main Marker" [stack: 0x00000013c6e00000,0x00000013c6f00000] [id=10096]
  0x000001f23d611800 ConcurrentGCThread "G1 Conc#0" [stack: 0x00000013c6f00000,0x00000013c7000000] [id=13868]
  0x000001f23d665800 ConcurrentGCThread "G1 Refine#0" [stack: 0x00000013c7000000,0x00000013c7100000] [id=24776]
  0x000001f23d666800 ConcurrentGCThread "G1 Young RemSet Sampling" [stack: 0x00000013c7100000,0x00000013c7200000] [id=24356]

Threads with active compile tasks:
C2 CompilerThread0   229094 1302 %     4       java.io.WinNTFileSystem::normalize @ 22 (143 bytes)

VM state:not at safepoint (normal execution)

VM Mutex/Monitor currently owned by a thread: None

Heap address: 0x00000000fc000000, size: 64 MB, Compressed Oops mode: 32-bit
Narrow klass base: 0x0000000000000000, Narrow klass shift: 3
Compressed class space size: 1073741824 Address: 0x0000000100000000

Heap:
 garbage-first heap   total 65536K, used 35072K [0x00000000fc000000, 0x0000000100000000)
  region size 1024K, 31 young (31744K), 2 survivors (2048K)
 Metaspace       used 14817K, capacity 15116K, committed 15232K, reserved 1062912K
  class space    used 1671K, capacity 1808K, committed 1920K, reserved 1048576K
Heap Regions: E=young(eden), S=young(survivor), O=old, HS=humongous(starts), HC=humongous(continues), CS=collection set, F=free, A=archive, TAMS=top-at-mark-start (previous, next)
|   0|0x00000000fc000000, 0x00000000fc100000, 0x00000000fc100000|100%| O|  |TAMS 0x00000000fc000000, 0x00000000fc000000| Untracked 
|   1|0x00000000fc100000, 0x00000000fc140200, 0x00000000fc200000| 25%| O|  |TAMS 0x00000000fc100000, 0x00000000fc100000| Untracked 
|   2|0x00000000fc200000, 0x00000000fc300000, 0x00000000fc300000|100%|HS|  |TAMS 0x00000000fc200000, 0x00000000fc200000| Complete 
|   3|0x00000000fc300000, 0x00000000fc400000, 0x00000000fc400000|100%|HC|  |TAMS 0x00000000fc300000, 0x00000000fc300000| Complete 
|   4|0x00000000fc400000, 0x00000000fc500000, 0x00000000fc500000|100%|HC|  |TAMS 0x00000000fc400000, 0x00000000fc400000| Complete 
|   5|0x00000000fc500000, 0x00000000fc600000, 0x00000000fc600000|100%|HC|  |TAMS 0x00000000fc500000, 0x00000000fc500000| Complete 
|   6|0x00000000fc600000, 0x00000000fc600000, 0x00000000fc700000|  0%| F|  |TAMS 0x00000000fc600000, 0x00000000fc600000| Untracked 
|   7|0x00000000fc700000, 0x00000000fc700000, 0x00000000fc800000|  0%| F|  |TAMS 0x00000000fc700000, 0x00000000fc700000| Untracked 
|   8|0x00000000fc800000, 0x00000000fc800000, 0x00000000fc900000|  0%| F|  |TAMS 0x00000000fc800000, 0x00000000fc800000| Untracked 
|   9|0x00000000fc900000, 0x00000000fc900000, 0x00000000fca00000|  0%| F|  |TAMS 0x00000000fc900000, 0x00000000fc900000| Untracked 
|  10|0x00000000fca00000, 0x00000000fca00000, 0x00000000fcb00000|  0%| F|  |TAMS 0x00000000fca00000, 0x00000000fca00000| Untracked 
|  11|0x00000000fcb00000, 0x00000000fcb00000, 0x00000000fcc00000|  0%| F|  |TAMS 0x00000000fcb00000, 0x00000000fcb00000| Untracked 
|  12|0x00000000fcc00000, 0x00000000fcc00000, 0x00000000fcd00000|  0%| F|  |TAMS 0x00000000fcc00000, 0x00000000fcc00000| Untracked 
|  13|0x00000000fcd00000, 0x00000000fcd00000, 0x00000000fce00000|  0%| F|  |TAMS 0x00000000fcd00000, 0x00000000fcd00000| Untracked 
|  14|0x00000000fce00000, 0x00000000fce00000, 0x00000000fcf00000|  0%| F|  |TAMS 0x00000000fce00000, 0x00000000fce00000| Untracked 
|  15|0x00000000fcf00000, 0x00000000fcf00000, 0x00000000fd000000|  0%| F|  |TAMS 0x00000000fcf00000, 0x00000000fcf00000| Untracked 
|  16|0x00000000fd000000, 0x00000000fd000000, 0x00000000fd100000|  0%| F|  |TAMS 0x00000000fd000000, 0x00000000fd000000| Untracked 
|  17|0x00000000fd100000, 0x00000000fd100000, 0x00000000fd200000|  0%| F|  |TAMS 0x00000000fd100000, 0x00000000fd100000| Untracked 
|  18|0x00000000fd200000, 0x00000000fd200000, 0x00000000fd300000|  0%| F|  |TAMS 0x00000000fd200000, 0x00000000fd200000| Untracked 
|  19|0x00000000fd300000, 0x00000000fd300000, 0x00000000fd400000|  0%| F|  |TAMS 0x00000000fd300000, 0x00000000fd300000| Untracked 
|  20|0x00000000fd400000, 0x00000000fd400000, 0x00000000fd500000|  0%| F|  |TAMS 0x00000000fd400000, 0x00000000fd400000| Untracked 
|  21|0x00000000fd500000, 0x00000000fd500000, 0x00000000fd600000|  0%| F|  |TAMS 0x00000000fd500000, 0x00000000fd500000| Untracked 
|  22|0x00000000fd600000, 0x00000000fd600000, 0x00000000fd700000|  0%| F|  |TAMS 0x00000000fd600000, 0x00000000fd600000| Untracked 
|  23|0x00000000fd700000, 0x00000000fd700000, 0x00000000fd800000|  0%| F|  |TAMS 0x00000000fd700000, 0x00000000fd700000| Untracked 
|  24|0x00000000fd800000, 0x00000000fd800000, 0x00000000fd900000|  0%| F|  |TAMS 0x00000000fd800000, 0x00000000fd800000| Untracked 
|  25|0x00000000fd900000, 0x00000000fd900000, 0x00000000fda00000|  0%| F|  |TAMS 0x00000000fd900000, 0x00000000fd900000| Untracked 
|  26|0x00000000fda00000, 0x00000000fda00000, 0x00000000fdb00000|  0%| F|  |TAMS 0x00000000fda00000, 0x00000000fda00000| Untracked 
|  27|0x00000000fdb00000, 0x00000000fdb00000, 0x00000000fdc00000|  0%| F|  |TAMS 0x00000000fdb00000, 0x00000000fdb00000| Untracked 
|  28|0x00000000fdc00000, 0x00000000fdc00000, 0x00000000fdd00000|  0%| F|  |TAMS 0x00000000fdc00000, 0x00000000fdc00000| Untracked 
|  29|0x00000000fdd00000, 0x00000000fdd00000, 0x00000000fde00000|  0%| F|  |TAMS 0x00000000fdd00000, 0x00000000fdd00000| Untracked 
|  30|0x00000000fde00000, 0x00000000fde00000, 0x00000000fdf00000|  0%| F|  |TAMS 0x00000000fde00000, 0x00000000fde00000| Untracked 
|  31|0x00000000fdf00000, 0x00000000fdf00000, 0x00000000fe000000|  0%| F|  |TAMS 0x00000000fdf00000, 0x00000000fdf00000| Untracked 
|  32|0x00000000fe000000, 0x00000000fe000000, 0x00000000fe100000|  0%| F|  |TAMS 0x00000000fe000000, 0x00000000fe000000| Untracked 
|  33|0x00000000fe100000, 0x00000000fe200000, 0x00000000fe200000|100%| E|  |TAMS 0x00000000fe100000, 0x00000000fe100000| Complete 
|  34|0x00000000fe200000, 0x00000000fe300000, 0x00000000fe300000|100%| E|CS|TAMS 0x00000000fe200000, 0x00000000fe200000| Complete 
|  35|0x00000000fe300000, 0x00000000fe400000, 0x00000000fe400000|100%| E|CS|TAMS 0x00000000fe300000, 0x00000000fe300000| Complete 
|  36|0x00000000fe400000, 0x00000000fe500000, 0x00000000fe500000|100%| E|CS|TAMS 0x00000000fe400000, 0x00000000fe400000| Complete 
|  37|0x00000000fe500000, 0x00000000fe600000, 0x00000000fe600000|100%| E|CS|TAMS 0x00000000fe500000, 0x00000000fe500000| Complete 
|  38|0x00000000fe600000, 0x00000000fe700000, 0x00000000fe700000|100%| E|CS|TAMS 0x00000000fe600000, 0x00000000fe600000| Complete 
|  39|0x00000000fe700000, 0x00000000fe800000, 0x00000000fe800000|100%| E|CS|TAMS 0x00000000fe700000, 0x00000000fe700000| Complete 
|  40|0x00000000fe800000, 0x00000000fe900000, 0x00000000fe900000|100%| E|CS|TAMS 0x00000000fe800000, 0x00000000fe800000| Complete 
|  41|0x00000000fe900000, 0x00000000fea00000, 0x00000000fea00000|100%| E|CS|TAMS 0x00000000fe900000, 0x00000000fe900000| Complete 
|  42|0x00000000fea00000, 0x00000000feb00000, 0x00000000feb00000|100%| E|CS|TAMS 0x00000000fea00000, 0x00000000fea00000| Complete 
|  43|0x00000000feb00000, 0x00000000fec00000, 0x00000000fec00000|100%| E|CS|TAMS 0x00000000feb00000, 0x00000000feb00000| Complete 
|  44|0x00000000fec00000, 0x00000000fed00000, 0x00000000fed00000|100%| E|CS|TAMS 0x00000000fec00000, 0x00000000fec00000| Complete 
|  45|0x00000000fed00000, 0x00000000fee00000, 0x00000000fee00000|100%| E|CS|TAMS 0x00000000fed00000, 0x00000000fed00000| Complete 
|  46|0x00000000fee00000, 0x00000000fef00000, 0x00000000fef00000|100%| E|CS|TAMS 0x00000000fee00000, 0x00000000fee00000| Complete 
|  47|0x00000000fef00000, 0x00000000ff000000, 0x00000000ff000000|100%| E|CS|TAMS 0x00000000fef00000, 0x00000000fef00000| Complete 
|  48|0x00000000ff000000, 0x00000000ff100000, 0x00000000ff100000|100%| S|CS|TAMS 0x00000000ff000000, 0x00000000ff000000| Complete 
|  49|0x00000000ff100000, 0x00000000ff200000, 0x00000000ff200000|100%| S|CS|TAMS 0x00000000ff100000, 0x00000000ff100000| Complete 
|  50|0x00000000ff200000, 0x00000000ff300000, 0x00000000ff300000|100%| E|CS|TAMS 0x00000000ff200000, 0x00000000ff200000| Complete 
|  51|0x00000000ff300000, 0x00000000ff400000, 0x00000000ff400000|100%| E|CS|TAMS 0x00000000ff300000, 0x00000000ff300000| Complete 
|  52|0x00000000ff400000, 0x00000000ff500000, 0x00000000ff500000|100%| E|CS|TAMS 0x00000000ff400000, 0x00000000ff400000| Complete 
|  53|0x00000000ff500000, 0x00000000ff600000, 0x00000000ff600000|100%| E|CS|TAMS 0x00000000ff500000, 0x00000000ff500000| Complete 
|  54|0x00000000ff600000, 0x00000000ff700000, 0x00000000ff700000|100%| E|CS|TAMS 0x00000000ff600000, 0x00000000ff600000| Complete 
|  55|0x00000000ff700000, 0x00000000ff800000, 0x00000000ff800000|100%| E|CS|TAMS 0x00000000ff700000, 0x00000000ff700000| Complete 
|  56|0x00000000ff800000, 0x00000000ff900000, 0x00000000ff900000|100%| E|CS|TAMS 0x00000000ff800000, 0x00000000ff800000| Complete 
|  57|0x00000000ff900000, 0x00000000ffa00000, 0x00000000ffa00000|100%| E|CS|TAMS 0x00000000ff900000, 0x00000000ff900000| Complete 
|  58|0x00000000ffa00000, 0x00000000ffb00000, 0x00000000ffb00000|100%| E|CS|TAMS 0x00000000ffa00000, 0x00000000ffa00000| Complete 
|  59|0x00000000ffb00000, 0x00000000ffc00000, 0x00000000ffc00000|100%| E|CS|TAMS 0x00000000ffb00000, 0x00000000ffb00000| Complete 
|  60|0x00000000ffc00000, 0x00000000ffd00000, 0x00000000ffd00000|100%| E|CS|TAMS 0x00000000ffc00000, 0x00000000ffc00000| Complete 
|  61|0x00000000ffd00000, 0x00000000ffe00000, 0x00000000ffe00000|100%| E|  |TAMS 0x00000000ffd00000, 0x00000000ffd00000| Complete 
|  62|0x00000000ffe00000, 0x00000000fff00000, 0x00000000fff00000|100%| E|CS|TAMS 0x00000000ffe00000, 0x00000000ffe00000| Complete 
|  63|0x00000000fff00000, 0x0000000100000000, 0x0000000100000000|100%| E|CS|TAMS 0x00000000fff00000, 0x00000000fff00000| Complete 

Card table byte_map: [0x000001f23b750000,0x000001f23b770000] _byte_map_base: 0x000001f23af70000

Marking Bits (Prev, Next): (CMBitMap*) 0x000001f23d60efe8, (CMBitMap*) 0x000001f23d60f020
 Prev Bits: [0x000001f23d3e0000, 0x000001f23d4e0000)
 Next Bits: [0x000001f254d30000, 0x000001f254e30000)

Polling page: 0x000001f23b3a0000

Metaspace:

Usage:
  Non-class:     13.00 MB capacity,    12.84 MB ( 99%) used,   141.16 KB (  1%) free+waste,    21.19 KB ( <1%) overhead. 
      Class:      1.77 MB capacity,     1.63 MB ( 92%) used,   125.77 KB (  7%) free+waste,    10.44 KB ( <1%) overhead. 
       Both:     14.76 MB capacity,    14.47 MB ( 98%) used,   266.92 KB (  2%) free+waste,    31.63 KB ( <1%) overhead. 

Virtual space:
  Non-class space:       14.00 MB reserved,      13.00 MB ( 93%) committed 
      Class space:        1.00 GB reserved,       1.88 MB ( <1%) committed 
             Both:        1.01 GB reserved,      14.88 MB (  1%) committed 

Chunk freelists:
   Non-Class:  4.00 KB
       Class:  16.00 KB
        Both:  20.00 KB

MaxMetaspaceSize: 17179869184.00 GB
CompressedClassSpaceSize: 1.00 GB
Initial GC threshold: 20.80 MB
Current GC threshold: 20.80 MB
CDS: off

CodeHeap 'non-profiled nmethods': size=120064Kb used=489Kb max_used=489Kb free=119574Kb
 bounds [0x000001f24d7f0000, 0x000001f24da60000, 0x000001f254d30000]
CodeHeap 'profiled nmethods': size=120000Kb used=2587Kb max_used=2587Kb free=117412Kb
 bounds [0x000001f2462c0000, 0x000001f246550000, 0x000001f24d7f0000]
CodeHeap 'non-nmethods': size=5696Kb used=1149Kb max_used=1162Kb free=4546Kb
 bounds [0x000001f245d30000, 0x000001f245fa0000, 0x000001f2462c0000]
 total_blobs=1708 nmethods=1297 adapters=324
 compilation: enabled
              stopped_count=0, restarted_count=0
 full_count=0

Compilation events (20 events):
Event: 228.977 Thread 0x000001f257438800 nmethod 1293 0x000001f246539f10 code [0x000001f24653a280, 0x000001f24653ba68]
Event: 228.984 Thread 0x000001f257438800 1294       3       java.io.ByteArrayOutputStream::<init> (7 bytes)
Event: 228.984 Thread 0x000001f257438800 nmethod 1294 0x000001f24653c410 code [0x000001f24653c5c0, 0x000001f24653c6e8]
Event: 228.984 Thread 0x000001f257438800 1295       3       java.io.ByteArrayOutputStream::<init> (43 bytes)
Event: 228.986 Thread 0x000001f257438800 nmethod 1295 0x000001f24653c790 code [0x000001f24653ca00, 0x000001f24653d418]
Event: 228.988 Thread 0x000001f257438800 1296       3       sun.nio.fs.WindowsFileAttributes::isReparsePoint (14 bytes)
Event: 228.988 Thread 0x000001f257438800 nmethod 1296 0x000001f24653d790 code [0x000001f24653d940, 0x000001f24653da78]
Event: 228.988 Thread 0x000001f257438800 1297       3       sun.nio.fs.WindowsFileAttributes::<init> (57 bytes)
Event: 228.988 Thread 0x000001f257438800 nmethod 1297 0x000001f24653db10 code [0x000001f24653dcc0, 0x000001f24653de58]
Event: 228.990 Thread 0x000001f257438800 1298       3       java.lang.Math::min (46 bytes)
Event: 228.991 Thread 0x000001f257438800 nmethod 1298 0x000001f24653df90 code [0x000001f24653e140, 0x000001f24653e438]
Event: 228.991 Thread 0x000001f257438800 1299       3       java.util.Hashtable::<init> (114 bytes)
Event: 228.994 Thread 0x000001f257438800 nmethod 1299 0x000001f24653e510 code [0x000001f24653e8c0, 0x000001f24653fdd8]
Event: 228.994 Thread 0x000001f257438800 1300   !   3       java.util.jar.Attributes::read (354 bytes)
Event: 228.998 Thread 0x000001f257438800 nmethod 1300 0x000001f246540490 code [0x000001f246540a20, 0x000001f2465439d8]
Event: 228.998 Thread 0x000001f257438800 1301       3       java.util.ArrayList::indexOfRange (71 bytes)
Event: 228.999 Thread 0x000001f257438800 nmethod 1301 0x000001f246544d10 code [0x000001f246544f00, 0x000001f246545388]
Event: 229.005 Thread 0x000001f257433000 1302 %     4       java.io.WinNTFileSystem::normalize @ 22 (143 bytes)
Event: 229.011 Thread 0x000001f257438800 1303       3       java.util.jar.JarFile::getManEntry (91 bytes)
Event: 229.012 Thread 0x000001f257438800 nmethod 1303 0x000001f246545590 code [0x000001f246545860, 0x000001f246546798]

GC Heap History (2 events):
Event: 56.844 GC heap before
{Heap before GC invocations=0 (full 0):
 garbage-first heap   total 65536K, used 13312K [0x00000000fc000000, 0x0000000100000000)
  region size 1024K, 14 young (14336K), 0 survivors (0K)
 Metaspace       used 7729K, capacity 7953K, committed 8192K, reserved 1056768K
  class space    used 675K, capacity 754K, committed 768K, reserved 1048576K
}
Event: 57.866 GC heap after
{Heap after GC invocations=1 (full 0):
 garbage-first heap   total 65536K, used 3328K [0x00000000fc000000, 0x0000000100000000)
  region size 1024K, 2 young (2048K), 2 survivors (2048K)
 Metaspace       used 7729K, capacity 7953K, committed 8192K, reserved 1056768K
  class space    used 675K, capacity 754K, committed 768K, reserved 1048576K
}

Deoptimization events (20 events):
Event: 151.552 Thread 0x000001f23d5ef000 Uncommon trap: trap_request=0xffffff4d fr.pc=0x000001f24d83dab4 relative=0x00000000000019d4
Event: 151.552 Thread 0x000001f23d5ef000 Uncommon trap: reason=unstable_if action=reinterpret pc=0x000001f24d83dab4 method=java.io.WinNTFileSystem.normalize(Ljava/lang/String;)Ljava/lang/String; @ 128 c2
Event: 151.552 Thread 0x000001f23d5ef000 DEOPT PACKING pc=0x000001f24d83dab4 sp=0x00000013c6bfa300
Event: 151.554 Thread 0x000001f23d5ef000 DEOPT UNPACKING pc=0x000001f245d7a1af sp=0x00000013c6bfa2d8 mode 2
Event: 226.439 Thread 0x000001f23d5ef000 Uncommon trap: trap_request=0xffffff4d fr.pc=0x000001f24d8255d8 relative=0x0000000000000518
Event: 226.439 Thread 0x000001f23d5ef000 Uncommon trap: reason=unstable_if action=reinterpret pc=0x000001f24d8255d8 method=java.lang.AbstractStringBuilder.append(Ljava/lang/String;)Ljava/lang/AbstractStringBuilder; @ 1 c2
Event: 226.439 Thread 0x000001f23d5ef000 DEOPT PACKING pc=0x000001f24d8255d8 sp=0x00000013c6bfc840
Event: 226.439 Thread 0x000001f23d5ef000 DEOPT UNPACKING pc=0x000001f245d7a1af sp=0x00000013c6bfc7c0 mode 2
Event: 226.449 Thread 0x000001f23d5ef000 Uncommon trap: trap_request=0xffffff4d fr.pc=0x000001f24d826028 relative=0x00000000000004e8
Event: 226.449 Thread 0x000001f23d5ef000 Uncommon trap: reason=unstable_if action=reinterpret pc=0x000001f24d826028 method=java.lang.AbstractStringBuilder.append(Ljava/lang/String;)Ljava/lang/AbstractStringBuilder; @ 1 c2
Event: 226.449 Thread 0x000001f23d5ef000 DEOPT PACKING pc=0x000001f24d826028 sp=0x00000013c6bfc7e0
Event: 226.449 Thread 0x000001f23d5ef000 DEOPT UNPACKING pc=0x000001f245d7a1af sp=0x00000013c6bfc7c8 mode 2
Event: 228.348 Thread 0x000001f23d5ef000 DEOPT PACKING pc=0x000001f246375951 sp=0x00000013c6bfc750
Event: 228.351 Thread 0x000001f23d5ef000 DEOPT UNPACKING pc=0x000001f245d7a95e sp=0x00000013c6bfbc18 mode 0
Event: 228.358 Thread 0x000001f23d5ef000 DEOPT PACKING pc=0x000001f246375951 sp=0x00000013c6bfc750
Event: 228.358 Thread 0x000001f23d5ef000 DEOPT UNPACKING pc=0x000001f245d7a95e sp=0x00000013c6bfbc18 mode 0
Event: 228.362 Thread 0x000001f23d5ef000 DEOPT PACKING pc=0x000001f246375951 sp=0x00000013c6bfc750
Event: 228.362 Thread 0x000001f23d5ef000 DEOPT UNPACKING pc=0x000001f245d7a95e sp=0x00000013c6bfbc18 mode 0
Event: 228.665 Thread 0x000001f23d5ef000 DEOPT PACKING pc=0x000001f24637ef21 sp=0x00000013c6bfc660
Event: 228.665 Thread 0x000001f23d5ef000 DEOPT UNPACKING pc=0x000001f245d7a95e sp=0x00000013c6bfbb58 mode 0

Classes redefined (0 events):
No events

Internal exceptions (17 events):
Event: 8.474 Thread 0x000001f23d5ef000 Exception <a 'java/lang/NoSuchMethodError'{0x00000000ffc69628}: 'int java.lang.invoke.DirectMethodHandle$Holder.invokeStaticInit(java.lang.Object, java.lang.Object)'> (0x00000000ffc69628) thrown at [s\src\hotspot\share\interpreter\linkResolver.cpp, line 773]
Event: 10.353 Thread 0x000001f23d5ef000 Exception <a 'java/lang/NoSuchMethodError'{0x00000000ffb3f7f8}: 'int java.lang.invoke.DirectMethodHandle$Holder.invokeSpecial(java.lang.Object, java.lang.Object, java.lang.Object, java.lang.Object)'> (0x00000000ffb3f7f8) thrown at [s\src\hotspot\share\interpreter\linkResolver.cpp, line 773]
Event: 10.371 Thread 0x000001f23d5ef000 Exception <a 'java/lang/NoSuchMethodError'{0x00000000ffb78188}: 'int java.lang.invoke.DirectMethodHandle$Holder.invokeSpecialIFC(java.lang.Object, java.lang.Object, int)'> (0x00000000ffb78188) thrown at [s\src\hotspot\share\interpreter\linkResolver.cpp, line 773]
Event: 98.073 Thread 0x000001f23d5ef000 Exception <a 'java/lang/NoClassDefFoundError'{0x00000000ff6c3190}: org/slf4j/impl/StaticMarkerBinder> (0x00000000ff6c3190) thrown at [s\src\hotspot\share\classfile\systemDictionary.cpp, line 219]
Event: 98.406 Thread 0x000001f23d5ef000 Exception <a 'java/lang/NoSuchMethodError'{0x00000000ff5c4de0}: 'java.lang.Object java.lang.invoke.DirectMethodHandle$Holder.invokeVirtual(java.lang.Object, java.lang.Object, java.lang.Object, java.lang.Object, java.lang.Object, java.lang.Object, java.lang.Object)'> (0x00000000ff5c4de0) thrown at [s\src\hotspot\share\interpreter\linkResolver.cpp, line 773]
Event: 98.410 Thread 0x000001f23d5ef000 Exception <a 'java/lang/NoSuchMethodError'{0x00000000ff5d8968}: 'java.lang.Object java.lang.invoke.Invokers$Holder.invoker(java.lang.Object, java.lang.Object, java.lang.Object)'> (0x00000000ff5d8968) thrown at [s\src\hotspot\share\interpreter\linkResolver.cpp, line 773]
Event: 98.628 Thread 0x000001f23d5ef000 Exception <a 'java/lang/NoSuchMethodError'{0x00000000ff5e9560}: 'void java.lang.invoke.DelegatingMethodHandle$Holder.delegate(java.lang.Object, java.lang.Object, int, java.lang.Object)'> (0x00000000ff5e9560) thrown at [s\src\hotspot\share\interpreter\linkResolver.cpp, line 773]
Event: 100.605 Thread 0x000001f23d5ef000 Exception <a 'java/lang/NoSuchMethodError'{0x00000000fead8c60}: 'java.lang.Object java.lang.invoke.DirectMethodHandle$Holder.invokeStaticInit(java.lang.Object, java.lang.Object, java.lang.Object)'> (0x00000000fead8c60) thrown at [s\src\hotspot\share\interpreter\linkResolver.cpp, line 773]
Event: 101.933 Thread 0x000001f23d5ef000 Exception <a 'java/lang/NoSuchMethodError'{0x00000000fe5e5e20}: 'java.lang.Object java.lang.invoke.DirectMethodHandle$Holder.invokeStaticInit(java.lang.Object, int, int, int, int)'> (0x00000000fe5e5e20) thrown at [s\src\hotspot\share\interpreter\linkResolver.cpp, line 773]
Event: 151.654 Thread 0x000001f23d5ef000 Exception <a 'java/lang/NoSuchMethodError'{0x00000000fe40c370}: 'java.lang.Object java.lang.invoke.DirectMethodHandle$Holder.invokeStaticInit(java.lang.Object, java.lang.Object, int, int, int, int)'> (0x00000000fe40c370) thrown at [s\src\hotspot\share\interpreter\linkResolver.cpp, line 773]
Event: 226.406 Thread 0x000001f23d5ef000 Exception <a 'java/lang/NoSuchMethodError'{0x00000000fe4e78e0}: 'void java.lang.invoke.DirectMethodHandle$Holder.invokeSpecial(java.lang.Object, java.lang.Object)'> (0x00000000fe4e78e0) thrown at [s\src\hotspot\share\interpreter\linkResolver.cpp, line 773]
Event: 226.439 Thread 0x000001f23d5ef000 Implicit null exception at 0x000001f24d8250f4 to 0x000001f24d8255c4
Event: 226.449 Thread 0x000001f23d5ef000 Implicit null exception at 0x000001f24d825b74 to 0x000001f24d826014
Event: 227.682 Thread 0x000001f258c4c800 Exception <a 'java/io/IOException'{0x00000000fed365b0}> (0x00000000fed365b0) thrown at [s\src\hotspot\share\prims\jni.cpp, line 617]
Event: 227.683 Thread 0x000001f258c4c800 Exception <a 'java/io/IOException'{0x00000000fed36b68}> (0x00000000fed36b68) thrown at [s\src\hotspot\share\prims\jni.cpp, line 617]
Event: 227.684 Thread 0x000001f258c4c800 Exception <a 'java/io/IOException'{0x00000000fed36f20}> (0x00000000fed36f20) thrown at [s\src\hotspot\share\prims\jni.cpp, line 617]
Event: 227.684 Thread 0x000001f258c4c800 Exception <a 'java/io/IOException'{0x00000000fed374d8}> (0x00000000fed374d8) thrown at [s\src\hotspot\share\prims\jni.cpp, line 617]

Events (20 events):
Event: 227.700 loading class org/gradle/internal/classloader/ClassLoaderVisitor done
Event: 227.701 loading class org/gradle/internal/classloader/ClassLoaderHierarchy
Event: 227.701 loading class org/gradle/internal/classloader/ClassLoaderHierarchy done
Event: 227.706 loading class org/gradle/internal/classloader/SystemClassLoaderSpec
Event: 227.706 loading class org/gradle/internal/classloader/SystemClassLoaderSpec done
Event: 227.709 loading class org/gradle/internal/classloader/ClassLoaderSpec
Event: 227.709 loading class org/gradle/internal/classloader/ClassLoaderSpec done
Event: 227.709 loading class org/gradle/internal/classpath/DefaultClassPath$ImmutableUniqueList$Builder
Event: 227.709 loading class org/gradle/internal/classpath/DefaultClassPath$ImmutableUniqueList$Builder done
Event: 228.041 loading class org/gradle/api/internal/classpath/ManifestUtil
Event: 228.041 loading class org/gradle/api/internal/classpath/ManifestUtil done
Event: 228.095 Executing VM operation: RevokeBias
Event: 228.340 Executing VM operation: RevokeBias done
Event: 228.341 Executing VM operation: RevokeBias
Event: 228.341 Executing VM operation: RevokeBias done
Event: 228.341 Executing VM operation: RevokeBias
Event: 228.343 Executing VM operation: RevokeBias done
Event: 228.344 loading class org/gradle/internal/logging/sink/GroupingProgressLogEventGenerator$OperationState
Event: 228.344 loading class org/gradle/internal/logging/sink/GroupingProgressLogEventGenerator$OperationState done
Event: 228.355 Loaded shared library C:\Program Files\Microsoft\jdk-11.0.20.8-hotspot\bin\zip.dll


Dynamic libraries:
0x00007ff61d5b0000 - 0x00007ff61d5bd000 	C:\Program Files\Microsoft\jdk-11.0.20.8-hotspot\bin\java.exe
0x00007ff9c2290000 - 0x00007ff9c2487000 	C:\WINDOWS\SYSTEM32\ntdll.dll
0x00007ff9c0c10000 - 0x00007ff9c0ccd000 	C:\WINDOWS\System32\KERNEL32.DLL
0x00007ff9bf970000 - 0x00007ff9bfc66000 	C:\WINDOWS\System32\KERNELBASE.dll
0x00007ff9bfc70000 - 0x00007ff9bfd70000 	C:\WINDOWS\System32\ucrtbase.dll
0x00007ff9ab160000 - 0x00007ff9ab177000 	C:\Program Files\Microsoft\jdk-11.0.20.8-hotspot\bin\jli.dll
0x00007ff9c20b0000 - 0x00007ff9c224e000 	C:\WINDOWS\System32\USER32.dll
0x00007ff9bfec0000 - 0x00007ff9bfee2000 	C:\WINDOWS\System32\win32u.dll
0x00007ff9c0e50000 - 0x00007ff9c0e7c000 	C:\WINDOWS\System32\GDI32.dll
0x00007ff9c0050000 - 0x00007ff9c016a000 	C:\WINDOWS\System32\gdi32full.dll
0x00007ff9bfe20000 - 0x00007ff9bfebd000 	C:\WINDOWS\System32\msvcp_win.dll
0x00007ff9aa6e0000 - 0x00007ff9aa6f5000 	C:\Program Files\Microsoft\jdk-11.0.20.8-hotspot\bin\VCRUNTIME140.dll
0x00007ff9b4440000 - 0x00007ff9b46da000 	C:\WINDOWS\WinSxS\amd64_microsoft.windows.common-controls_6595b64144ccf1df_6.0.19041.3570_none_60bb2a3971f3e41a\COMCTL32.dll
0x00007ff9c07c0000 - 0x00007ff9c085e000 	C:\WINDOWS\System32\msvcrt.dll
0x00007ff9c2070000 - 0x00007ff9c20a0000 	C:\WINDOWS\System32\IMM32.DLL
0x00007ff9bf6c0000 - 0x00007ff9bf6f1000 	C:\Windows\system32\nvinitx.dll
0x00007ff9c0640000 - 0x00007ff9c06ee000 	C:\WINDOWS\System32\ADVAPI32.dll
0x00007ff9c1030000 - 0x00007ff9c10cc000 	C:\WINDOWS\System32\sechost.dll
0x00007ff9c04b0000 - 0x00007ff9c05d6000 	C:\WINDOWS\System32\RPCRT4.dll
0x00007ff9bf6b0000 - 0x00007ff9bf6ba000 	C:\WINDOWS\SYSTEM32\VERSION.dll
0x000000000f000000 - 0x000000000f006000 	C:\Program Files\NVIDIA Corporation\CoProcManager\_etoured.dll
0x00007ff9bb7c0000 - 0x00007ff9bb7f2000 	C:\Program Files\NVIDIA Corporation\CoProcManager\nvd3d9wrapx.dll
0x00007ff9c14a0000 - 0x00007ff9c190e000 	C:\WINDOWS\System32\SETUPAPI.dll
0x00007ff9c0230000 - 0x00007ff9c027e000 	C:\WINDOWS\System32\cfgmgr32.dll
0x00007ff9c0170000 - 0x00007ff9c0197000 	C:\WINDOWS\System32\bcrypt.dll
0x00007ff9bb410000 - 0x00007ff9bb432000 	C:\Program Files\NVIDIA Corporation\CoProcManager\nvdxgiwrapx.dll
0x00007ff98e300000 - 0x00007ff98e39b000 	C:\Program Files\Microsoft\jdk-11.0.20.8-hotspot\bin\msvcp140.dll
0x00007ff96c630000 - 0x00007ff96d1c6000 	C:\Program Files\Microsoft\jdk-11.0.20.8-hotspot\bin\server\jvm.dll
0x00007ff9c20a0000 - 0x00007ff9c20a8000 	C:\WINDOWS\System32\PSAPI.DLL
0x00007ff9ab770000 - 0x00007ff9ab779000 	C:\WINDOWS\SYSTEM32\WSOCK32.dll
0x00007ff9c10d0000 - 0x00007ff9c113b000 	C:\WINDOWS\System32\WS2_32.dll
0x00007ff9b46f0000 - 0x00007ff9b4717000 	C:\WINDOWS\SYSTEM32\WINMM.dll
0x00007ff9bd7c0000 - 0x00007ff9bd7d2000 	C:\WINDOWS\SYSTEM32\kernel.appcore.dll
0x00007ff9ab6c0000 - 0x00007ff9ab6d0000 	C:\Program Files\Microsoft\jdk-11.0.20.8-hotspot\bin\verify.dll
0x00007ff9b1bc0000 - 0x00007ff9b1da4000 	C:\WINDOWS\SYSTEM32\DBGHELP.DLL
0x00007ff9b1b80000 - 0x00007ff9b1bb4000 	C:\WINDOWS\SYSTEM32\dbgcore.DLL
0x00007ff9c01a0000 - 0x00007ff9c0222000 	C:\WINDOWS\System32\bcryptPrimitives.dll
0x00007ff9a05c0000 - 0x00007ff9a05e8000 	C:\Program Files\Microsoft\jdk-11.0.20.8-hotspot\bin\java.dll
0x00007ff9ab540000 - 0x00007ff9ab54a000 	C:\Program Files\Microsoft\jdk-11.0.20.8-hotspot\bin\jimage.dll
0x00007ff9aa480000 - 0x00007ff9aa498000 	C:\Program Files\Microsoft\jdk-11.0.20.8-hotspot\bin\zip.dll
0x00007ff9c1920000 - 0x00007ff9c2064000 	C:\WINDOWS\System32\SHELL32.dll
0x00007ff9bd9c0000 - 0x00007ff9be15b000 	C:\WINDOWS\SYSTEM32\windows.storage.dll
0x00007ff9c1140000 - 0x00007ff9c1494000 	C:\WINDOWS\System32\combase.dll
0x00007ff9bf2f0000 - 0x00007ff9bf31d000 	C:\WINDOWS\SYSTEM32\Wldp.dll
0x00007ff9c0b60000 - 0x00007ff9c0c0d000 	C:\WINDOWS\System32\SHCORE.dll
0x00007ff9c0450000 - 0x00007ff9c04a5000 	C:\WINDOWS\System32\shlwapi.dll
0x00007ff9bf8a0000 - 0x00007ff9bf8c5000 	C:\WINDOWS\SYSTEM32\profapi.dll
0x00007ff9a8f60000 - 0x00007ff9a8f79000 	C:\Program Files\Microsoft\jdk-11.0.20.8-hotspot\bin\net.dll
0x00007ff9b34c0000 - 0x00007ff9b35ca000 	C:\WINDOWS\SYSTEM32\WINHTTP.dll
0x00007ff9beff0000 - 0x00007ff9bf05a000 	C:\WINDOWS\system32\mswsock.dll
0x00007ff9a8f10000 - 0x00007ff9a8f23000 	C:\Program Files\Microsoft\jdk-11.0.20.8-hotspot\bin\nio.dll
0x00007ff99daa0000 - 0x00007ff99dac7000 	C:\Users\YAHIYAH\.gradle\native\68d5fa5c4cc2d200863cafc0d521ce42e7d3e7ee720ec0a83991735586a16f82\windows-amd64\native-platform.dll
0x00007ff9ab110000 - 0x00007ff9ab119000 	C:\Program Files\Microsoft\jdk-11.0.20.8-hotspot\bin\management.dll
0x00007ff9a9750000 - 0x00007ff9a975b000 	C:\Program Files\Microsoft\jdk-11.0.20.8-hotspot\bin\management_ext.dll
0x00007ff9bf1e0000 - 0x00007ff9bf1f8000 	C:\WINDOWS\SYSTEM32\CRYPTSP.dll
0x00007ff9be900000 - 0x00007ff9be934000 	C:\WINDOWS\system32\rsaenh.dll
0x00007ff9bf860000 - 0x00007ff9bf88e000 	C:\WINDOWS\SYSTEM32\USERENV.dll
0x00007ff9bf200000 - 0x00007ff9bf20c000 	C:\WINDOWS\SYSTEM32\CRYPTBASE.dll
0x00007ff9bece0000 - 0x00007ff9bed1b000 	C:\WINDOWS\SYSTEM32\IPHLPAPI.DLL
0x00007ff9c1910000 - 0x00007ff9c1918000 	C:\WINDOWS\System32\NSI.dll
0x00007ff9b3c10000 - 0x00007ff9b3c27000 	C:\WINDOWS\SYSTEM32\dhcpcsvc6.DLL
0x00007ff9b43b0000 - 0x00007ff9b43cd000 	C:\WINDOWS\SYSTEM32\dhcpcsvc.DLL
0x00007ff9bed20000 - 0x00007ff9bedea000 	C:\WINDOWS\SYSTEM32\DNSAPI.dll

dbghelp: loaded successfully - version: 4.0.5 - missing functions: none
symbol engine: initialized successfully - sym options: 0x614 - pdb path: .;C:\Program Files\Microsoft\jdk-11.0.20.8-hotspot\bin;C:\WINDOWS\SYSTEM32;C:\WINDOWS\WinSxS\amd64_microsoft.windows.common-controls_6595b64144ccf1df_6.0.19041.3570_none_60bb2a3971f3e41a;C:\Program Files\NVIDIA Corporation\CoProcManager;C:\Program Files\Microsoft\jdk-11.0.20.8-hotspot\bin\server;C:\Users\YAHIYAH\.gradle\native\68d5fa5c4cc2d200863cafc0d521ce42e7d3e7ee720ec0a83991735586a16f82\windows-amd64

VM Arguments:
jvm_args: -Xmx64m -Xms64m -Dorg.gradle.appname=gradlew 
java_command: org.gradle.wrapper.GradleWrapperMain app:installDebug -PreactNativeDevServerPort=8081
java_class_path (initial): D:\React native\Layyan\android\\gradle\wrapper\gradle-wrapper.jar
Launcher Type: SUN_STANDARD

[Global flags]
     intx CICompilerCount                          = 3                                         {product} {ergonomic}
     uint ConcGCThreads                            = 1                                         {product} {ergonomic}
     uint G1ConcRefinementThreads                  = 4                                         {product} {ergonomic}
   size_t G1HeapRegionSize                         = 1048576                                   {product} {ergonomic}
    uintx GCDrainStackTargetSize                   = 64                                        {product} {ergonomic}
   size_t InitialHeapSize                          = 67108864                                  {product} {command line}
   size_t MarkStackSize                            = 4194304                                   {product} {ergonomic}
   size_t MaxHeapSize                              = 67108864                                  {product} {command line}
   size_t MaxNewSize                               = 39845888                                  {product} {ergonomic}
   size_t MinHeapDeltaBytes                        = 1048576                                   {product} {ergonomic}
    uintx NonNMethodCodeHeapSize                   = 5830732                                {pd product} {ergonomic}
    uintx NonProfiledCodeHeapSize                  = 122913754                              {pd product} {ergonomic}
    uintx ProfiledCodeHeapSize                     = 122913754                              {pd product} {ergonomic}
    uintx ReservedCodeCacheSize                    = 251658240                              {pd product} {ergonomic}
     bool SegmentedCodeCache                       = true                                      {product} {ergonomic}
     bool UseCompressedClassPointers               = true                                 {lp64_product} {ergonomic}
     bool UseCompressedOops                        = true                                 {lp64_product} {ergonomic}
     bool UseG1GC                                  = true                                      {product} {ergonomic}
     bool UseLargePagesIndividualAllocation        = false                                  {pd product} {ergonomic}

Logging:
Log output configuration:
 #0: stdout all=warning uptime,level,tags
 #1: stderr all=off uptime,level,tags

Environment Variables:
JAVA_HOME=C:\Program Files\Microsoft\jdk-11.0.20.8-hotspot
CLASSPATH=D:\React native\Layyan\android\\gradle\wrapper\gradle-wrapper.jar
PATH=D:\React native\Layyan\node_modules\.bin;D:\React native\Layyan\node_modules\.bin;D:\React native\node_modules\.bin;D:\node_modules\.bin;C:\Program Files\nodejs\node_modules\npm\node_modules\@npmcli\run-script\lib\node-gyp-bin;D:\React native\Layyan\node_modules\.bin;D:\React native\Layyan\node_modules\.bin;D:\React native\node_modules\.bin;D:\node_modules\.bin;C:\Program Files\nodejs\node_modules\npm\node_modules\@npmcli\run-script\lib\node-gyp-bin;C:\Program Files\Microsoft\jdk-11.0.20.8-hotspot\bin;C:\Program Files\OpenLogic\jdk-11.0.20.8-hotspot\bin;C:\WINDOWS\system32;C:\WINDOWS;C:\WINDOWS\System32\Wbem;C:\WINDOWS\System32\WindowsPowerShell\v1.0\;C:\WINDOWS\System32\OpenSSH\;C:\Program Files\Microsoft SQL Server\150\Tools\Binn\;C:\Program Files\nodejs\;C:\ProgramData\chocolatey\bin;C:\Users\YAHIYAH\AppData\Local\Android\Sdk\platform-tools;C:\Program Files\OpenLogic\jdk-11.0.20.8-hotspot\;C:\Program Files\Microsoft\jdk-11.0.20.8-hotspot;C:\Users\YAHIYAH\AppData\Local\Programs\Python\Python311\Scripts\;C:\Users\YAHIYAH\AppData\Local\Programs\Python\Python311\;C:\Users\YAHIYAH\AppData\Local\Microsoft\WindowsApps;C:\Users\YAHIYAH\AppData\Local\Programs\Microsoft VS Code\bin;C:\Users\YAHIYAH\AppData\Roaming\npm;C:\Users\YAHIYAH\AppData\Local\Android\Sdk;C:\Users\YAHIYAH\AppData\Local\Android\Sdk\platform-tools;C:\Program Files\Microsoft\jdk-11.0.20.8-hotspot;
USERNAME=YAHIYAH
LANG=en_US.UTF-8
OS=Windows_NT
PROCESSOR_IDENTIFIER=Intel64 Family 6 Model 58 Stepping 9, GenuineIntel
TMP=C:\Users\YAHIYAH\AppData\Local\Temp
TEMP=C:\Users\YAHIYAH\AppData\Local\Temp



---------------  S Y S T E M  ---------------

OS: Windows 10 , 64 bit Build 19041 (10.0.19041.3570)
OS uptime: 22 days 17:08 hours

CPU:total 4 (initial active 4) (2 cores per cpu, 2 threads per core) family 6 model 58 stepping 9 microcode 0x21, cmov, cx8, fxsr, mmx, sse, sse2, sse3, ssse3, sse4.1, sse4.2, popcnt, avx, clmul, erms, ht, tsc, tscinvbit, tscinv

Memory: 4k page, system-wide physical 7893M (163M free)
TotalPageFile size 32469M (AvailPageFile size 1M)
current process WorkingSet (physical memory assigned to process): 43M, peak: 69M
current process commit charge ("private bytes"): 152M, peak: 153M

vm_info: OpenJDK 64-Bit Server VM (11.0.20+8-LTS) for windows-amd64 JRE (11.0.20+8-LTS), built on Jul  7 2023 17:05:21 by "MicrosoftCorporation" with MS VC++ 15.9 (VS2017)

END.
