#
# There is insufficient memory for the Java Runtime Environment to continue.
# Native memory allocation (malloc) failed to allocate 295776 bytes for Chunk::new
# Possible reasons:
#   The system is out of physical RAM or swap space
#   The process is running with CompressedOops enabled, and the Java Heap may be blocking the growth of the native heap
# Possible solutions:
#   Reduce memory load on the system
#   Increase physical memory or swap space
#   Check if swap backing store is full
#   Decrease Java heap size (-Xmx/-Xms)
#   Decrease number of Java threads
#   Decrease Java thread stack sizes (-Xss)
#   Set larger code cache with -XX:ReservedCodeCacheSize=
#   JVM is running with Unscaled Compressed Oops mode in which the Java heap is
#     placed in the first 4GB address space. The Java Heap base address is the
#     maximum limit for the native heap growth. Please use -XX:HeapBaseMinAddress
#     to set the Java Heap base and to place the Java Heap above 4GB virtual address.
# This output file may be truncated or incomplete.
#
#  Out of Memory Error (arena.cpp:197), pid=33432, tid=33440
#
# JRE version: OpenJDK Runtime Environment Microsoft-8035250 (11.0.20+8) (build 11.0.20+8-LTS)
# Java VM: OpenJDK 64-Bit Server VM Microsoft-8035250 (11.0.20+8-LTS, mixed mode, tiered, compressed oops, g1 gc, windows-amd64)
# No core dump will be written. Minidumps are not enabled by default on client versions of Windows
#

---------------  S U M M A R Y ------------

Command Line: -Xmx64m -Xms64m -Dorg.gradle.appname=gradlew org.gradle.wrapper.GradleWrapperMain app:installDebug -PreactNativeDevServerPort=8081

Host: Intel(R) Core(TM) i5-3230M CPU @ 2.60GHz, 4 cores, 7G,  Windows 10 , 64 bit Build 19041 (10.0.19041.3570)
Time: Tue Dec  5 17:20:57 2023 Pakistan Standard Time elapsed time: 51.064546 seconds (0d 0h 0m 51s)

---------------  T H R E A D  ---------------

Current thread (0x000002221d483000):  JavaThread "C2 CompilerThread0" daemon [_thread_in_native, id=33440, stack(0x000000302d500000,0x000000302d600000)]


Current CompileTask:
C2:  51064 1044   !   4       jdk.internal.loader.URLClassPath$JarLoader::getResource (353 bytes)

Stack: [0x000000302d500000,0x000000302d600000]
Native frames: (J=compiled Java code, j=interpreted, Vv=VM code, C=native code)
V  [jvm.dll+0x62e9da]
V  [jvm.dll+0x7bc4e9]
V  [jvm.dll+0x7bdbd8]
V  [jvm.dll+0x7be2b3]
V  [jvm.dll+0x2505a8]
V  [jvm.dll+0xc263c]
V  [jvm.dll+0xc2bfc]
V  [jvm.dll+0x2c56a4]
V  [jvm.dll+0x536a1c]
V  [jvm.dll+0x209056]
V  [jvm.dll+0x20b223]
V  [jvm.dll+0x20881b]
V  [jvm.dll+0x18a7de]
V  [jvm.dll+0x2181ec]
V  [jvm.dll+0x21642b]
V  [jvm.dll+0x77efc0]
V  [jvm.dll+0x777db4]
V  [jvm.dll+0x62d845]
C  [ucrtbase.dll+0x21bb2]
C  [KERNEL32.DLL+0x17344]
C  [ntdll.dll+0x526b1]


---------------  P R O C E S S  ---------------

Threads class SMR info:
_java_thread_list=0x000002221e70c720, length=11, elements={
0x000002220363f000, 0x000002221d473000, 0x000002221d474800, 0x000002221d47e000,
0x000002221d480000, 0x000002221d481000, 0x000002221d483000, 0x000002221d488800,
0x000002221d48b800, 0x000002221deeb800, 0x000002221e550800
}

Java Threads: ( => current thread )
  0x000002220363f000 JavaThread "main" [_thread_in_Java, id=33564, stack(0x000000302c800000,0x000000302c900000)]
  0x000002221d473000 JavaThread "Reference Handler" daemon [_thread_blocked, id=10516, stack(0x000000302d000000,0x000000302d100000)]
  0x000002221d474800 JavaThread "Finalizer" daemon [_thread_blocked, id=7796, stack(0x000000302d100000,0x000000302d200000)]
  0x000002221d47e000 JavaThread "Signal Dispatcher" daemon [_thread_blocked, id=33324, stack(0x000000302d200000,0x000000302d300000)]
  0x000002221d480000 JavaThread "Attach Listener" daemon [_thread_blocked, id=33352, stack(0x000000302d300000,0x000000302d400000)]
  0x000002221d481000 JavaThread "Service Thread" daemon [_thread_blocked, id=33224, stack(0x000000302d400000,0x000000302d500000)]
=>0x000002221d483000 JavaThread "C2 CompilerThread0" daemon [_thread_in_native, id=33440, stack(0x000000302d500000,0x000000302d600000)]
  0x000002221d488800 JavaThread "C1 CompilerThread0" daemon [_thread_blocked, id=13380, stack(0x000000302d600000,0x000000302d700000)]
  0x000002221d48b800 JavaThread "Sweeper thread" daemon [_thread_blocked, id=17060, stack(0x000000302d700000,0x000000302d800000)]
  0x000002221deeb800 JavaThread "Common-Cleaner" daemon [_thread_blocked, id=32836, stack(0x000000302d900000,0x000000302da00000)]
  0x000002221e550800 JavaThread "pool-1-thread-1" [_thread_blocked, id=18980, stack(0x000000302db00000,0x000000302dc00000)]

Other Threads:
  0x000002221d436000 VMThread "VM Thread" [stack: 0x000000302cf00000,0x000000302d000000] [id=13716]
  0x000002221deac800 WatcherThread [stack: 0x000000302d800000,0x000000302d900000] [id=33176]
  0x0000022203656800 GCTaskThread "GC Thread#0" [stack: 0x000000302ca00000,0x000000302cb00000] [id=31312]
  0x000002221e360800 GCTaskThread "GC Thread#1" [stack: 0x000000302da00000,0x000000302db00000] [id=23464]
  0x0000022203660000 ConcurrentGCThread "G1 Main Marker" [stack: 0x000000302cb00000,0x000000302cc00000] [id=31300]
  0x0000022203661800 ConcurrentGCThread "G1 Conc#0" [stack: 0x000000302cc00000,0x000000302cd00000] [id=30424]
  0x00000222036b5800 ConcurrentGCThread "G1 Refine#0" [stack: 0x000000302cd00000,0x000000302ce00000] [id=31400]
  0x00000222036b6800 ConcurrentGCThread "G1 Young RemSet Sampling" [stack: 0x000000302ce00000,0x000000302cf00000] [id=21832]

Threads with active compile tasks:
C2 CompilerThread0    51107 1044   !   4       jdk.internal.loader.URLClassPath$JarLoader::getResource (353 bytes)

VM state:not at safepoint (normal execution)

VM Mutex/Monitor currently owned by a thread: None

Heap address: 0x00000000fc000000, size: 64 MB, Compressed Oops mode: 32-bit
Narrow klass base: 0x0000000000000000, Narrow klass shift: 3
Compressed class space size: 1073741824 Address: 0x0000000100000000

Heap:
 garbage-first heap   total 65536K, used 27909K [0x00000000fc000000, 0x0000000100000000)
  region size 1024K, 24 young (24576K), 2 survivors (2048K)
 Metaspace       used 13199K, capacity 13480K, committed 13696K, reserved 1060864K
  class space    used 1468K, capacity 1602K, committed 1664K, reserved 1048576K
Heap Regions: E=young(eden), S=young(survivor), O=old, HS=humongous(starts), HC=humongous(continues), CS=collection set, F=free, A=archive, TAMS=top-at-mark-start (previous, next)
|   0|0x00000000fc000000, 0x00000000fc100000, 0x00000000fc100000|100%| O|  |TAMS 0x00000000fc000000, 0x00000000fc000000| Untracked 
|   1|0x00000000fc100000, 0x00000000fc141400, 0x00000000fc200000| 25%| O|  |TAMS 0x00000000fc100000, 0x00000000fc100000| Untracked 
|   2|0x00000000fc200000, 0x00000000fc300000, 0x00000000fc300000|100%|HS|  |TAMS 0x00000000fc200000, 0x00000000fc200000| Complete 
|   3|0x00000000fc300000, 0x00000000fc400000, 0x00000000fc400000|100%|HC|  |TAMS 0x00000000fc300000, 0x00000000fc300000| Complete 
|   4|0x00000000fc400000, 0x00000000fc500000, 0x00000000fc500000|100%|HC|  |TAMS 0x00000000fc400000, 0x00000000fc400000| Complete 
|   5|0x00000000fc500000, 0x00000000fc600000, 0x00000000fc600000|100%|HC|  |TAMS 0x00000000fc500000, 0x00000000fc500000| Complete 
|   6|0x00000000fc600000, 0x00000000fc600000, 0x00000000fc700000|  0%| F|  |TAMS 0x00000000fc600000, 0x00000000fc600000| Untracked 
|   7|0x00000000fc700000, 0x00000000fc700000, 0x00000000fc800000|  0%| F|  |TAMS 0x00000000fc700000, 0x00000000fc700000| Untracked 
|   8|0x00000000fc800000, 0x00000000fc800000, 0x00000000fc900000|  0%| F|  |TAMS 0x00000000fc800000, 0x00000000fc800000| Untracked 
|   9|0x00000000fc900000, 0x00000000fc900000, 0x00000000fca00000|  0%| F|  |TAMS 0x00000000fc900000, 0x00000000fc900000| Untracked 
|  10|0x00000000fca00000, 0x00000000fca00000, 0x00000000fcb00000|  0%| F|  |TAMS 0x00000000fca00000, 0x00000000fca00000| Untracked 
|  11|0x00000000fcb00000, 0x00000000fcb00000, 0x00000000fcc00000|  0%| F|  |TAMS 0x00000000fcb00000, 0x00000000fcb00000| Untracked 
|  12|0x00000000fcc00000, 0x00000000fcc00000, 0x00000000fcd00000|  0%| F|  |TAMS 0x00000000fcc00000, 0x00000000fcc00000| Untracked 
|  13|0x00000000fcd00000, 0x00000000fcd00000, 0x00000000fce00000|  0%| F|  |TAMS 0x00000000fcd00000, 0x00000000fcd00000| Untracked 
|  14|0x00000000fce00000, 0x00000000fce00000, 0x00000000fcf00000|  0%| F|  |TAMS 0x00000000fce00000, 0x00000000fce00000| Untracked 
|  15|0x00000000fcf00000, 0x00000000fcf00000, 0x00000000fd000000|  0%| F|  |TAMS 0x00000000fcf00000, 0x00000000fcf00000| Untracked 
|  16|0x00000000fd000000, 0x00000000fd000000, 0x00000000fd100000|  0%| F|  |TAMS 0x00000000fd000000, 0x00000000fd000000| Untracked 
|  17|0x00000000fd100000, 0x00000000fd100000, 0x00000000fd200000|  0%| F|  |TAMS 0x00000000fd100000, 0x00000000fd100000| Untracked 
|  18|0x00000000fd200000, 0x00000000fd200000, 0x00000000fd300000|  0%| F|  |TAMS 0x00000000fd200000, 0x00000000fd200000| Untracked 
|  19|0x00000000fd300000, 0x00000000fd300000, 0x00000000fd400000|  0%| F|  |TAMS 0x00000000fd300000, 0x00000000fd300000| Untracked 
|  20|0x00000000fd400000, 0x00000000fd400000, 0x00000000fd500000|  0%| F|  |TAMS 0x00000000fd400000, 0x00000000fd400000| Untracked 
|  21|0x00000000fd500000, 0x00000000fd500000, 0x00000000fd600000|  0%| F|  |TAMS 0x00000000fd500000, 0x00000000fd500000| Untracked 
|  22|0x00000000fd600000, 0x00000000fd600000, 0x00000000fd700000|  0%| F|  |TAMS 0x00000000fd600000, 0x00000000fd600000| Untracked 
|  23|0x00000000fd700000, 0x00000000fd700000, 0x00000000fd800000|  0%| F|  |TAMS 0x00000000fd700000, 0x00000000fd700000| Untracked 
|  24|0x00000000fd800000, 0x00000000fd800000, 0x00000000fd900000|  0%| F|  |TAMS 0x00000000fd800000, 0x00000000fd800000| Untracked 
|  25|0x00000000fd900000, 0x00000000fd900000, 0x00000000fda00000|  0%| F|  |TAMS 0x00000000fd900000, 0x00000000fd900000| Untracked 
|  26|0x00000000fda00000, 0x00000000fda00000, 0x00000000fdb00000|  0%| F|  |TAMS 0x00000000fda00000, 0x00000000fda00000| Untracked 
|  27|0x00000000fdb00000, 0x00000000fdb00000, 0x00000000fdc00000|  0%| F|  |TAMS 0x00000000fdb00000, 0x00000000fdb00000| Untracked 
|  28|0x00000000fdc00000, 0x00000000fdc00000, 0x00000000fdd00000|  0%| F|  |TAMS 0x00000000fdc00000, 0x00000000fdc00000| Untracked 
|  29|0x00000000fdd00000, 0x00000000fdd00000, 0x00000000fde00000|  0%| F|  |TAMS 0x00000000fdd00000, 0x00000000fdd00000| Untracked 
|  30|0x00000000fde00000, 0x00000000fde00000, 0x00000000fdf00000|  0%| F|  |TAMS 0x00000000fde00000, 0x00000000fde00000| Untracked 
|  31|0x00000000fdf00000, 0x00000000fdf00000, 0x00000000fe000000|  0%| F|  |TAMS 0x00000000fdf00000, 0x00000000fdf00000| Untracked 
|  32|0x00000000fe000000, 0x00000000fe000000, 0x00000000fe100000|  0%| F|  |TAMS 0x00000000fe000000, 0x00000000fe000000| Untracked 
|  33|0x00000000fe100000, 0x00000000fe100000, 0x00000000fe200000|  0%| F|  |TAMS 0x00000000fe100000, 0x00000000fe100000| Untracked 
|  34|0x00000000fe200000, 0x00000000fe200000, 0x00000000fe300000|  0%| F|  |TAMS 0x00000000fe200000, 0x00000000fe200000| Untracked 
|  35|0x00000000fe300000, 0x00000000fe300000, 0x00000000fe400000|  0%| F|  |TAMS 0x00000000fe300000, 0x00000000fe300000| Untracked 
|  36|0x00000000fe400000, 0x00000000fe400000, 0x00000000fe500000|  0%| F|  |TAMS 0x00000000fe400000, 0x00000000fe400000| Untracked 
|  37|0x00000000fe500000, 0x00000000fe500000, 0x00000000fe600000|  0%| F|  |TAMS 0x00000000fe500000, 0x00000000fe500000| Untracked 
|  38|0x00000000fe600000, 0x00000000fe600000, 0x00000000fe700000|  0%| F|  |TAMS 0x00000000fe600000, 0x00000000fe600000| Untracked 
|  39|0x00000000fe700000, 0x00000000fe700000, 0x00000000fe800000|  0%| F|  |TAMS 0x00000000fe700000, 0x00000000fe700000| Untracked 
|  40|0x00000000fe800000, 0x00000000fe900000, 0x00000000fe900000|100%| E|  |TAMS 0x00000000fe800000, 0x00000000fe800000| Complete 
|  41|0x00000000fe900000, 0x00000000fea00000, 0x00000000fea00000|100%| E|CS|TAMS 0x00000000fe900000, 0x00000000fe900000| Complete 
|  42|0x00000000fea00000, 0x00000000feb00000, 0x00000000feb00000|100%| E|CS|TAMS 0x00000000fea00000, 0x00000000fea00000| Complete 
|  43|0x00000000feb00000, 0x00000000fec00000, 0x00000000fec00000|100%| E|CS|TAMS 0x00000000feb00000, 0x00000000feb00000| Complete 
|  44|0x00000000fec00000, 0x00000000fed00000, 0x00000000fed00000|100%| E|CS|TAMS 0x00000000fec00000, 0x00000000fec00000| Complete 
|  45|0x00000000fed00000, 0x00000000fee00000, 0x00000000fee00000|100%| E|CS|TAMS 0x00000000fed00000, 0x00000000fed00000| Complete 
|  46|0x00000000fee00000, 0x00000000fef00000, 0x00000000fef00000|100%| E|CS|TAMS 0x00000000fee00000, 0x00000000fee00000| Complete 
|  47|0x00000000fef00000, 0x00000000ff000000, 0x00000000ff000000|100%| E|CS|TAMS 0x00000000fef00000, 0x00000000fef00000| Complete 
|  48|0x00000000ff000000, 0x00000000ff100000, 0x00000000ff100000|100%| S|CS|TAMS 0x00000000ff000000, 0x00000000ff000000| Complete 
|  49|0x00000000ff100000, 0x00000000ff200000, 0x00000000ff200000|100%| S|CS|TAMS 0x00000000ff100000, 0x00000000ff100000| Complete 
|  50|0x00000000ff200000, 0x00000000ff300000, 0x00000000ff300000|100%| E|CS|TAMS 0x00000000ff200000, 0x00000000ff200000| Complete 
|  51|0x00000000ff300000, 0x00000000ff400000, 0x00000000ff400000|100%| E|CS|TAMS 0x00000000ff300000, 0x00000000ff300000| Complete 
|  52|0x00000000ff400000, 0x00000000ff500000, 0x00000000ff500000|100%| E|CS|TAMS 0x00000000ff400000, 0x00000000ff400000| Complete 
|  53|0x00000000ff500000, 0x00000000ff600000, 0x00000000ff600000|100%| E|CS|TAMS 0x00000000ff500000, 0x00000000ff500000| Complete 
|  54|0x00000000ff600000, 0x00000000ff700000, 0x00000000ff700000|100%| E|CS|TAMS 0x00000000ff600000, 0x00000000ff600000| Complete 
|  55|0x00000000ff700000, 0x00000000ff800000, 0x00000000ff800000|100%| E|CS|TAMS 0x00000000ff700000, 0x00000000ff700000| Complete 
|  56|0x00000000ff800000, 0x00000000ff900000, 0x00000000ff900000|100%| E|CS|TAMS 0x00000000ff800000, 0x00000000ff800000| Complete 
|  57|0x00000000ff900000, 0x00000000ffa00000, 0x00000000ffa00000|100%| E|CS|TAMS 0x00000000ff900000, 0x00000000ff900000| Complete 
|  58|0x00000000ffa00000, 0x00000000ffb00000, 0x00000000ffb00000|100%| E|CS|TAMS 0x00000000ffa00000, 0x00000000ffa00000| Complete 
|  59|0x00000000ffb00000, 0x00000000ffc00000, 0x00000000ffc00000|100%| E|CS|TAMS 0x00000000ffb00000, 0x00000000ffb00000| Complete 
|  60|0x00000000ffc00000, 0x00000000ffd00000, 0x00000000ffd00000|100%| E|CS|TAMS 0x00000000ffc00000, 0x00000000ffc00000| Complete 
|  61|0x00000000ffd00000, 0x00000000ffe00000, 0x00000000ffe00000|100%| E|  |TAMS 0x00000000ffd00000, 0x00000000ffd00000| Complete 
|  62|0x00000000ffe00000, 0x00000000fff00000, 0x00000000fff00000|100%| E|CS|TAMS 0x00000000ffe00000, 0x00000000ffe00000| Complete 
|  63|0x00000000fff00000, 0x0000000100000000, 0x0000000100000000|100%| E|CS|TAMS 0x00000000fff00000, 0x00000000fff00000| Complete 

Card table byte_map: [0x0000022203440000,0x0000022203460000] _byte_map_base: 0x0000022202c60000

Marking Bits (Prev, Next): (CMBitMap*) 0x000002220365efe8, (CMBitMap*) 0x000002220365f020
 Prev Bits: [0x0000022203480000, 0x0000022203580000)
 Next Bits: [0x000002221ad80000, 0x000002221ae80000)

Polling page: 0x0000022201530000

Metaspace:

Usage:
  Non-class:     11.60 MB capacity,    11.46 MB ( 99%) used,   128.30 KB (  1%) free+waste,    18.44 KB ( <1%) overhead. 
      Class:      1.56 MB capacity,     1.43 MB ( 92%) used,   124.77 KB (  8%) free+waste,     9.19 KB ( <1%) overhead. 
       Both:     13.16 MB capacity,    12.89 MB ( 98%) used,   253.07 KB (  2%) free+waste,    27.63 KB ( <1%) overhead. 

Virtual space:
  Non-class space:       12.00 MB reserved,      11.75 MB ( 98%) committed 
      Class space:        1.00 GB reserved,       1.63 MB ( <1%) committed 
             Both:        1.01 GB reserved,      13.38 MB (  1%) committed 

Chunk freelists:
   Non-Class:  26.00 KB
       Class:  30.00 KB
        Both:  56.00 KB

MaxMetaspaceSize: 17179869184.00 GB
CompressedClassSpaceSize: 1.00 GB
Initial GC threshold: 20.80 MB
Current GC threshold: 20.80 MB
CDS: off

CodeHeap 'non-profiled nmethods': size=120064Kb used=430Kb max_used=430Kb free=119633Kb
 bounds [0x0000022213840000, 0x0000022213ab0000, 0x000002221ad80000]
CodeHeap 'profiled nmethods': size=120000Kb used=1983Kb max_used=1983Kb free=118016Kb
 bounds [0x000002220c310000, 0x000002220c580000, 0x0000022213840000]
CodeHeap 'non-nmethods': size=5696Kb used=1134Kb max_used=1148Kb free=4561Kb
 bounds [0x000002220bd80000, 0x000002220bff0000, 0x000002220c310000]
 total_blobs=1433 nmethods=1042 adapters=304
 compilation: enabled
              stopped_count=0, restarted_count=0
 full_count=0

Compilation events (20 events):
Event: 50.637 Thread 0x000002221d488800 nmethod 1034 0x00000222138aaf90 code [0x00000222138ab140, 0x00000222138ab1f8]
Event: 50.662 Thread 0x000002221d488800 1035       3       java.lang.reflect.Executable::<init> (5 bytes)
Event: 50.662 Thread 0x000002221d488800 nmethod 1035 0x000002220c4fcc10 code [0x000002220c4fcdc0, 0x000002220c4fcf78]
Event: 50.664 Thread 0x000002221d488800 1036       3       java.util.LinkedList$ListItr::next (56 bytes)
Event: 50.664 Thread 0x000002221d488800 nmethod 1036 0x000002220c4fd090 code [0x000002220c4fd280, 0x000002220c4fd738]
Event: 50.665 Thread 0x000002221d488800 1037       3       sun.reflect.generics.parser.SignatureParser::skipIdentifier (67 bytes)
Event: 50.666 Thread 0x000002221d488800 nmethod 1037 0x000002220c4fd910 code [0x000002220c4fdb20, 0x000002220c4fe0a8]
Event: 50.666 Thread 0x000002221d488800 1038       1       java.lang.reflect.Method::getGenericSignature (5 bytes)
Event: 50.666 Thread 0x000002221d488800 nmethod 1038 0x00000222138ab290 code [0x00000222138ab440, 0x00000222138ab4f8]
Event: 50.666 Thread 0x000002221d488800 1039       3       java.lang.Class::reflectionData (43 bytes)
Event: 50.666 Thread 0x000002221d488800 nmethod 1039 0x000002220c4fe290 code [0x000002220c4fe460, 0x000002220c4fe838]
Event: 50.668 Thread 0x000002221d488800 1040       3       java.util.HashMap::keySet (25 bytes)
Event: 50.668 Thread 0x000002221d488800 nmethod 1040 0x000002220c4fe990 code [0x000002220c4feb60, 0x000002220c4fef38]
Event: 50.980 Thread 0x000002221d488800 1041       3       java.lang.invoke.VarForm::getMemberName (21 bytes)
Event: 50.980 Thread 0x000002221d488800 nmethod 1041 0x000002220c4ff090 code [0x000002220c4ff260, 0x000002220c4ff488]
Event: 50.980 Thread 0x000002221d488800 1042       1       java.util.concurrent.locks.AbstractOwnableSynchronizer::getExclusiveOwnerThread (5 bytes)
Event: 50.981 Thread 0x000002221d488800 nmethod 1042 0x00000222138ab590 code [0x00000222138ab740, 0x00000222138ab7f8]
Event: 51.039 Thread 0x000002221d488800 1043       3       java.lang.invoke.MemberName::getType (19 bytes)
Event: 51.040 Thread 0x000002221d488800 nmethod 1043 0x000002220c4ff590 code [0x000002220c4ff780, 0x000002220c4ffb18]
Event: 51.046 Thread 0x000002221d483000 1044   !   4       jdk.internal.loader.URLClassPath$JarLoader::getResource (353 bytes)

GC Heap History (2 events):
Event: 27.920 GC heap before
{Heap before GC invocations=0 (full 0):
 garbage-first heap   total 65536K, used 13312K [0x00000000fc000000, 0x0000000100000000)
  region size 1024K, 14 young (14336K), 0 survivors (0K)
 Metaspace       used 7722K, capacity 7953K, committed 8192K, reserved 1056768K
  class space    used 675K, capacity 754K, committed 768K, reserved 1048576K
}
Event: 28.256 GC heap after
{Heap after GC invocations=1 (full 0):
 garbage-first heap   total 65536K, used 3333K [0x00000000fc000000, 0x0000000100000000)
  region size 1024K, 2 young (2048K), 2 survivors (2048K)
 Metaspace       used 7722K, capacity 7953K, committed 8192K, reserved 1056768K
  class space    used 675K, capacity 754K, committed 768K, reserved 1048576K
}

Deoptimization events (20 events):
Event: 45.760 Thread 0x000002220363f000 DEOPT PACKING pc=0x000002221385df88 sp=0x000000302c8fcf90
Event: 45.760 Thread 0x000002220363f000 DEOPT UNPACKING pc=0x000002220bdca1af sp=0x000000302c8fcf18 mode 2
Event: 45.760 Thread 0x000002220363f000 Uncommon trap: trap_request=0xffffffde fr.pc=0x000002221385e660 relative=0x0000000000000300
Event: 45.760 Thread 0x000002220363f000 Uncommon trap: reason=class_check action=maybe_recompile pc=0x000002221385e660 method=java.util.regex.Matcher.match(II)Z @ 121 c2
Event: 45.760 Thread 0x000002220363f000 DEOPT PACKING pc=0x000002221385e660 sp=0x000000302c8fcff0
Event: 45.760 Thread 0x000002220363f000 DEOPT UNPACKING pc=0x000002220bdca1af sp=0x000000302c8fcf88 mode 2
Event: 45.760 Thread 0x000002220363f000 Uncommon trap: trap_request=0xffffffde fr.pc=0x000002221385e660 relative=0x0000000000000300
Event: 45.760 Thread 0x000002220363f000 Uncommon trap: reason=class_check action=maybe_recompile pc=0x000002221385e660 method=java.util.regex.Matcher.match(II)Z @ 121 c2
Event: 45.760 Thread 0x000002220363f000 DEOPT PACKING pc=0x000002221385e660 sp=0x000000302c8fcff0
Event: 45.760 Thread 0x000002220363f000 DEOPT UNPACKING pc=0x000002220bdca1af sp=0x000000302c8fcf88 mode 2
Event: 45.761 Thread 0x000002220363f000 Uncommon trap: trap_request=0xffffffde fr.pc=0x000002221385e660 relative=0x0000000000000300
Event: 45.761 Thread 0x000002220363f000 Uncommon trap: reason=class_check action=maybe_recompile pc=0x000002221385e660 method=java.util.regex.Matcher.match(II)Z @ 121 c2
Event: 45.763 Thread 0x000002220363f000 DEOPT PACKING pc=0x000002221385e660 sp=0x000000302c8fce70
Event: 45.766 Thread 0x000002220363f000 DEOPT UNPACKING pc=0x000002220bdca1af sp=0x000000302c8fce08 mode 2
Event: 45.767 Thread 0x000002220363f000 Uncommon trap: trap_request=0xffffffde fr.pc=0x000002221385e660 relative=0x0000000000000300
Event: 45.767 Thread 0x000002220363f000 Uncommon trap: reason=class_check action=maybe_recompile pc=0x000002221385e660 method=java.util.regex.Matcher.match(II)Z @ 121 c2
Event: 45.767 Thread 0x000002220363f000 DEOPT PACKING pc=0x000002221385e660 sp=0x000000302c8fce70
Event: 45.767 Thread 0x000002220363f000 DEOPT UNPACKING pc=0x000002220bdca1af sp=0x000000302c8fce08 mode 2
Event: 50.623 Thread 0x000002220363f000 DEOPT PACKING pc=0x000002220c3ae3ff sp=0x000000302c8f8470
Event: 50.623 Thread 0x000002220363f000 DEOPT UNPACKING pc=0x000002220bdca95e sp=0x000000302c8f78c0 mode 0

Classes redefined (0 events):
No events

Internal exceptions (8 events):
Event: 8.244 Thread 0x000002220363f000 Exception <a 'java/lang/NoSuchMethodError'{0x00000000ffc69628}: 'int java.lang.invoke.DirectMethodHandle$Holder.invokeStaticInit(java.lang.Object, java.lang.Object)'> (0x00000000ffc69628) thrown at [s\src\hotspot\share\interpreter\linkResolver.cpp, line 773]
Event: 9.232 Thread 0x000002220363f000 Exception <a 'java/lang/NoSuchMethodError'{0x00000000ffb3f7f8}: 'int java.lang.invoke.DirectMethodHandle$Holder.invokeSpecial(java.lang.Object, java.lang.Object, java.lang.Object, java.lang.Object)'> (0x00000000ffb3f7f8) thrown at [s\src\hotspot\share\interpreter\linkResolver.cpp, line 773]
Event: 9.253 Thread 0x000002220363f000 Exception <a 'java/lang/NoSuchMethodError'{0x00000000ffb78188}: 'int java.lang.invoke.DirectMethodHandle$Holder.invokeSpecialIFC(java.lang.Object, java.lang.Object, int)'> (0x00000000ffb78188) thrown at [s\src\hotspot\share\interpreter\linkResolver.cpp, line 773]
Event: 46.871 Thread 0x000002220363f000 Exception <a 'java/lang/NoClassDefFoundError'{0x00000000ff6bf3b8}: org/slf4j/impl/StaticMarkerBinder> (0x00000000ff6bf3b8) thrown at [s\src\hotspot\share\classfile\systemDictionary.cpp, line 219]
Event: 47.133 Thread 0x000002220363f000 Exception <a 'java/lang/NoSuchMethodError'{0x00000000ff5b99f0}: 'java.lang.Object java.lang.invoke.DirectMethodHandle$Holder.invokeVirtual(java.lang.Object, java.lang.Object, java.lang.Object, java.lang.Object, java.lang.Object, java.lang.Object, java.lang.Object)'> (0x00000000ff5b99f0) thrown at [s\src\hotspot\share\interpreter\linkResolver.cpp, line 773]
Event: 47.138 Thread 0x000002220363f000 Exception <a 'java/lang/NoSuchMethodError'{0x00000000ff5cd4d8}: 'java.lang.Object java.lang.invoke.Invokers$Holder.invoker(java.lang.Object, java.lang.Object, java.lang.Object)'> (0x00000000ff5cd4d8) thrown at [s\src\hotspot\share\interpreter\linkResolver.cpp, line 773]
Event: 47.142 Thread 0x000002220363f000 Exception <a 'java/lang/NoSuchMethodError'{0x00000000ff5ddfa8}: 'void java.lang.invoke.DelegatingMethodHandle$Holder.delegate(java.lang.Object, java.lang.Object, int, java.lang.Object)'> (0x00000000ff5ddfa8) thrown at [s\src\hotspot\share\interpreter\linkResolver.cpp, line 773]
Event: 50.355 Thread 0x000002220363f000 Exception <a 'java/lang/NoSuchMethodError'{0x00000000fea95df0}: 'java.lang.Object java.lang.invoke.DirectMethodHandle$Holder.invokeStaticInit(java.lang.Object, java.lang.Object, java.lang.Object)'> (0x00000000fea95df0) thrown at [s\src\hotspot\share\interpreter\linkResolver.cpp, line 773]

Events (20 events):
Event: 51.042 loading class org/gradle/cache/PersistentStateCache$UpdateAction
Event: 51.042 loading class org/gradle/cache/PersistentStateCache$UpdateAction done
Event: 51.043 loading class org/gradle/cache/internal/FileIntegrityViolationSuppressingPersistentStateCacheDecorator
Event: 51.043 loading class org/gradle/cache/internal/FileIntegrityViolationSuppressingPersistentStateCacheDecorator done
Event: 51.043 loading class org/gradle/cache/FileIntegrityViolationException
Event: 51.043 loading class org/gradle/cache/FileIntegrityViolationException done
Event: 51.044 loading class org/gradle/cache/internal/SimpleStateCache
Event: 51.044 loading class org/gradle/cache/internal/SimpleStateCache done
Event: 51.045 loading class org/gradle/internal/serialize/Decoder
Event: 51.045 loading class org/gradle/internal/serialize/Decoder done
Event: 51.046 loading class org/gradle/internal/serialize/Encoder
Event: 51.046 loading class org/gradle/internal/serialize/Encoder done
Event: 51.048 loading class org/gradle/cache/internal/OnDemandFileAccess
Event: 51.048 loading class org/gradle/cache/internal/OnDemandFileAccess done
Event: 51.049 loading class org/gradle/cache/internal/AbstractFileAccess
Event: 51.049 loading class org/gradle/cache/internal/AbstractFileAccess done
Event: 51.050 loading class org/gradle/cache/LockOptions
Event: 51.050 loading class org/gradle/cache/LockOptions done
Event: 51.057 loading class org/gradle/launcher/daemon/registry/DaemonRegistryContent
Event: 51.057 loading class org/gradle/launcher/daemon/registry/DaemonRegistryContent done


Dynamic libraries:
0x00007ff61d5b0000 - 0x00007ff61d5bd000 	C:\Program Files\Microsoft\jdk-11.0.20.8-hotspot\bin\java.exe
0x00007ff9c2290000 - 0x00007ff9c2487000 	C:\WINDOWS\SYSTEM32\ntdll.dll
0x00007ff9c0c10000 - 0x00007ff9c0ccd000 	C:\WINDOWS\System32\KERNEL32.DLL
0x00007ff9bf970000 - 0x00007ff9bfc66000 	C:\WINDOWS\System32\KERNELBASE.dll
0x00007ff9bfc70000 - 0x00007ff9bfd70000 	C:\WINDOWS\System32\ucrtbase.dll
0x00007ff9ab160000 - 0x00007ff9ab177000 	C:\Program Files\Microsoft\jdk-11.0.20.8-hotspot\bin\jli.dll
0x00007ff9c20b0000 - 0x00007ff9c224e000 	C:\WINDOWS\System32\USER32.dll
0x00007ff9bfec0000 - 0x00007ff9bfee2000 	C:\WINDOWS\System32\win32u.dll
0x00007ff9c0e50000 - 0x00007ff9c0e7c000 	C:\WINDOWS\System32\GDI32.dll
0x00007ff9c0050000 - 0x00007ff9c016a000 	C:\WINDOWS\System32\gdi32full.dll
0x00007ff9bfe20000 - 0x00007ff9bfebd000 	C:\WINDOWS\System32\msvcp_win.dll
0x00007ff9aa6e0000 - 0x00007ff9aa6f5000 	C:\Program Files\Microsoft\jdk-11.0.20.8-hotspot\bin\VCRUNTIME140.dll
0x00007ff9b4440000 - 0x00007ff9b46da000 	C:\WINDOWS\WinSxS\amd64_microsoft.windows.common-controls_6595b64144ccf1df_6.0.19041.3570_none_60bb2a3971f3e41a\COMCTL32.dll
0x00007ff9c07c0000 - 0x00007ff9c085e000 	C:\WINDOWS\System32\msvcrt.dll
0x00007ff9c2070000 - 0x00007ff9c20a0000 	C:\WINDOWS\System32\IMM32.DLL
0x00007ff9bf6c0000 - 0x00007ff9bf6f1000 	C:\Windows\system32\nvinitx.dll
0x00007ff9c0640000 - 0x00007ff9c06ee000 	C:\WINDOWS\System32\ADVAPI32.dll
0x00007ff9c1030000 - 0x00007ff9c10cc000 	C:\WINDOWS\System32\sechost.dll
0x00007ff9c04b0000 - 0x00007ff9c05d6000 	C:\WINDOWS\System32\RPCRT4.dll
0x00007ff9bf6b0000 - 0x00007ff9bf6ba000 	C:\WINDOWS\SYSTEM32\VERSION.dll
0x000000000f000000 - 0x000000000f006000 	C:\Program Files\NVIDIA Corporation\CoProcManager\_etoured.dll
0x00007ff9bb7c0000 - 0x00007ff9bb7f2000 	C:\Program Files\NVIDIA Corporation\CoProcManager\nvd3d9wrapx.dll
0x00007ff9c14a0000 - 0x00007ff9c190e000 	C:\WINDOWS\System32\SETUPAPI.dll
0x00007ff9c0230000 - 0x00007ff9c027e000 	C:\WINDOWS\System32\cfgmgr32.dll
0x00007ff9c0170000 - 0x00007ff9c0197000 	C:\WINDOWS\System32\bcrypt.dll
0x00007ff9bb410000 - 0x00007ff9bb432000 	C:\Program Files\NVIDIA Corporation\CoProcManager\nvdxgiwrapx.dll
0x00007ff98e300000 - 0x00007ff98e39b000 	C:\Program Files\Microsoft\jdk-11.0.20.8-hotspot\bin\msvcp140.dll
0x00007ff96c630000 - 0x00007ff96d1c6000 	C:\Program Files\Microsoft\jdk-11.0.20.8-hotspot\bin\server\jvm.dll
0x00007ff9c20a0000 - 0x00007ff9c20a8000 	C:\WINDOWS\System32\PSAPI.DLL
0x00007ff9ab770000 - 0x00007ff9ab779000 	C:\WINDOWS\SYSTEM32\WSOCK32.dll
0x00007ff9c10d0000 - 0x00007ff9c113b000 	C:\WINDOWS\System32\WS2_32.dll
0x00007ff9b46f0000 - 0x00007ff9b4717000 	C:\WINDOWS\SYSTEM32\WINMM.dll
0x00007ff9bd7c0000 - 0x00007ff9bd7d2000 	C:\WINDOWS\SYSTEM32\kernel.appcore.dll
0x00007ff9ab6c0000 - 0x00007ff9ab6d0000 	C:\Program Files\Microsoft\jdk-11.0.20.8-hotspot\bin\verify.dll
0x00007ff9b1bc0000 - 0x00007ff9b1da4000 	C:\WINDOWS\SYSTEM32\DBGHELP.DLL
0x00007ff9b1b80000 - 0x00007ff9b1bb4000 	C:\WINDOWS\SYSTEM32\dbgcore.DLL
0x00007ff9c01a0000 - 0x00007ff9c0222000 	C:\WINDOWS\System32\bcryptPrimitives.dll
0x00007ff9a05c0000 - 0x00007ff9a05e8000 	C:\Program Files\Microsoft\jdk-11.0.20.8-hotspot\bin\java.dll
0x00007ff9ab540000 - 0x00007ff9ab54a000 	C:\Program Files\Microsoft\jdk-11.0.20.8-hotspot\bin\jimage.dll
0x00007ff9aa480000 - 0x00007ff9aa498000 	C:\Program Files\Microsoft\jdk-11.0.20.8-hotspot\bin\zip.dll
0x00007ff9c1920000 - 0x00007ff9c2064000 	C:\WINDOWS\System32\SHELL32.dll
0x00007ff9bd9c0000 - 0x00007ff9be15b000 	C:\WINDOWS\SYSTEM32\windows.storage.dll
0x00007ff9c1140000 - 0x00007ff9c1494000 	C:\WINDOWS\System32\combase.dll
0x00007ff9bf2f0000 - 0x00007ff9bf31d000 	C:\WINDOWS\SYSTEM32\Wldp.dll
0x00007ff9c0b60000 - 0x00007ff9c0c0d000 	C:\WINDOWS\System32\SHCORE.dll
0x00007ff9c0450000 - 0x00007ff9c04a5000 	C:\WINDOWS\System32\shlwapi.dll
0x00007ff9bf8a0000 - 0x00007ff9bf8c5000 	C:\WINDOWS\SYSTEM32\profapi.dll
0x00007ff9a8f60000 - 0x00007ff9a8f79000 	C:\Program Files\Microsoft\jdk-11.0.20.8-hotspot\bin\net.dll
0x00007ff9b34c0000 - 0x00007ff9b35ca000 	C:\WINDOWS\SYSTEM32\WINHTTP.dll
0x00007ff9beff0000 - 0x00007ff9bf05a000 	C:\WINDOWS\system32\mswsock.dll
0x00007ff9a8f10000 - 0x00007ff9a8f23000 	C:\Program Files\Microsoft\jdk-11.0.20.8-hotspot\bin\nio.dll
0x00007ff99daa0000 - 0x00007ff99dac7000 	C:\Users\YAHIYAH\.gradle\native\68d5fa5c4cc2d200863cafc0d521ce42e7d3e7ee720ec0a83991735586a16f82\windows-amd64\native-platform.dll
0x00007ff9ab110000 - 0x00007ff9ab119000 	C:\Program Files\Microsoft\jdk-11.0.20.8-hotspot\bin\management.dll
0x00007ff9a9750000 - 0x00007ff9a975b000 	C:\Program Files\Microsoft\jdk-11.0.20.8-hotspot\bin\management_ext.dll

dbghelp: loaded successfully - version: 4.0.5 - missing functions: none
symbol engine: initialized successfully - sym options: 0x614 - pdb path: .;C:\Program Files\Microsoft\jdk-11.0.20.8-hotspot\bin;C:\WINDOWS\SYSTEM32;C:\WINDOWS\WinSxS\amd64_microsoft.windows.common-controls_6595b64144ccf1df_6.0.19041.3570_none_60bb2a3971f3e41a;C:\Program Files\NVIDIA Corporation\CoProcManager;C:\Program Files\Microsoft\jdk-11.0.20.8-hotspot\bin\server;C:\Users\YAHIYAH\.gradle\native\68d5fa5c4cc2d200863cafc0d521ce42e7d3e7ee720ec0a83991735586a16f82\windows-amd64

VM Arguments:
jvm_args: -Xmx64m -Xms64m -Dorg.gradle.appname=gradlew 
java_command: org.gradle.wrapper.GradleWrapperMain app:installDebug -PreactNativeDevServerPort=8081
java_class_path (initial): D:\React native\Layyan\android\\gradle\wrapper\gradle-wrapper.jar
Launcher Type: SUN_STANDARD

[Global flags]
     intx CICompilerCount                          = 3                                         {product} {ergonomic}
     uint ConcGCThreads                            = 1                                         {product} {ergonomic}
     uint G1ConcRefinementThreads                  = 4                                         {product} {ergonomic}
   size_t G1HeapRegionSize                         = 1048576                                   {product} {ergonomic}
    uintx GCDrainStackTargetSize                   = 64                                        {product} {ergonomic}
   size_t InitialHeapSize                          = 67108864                                  {product} {command line}
   size_t MarkStackSize                            = 4194304                                   {product} {ergonomic}
   size_t MaxHeapSize                              = 67108864                                  {product} {command line}
   size_t MaxNewSize                               = 39845888                                  {product} {ergonomic}
   size_t MinHeapDeltaBytes                        = 1048576                                   {product} {ergonomic}
    uintx NonNMethodCodeHeapSize                   = 5830732                                {pd product} {ergonomic}
    uintx NonProfiledCodeHeapSize                  = 122913754                              {pd product} {ergonomic}
    uintx ProfiledCodeHeapSize                     = 122913754                              {pd product} {ergonomic}
    uintx ReservedCodeCacheSize                    = 251658240                              {pd product} {ergonomic}
     bool SegmentedCodeCache                       = true                                      {product} {ergonomic}
     bool UseCompressedClassPointers               = true                                 {lp64_product} {ergonomic}
     bool UseCompressedOops                        = true                                 {lp64_product} {ergonomic}
     bool UseG1GC                                  = true                                      {product} {ergonomic}
     bool UseLargePagesIndividualAllocation        = false                                  {pd product} {ergonomic}

Logging:
Log output configuration:
 #0: stdout all=warning uptime,level,tags
 #1: stderr all=off uptime,level,tags

Environment Variables:
JAVA_HOME=C:\Program Files\Microsoft\jdk-11.0.20.8-hotspot
CLASSPATH=D:\React native\Layyan\android\\gradle\wrapper\gradle-wrapper.jar
PATH=D:\React native\Layyan\node_modules\.bin;D:\React native\Layyan\node_modules\.bin;D:\React native\node_modules\.bin;D:\node_modules\.bin;C:\Program Files\nodejs\node_modules\npm\node_modules\@npmcli\run-script\lib\node-gyp-bin;D:\React native\Layyan\node_modules\.bin;D:\React native\Layyan\node_modules\.bin;D:\React native\node_modules\.bin;D:\node_modules\.bin;C:\Program Files\nodejs\node_modules\npm\node_modules\@npmcli\run-script\lib\node-gyp-bin;C:\Program Files\Microsoft\jdk-11.0.20.8-hotspot\bin;C:\Program Files\OpenLogic\jdk-11.0.20.8-hotspot\bin;C:\WINDOWS\system32;C:\WINDOWS;C:\WINDOWS\System32\Wbem;C:\WINDOWS\System32\WindowsPowerShell\v1.0\;C:\WINDOWS\System32\OpenSSH\;C:\Program Files\Microsoft SQL Server\150\Tools\Binn\;C:\Program Files\nodejs\;C:\ProgramData\chocolatey\bin;C:\Users\YAHIYAH\AppData\Local\Android\Sdk\platform-tools;C:\Program Files\OpenLogic\jdk-11.0.20.8-hotspot\;C:\Program Files\Microsoft\jdk-11.0.20.8-hotspot;C:\Users\YAHIYAH\AppData\Local\Programs\Python\Python311\Scripts\;C:\Users\YAHIYAH\AppData\Local\Programs\Python\Python311\;C:\Users\YAHIYAH\AppData\Local\Microsoft\WindowsApps;C:\Users\YAHIYAH\AppData\Local\Programs\Microsoft VS Code\bin;C:\Users\YAHIYAH\AppData\Roaming\npm;C:\Users\YAHIYAH\AppData\Local\Android\Sdk;C:\Users\YAHIYAH\AppData\Local\Android\Sdk\platform-tools;C:\Program Files\Microsoft\jdk-11.0.20.8-hotspot;
USERNAME=YAHIYAH
LANG=en_US.UTF-8
OS=Windows_NT
PROCESSOR_IDENTIFIER=Intel64 Family 6 Model 58 Stepping 9, GenuineIntel
TMP=C:\Users\YAHIYAH\AppData\Local\Temp
TEMP=C:\Users\YAHIYAH\AppData\Local\Temp



---------------  S Y S T E M  ---------------

OS: Windows 10 , 64 bit Build 19041 (10.0.19041.3570)
OS uptime: 22 days 17:05 hours

CPU:total 4 (initial active 4) (2 cores per cpu, 2 threads per core) family 6 model 58 stepping 9 microcode 0x21, cmov, cx8, fxsr, mmx, sse, sse2, sse3, ssse3, sse4.1, sse4.2, popcnt, avx, clmul, erms, ht, tsc, tscinvbit, tscinv

Memory: 4k page, system-wide physical 7893M (214M free)
TotalPageFile size 32469M (AvailPageFile size 5M)
current process WorkingSet (physical memory assigned to process): 77M, peak: 79M
current process commit charge ("private bytes"): 149M, peak: 151M

vm_info: OpenJDK 64-Bit Server VM (11.0.20+8-LTS) for windows-amd64 JRE (11.0.20+8-LTS), built on Jul  7 2023 17:05:21 by "MicrosoftCorporation" with MS VC++ 15.9 (VS2017)

END.
