#
# There is insufficient memory for the Java Runtime Environment to continue.
# Native memory allocation (malloc) failed to allocate 322096 bytes for Chunk::new
# Possible reasons:
#   The system is out of physical RAM or swap space
#   The process is running with CompressedOops enabled, and the Java Heap may be blocking the growth of the native heap
# Possible solutions:
#   Reduce memory load on the system
#   Increase physical memory or swap space
#   Check if swap backing store is full
#   Decrease Java heap size (-Xmx/-Xms)
#   Decrease number of Java threads
#   Decrease Java thread stack sizes (-Xss)
#   Set larger code cache with -XX:ReservedCodeCacheSize=
#   JVM is running with Unscaled Compressed Oops mode in which the Java heap is
#     placed in the first 4GB address space. The Java Heap base address is the
#     maximum limit for the native heap growth. Please use -XX:HeapBaseMinAddress
#     to set the Java Heap base and to place the Java Heap above 4GB virtual address.
# This output file may be truncated or incomplete.
#
#  Out of Memory Error (arena.cpp:197), pid=31248, tid=29360
#
# JRE version: OpenJDK Runtime Environment Microsoft-8035250 (11.0.20+8) (build 11.0.20+8-LTS)
# Java VM: OpenJDK 64-Bit Server VM Microsoft-8035250 (11.0.20+8-LTS, mixed mode, tiered, compressed oops, g1 gc, windows-amd64)
# No core dump will be written. Minidumps are not enabled by default on client versions of Windows
#

---------------  S U M M A R Y ------------

Command Line: -Xmx64m -Xms64m -Dorg.gradle.appname=gradlew org.gradle.wrapper.GradleWrapperMain app:installDebug -PreactNativeDevServerPort=8081

Host: Intel(R) Core(TM) i5-3230M CPU @ 2.60GHz, 4 cores, 7G,  Windows 10 , 64 bit Build 19041 (10.0.19041.3570)
Time: Tue Dec  5 17:20:20 2023 Pakistan Standard Time elapsed time: 27.368476 seconds (0d 0h 0m 27s)

---------------  T H R E A D  ---------------

Current thread (0x0000020bde893000):  JavaThread "C2 CompilerThread0" daemon [_thread_in_native, id=29360, stack(0x0000009624600000,0x0000009624700000)]


Current CompileTask:
C2:  27368  645       4       java.util.HashMap::putVal (300 bytes)

Stack: [0x0000009624600000,0x0000009624700000]
Native frames: (J=compiled Java code, j=interpreted, Vv=VM code, C=native code)
V  [jvm.dll+0x62e9da]
V  [jvm.dll+0x7bc4e9]
V  [jvm.dll+0x7bdbd8]
V  [jvm.dll+0x7be2b3]
V  [jvm.dll+0x2505a8]
V  [jvm.dll+0xc263c]
V  [jvm.dll+0xc2bfc]
V  [jvm.dll+0x35fd82]
V  [jvm.dll+0x32bf13]
V  [jvm.dll+0x32b24a]
V  [jvm.dll+0x2097e3]
V  [jvm.dll+0x20893d]
V  [jvm.dll+0x18a7de]
V  [jvm.dll+0x2181ec]
V  [jvm.dll+0x21642b]
V  [jvm.dll+0x77efc0]
V  [jvm.dll+0x777db4]
V  [jvm.dll+0x62d845]
C  [ucrtbase.dll+0x21bb2]
C  [KERNEL32.DLL+0x17344]
C  [ntdll.dll+0x526b1]


---------------  P R O C E S S  ---------------

Threads class SMR info:
_java_thread_list=0x0000020bdf358410, length=10, elements={
0x0000020bc2b1f000, 0x0000020bde872000, 0x0000020bde87b000, 0x0000020bde88e000,
0x0000020bde890000, 0x0000020bde891000, 0x0000020bde893000, 0x0000020bdf256800,
0x0000020bdf258800, 0x0000020bdf36d800
}

Java Threads: ( => current thread )
  0x0000020bc2b1f000 JavaThread "main" [_thread_in_Java, id=30516, stack(0x0000009623900000,0x0000009623a00000)]
  0x0000020bde872000 JavaThread "Reference Handler" daemon [_thread_blocked, id=31124, stack(0x0000009624100000,0x0000009624200000)]
  0x0000020bde87b000 JavaThread "Finalizer" daemon [_thread_blocked, id=31712, stack(0x0000009624200000,0x0000009624300000)]
  0x0000020bde88e000 JavaThread "Signal Dispatcher" daemon [_thread_blocked, id=18032, stack(0x0000009624300000,0x0000009624400000)]
  0x0000020bde890000 JavaThread "Attach Listener" daemon [_thread_blocked, id=22984, stack(0x0000009624400000,0x0000009624500000)]
  0x0000020bde891000 JavaThread "Service Thread" daemon [_thread_blocked, id=29064, stack(0x0000009624500000,0x0000009624600000)]
=>0x0000020bde893000 JavaThread "C2 CompilerThread0" daemon [_thread_in_native, id=29360, stack(0x0000009624600000,0x0000009624700000)]
  0x0000020bdf256800 JavaThread "C1 CompilerThread0" daemon [_thread_in_native, id=30840, stack(0x0000009624700000,0x0000009624800000)]
  0x0000020bdf258800 JavaThread "Sweeper thread" daemon [_thread_blocked, id=26532, stack(0x0000009624800000,0x0000009624900000)]
  0x0000020bdf36d800 JavaThread "Common-Cleaner" daemon [_thread_blocked, id=27936, stack(0x0000009624a00000,0x0000009624b00000)]

Other Threads:
  0x0000020bde84a800 VMThread "VM Thread" [stack: 0x0000009624000000,0x0000009624100000] [id=31420]
  0x0000020bdf364800 WatcherThread [stack: 0x0000009624900000,0x0000009624a00000] [id=31624]
  0x0000020bc2b36800 GCTaskThread "GC Thread#0" [stack: 0x0000009623b00000,0x0000009623c00000] [id=31876]
  0x0000020bdf553000 GCTaskThread "GC Thread#1" [stack: 0x0000009624b00000,0x0000009624c00000] [id=34508]
  0x0000020bc2b40000 ConcurrentGCThread "G1 Main Marker" [stack: 0x0000009623c00000,0x0000009623d00000] [id=23648]
  0x0000020bc2b41800 ConcurrentGCThread "G1 Conc#0" [stack: 0x0000009623d00000,0x0000009623e00000] [id=31224]
  0x0000020bc2b96800 ConcurrentGCThread "G1 Refine#0" [stack: 0x0000009623e00000,0x0000009623f00000] [id=27284]
  0x0000020bc2b97800 ConcurrentGCThread "G1 Young RemSet Sampling" [stack: 0x0000009623f00000,0x0000009624000000] [id=25172]

Threads with active compile tasks:
C2 CompilerThread0    27414  645       4       java.util.HashMap::putVal (300 bytes)
C1 CompilerThread0    27414  648       3       java.util.zip.ZipFile$Source::initCEN (745 bytes)

VM state:not at safepoint (normal execution)

VM Mutex/Monitor currently owned by a thread: None

Heap address: 0x00000000fc000000, size: 64 MB, Compressed Oops mode: 32-bit
Narrow klass base: 0x0000000000000000, Narrow klass shift: 3
Compressed class space size: 1073741824 Address: 0x0000000100000000

Heap:
 garbage-first heap   total 65536K, used 4381K [0x00000000fc000000, 0x0000000100000000)
  region size 1024K, 4 young (4096K), 2 survivors (2048K)
 Metaspace       used 7891K, capacity 8081K, committed 8192K, reserved 1056768K
  class space    used 692K, capacity 754K, committed 768K, reserved 1048576K
Heap Regions: E=young(eden), S=young(survivor), O=old, HS=humongous(starts), HC=humongous(continues), CS=collection set, F=free, A=archive, TAMS=top-at-mark-start (previous, next)
|   0|0x00000000fc000000, 0x00000000fc100000, 0x00000000fc100000|100%| O|  |TAMS 0x00000000fc000000, 0x00000000fc000000| Untracked 
|   1|0x00000000fc100000, 0x00000000fc147400, 0x00000000fc200000| 27%| O|  |TAMS 0x00000000fc100000, 0x00000000fc100000| Untracked 
|   2|0x00000000fc200000, 0x00000000fc200000, 0x00000000fc300000|  0%| F|  |TAMS 0x00000000fc200000, 0x00000000fc200000| Untracked 
|   3|0x00000000fc300000, 0x00000000fc300000, 0x00000000fc400000|  0%| F|  |TAMS 0x00000000fc300000, 0x00000000fc300000| Untracked 
|   4|0x00000000fc400000, 0x00000000fc400000, 0x00000000fc500000|  0%| F|  |TAMS 0x00000000fc400000, 0x00000000fc400000| Untracked 
|   5|0x00000000fc500000, 0x00000000fc500000, 0x00000000fc600000|  0%| F|  |TAMS 0x00000000fc500000, 0x00000000fc500000| Untracked 
|   6|0x00000000fc600000, 0x00000000fc600000, 0x00000000fc700000|  0%| F|  |TAMS 0x00000000fc600000, 0x00000000fc600000| Untracked 
|   7|0x00000000fc700000, 0x00000000fc700000, 0x00000000fc800000|  0%| F|  |TAMS 0x00000000fc700000, 0x00000000fc700000| Untracked 
|   8|0x00000000fc800000, 0x00000000fc800000, 0x00000000fc900000|  0%| F|  |TAMS 0x00000000fc800000, 0x00000000fc800000| Untracked 
|   9|0x00000000fc900000, 0x00000000fc900000, 0x00000000fca00000|  0%| F|  |TAMS 0x00000000fc900000, 0x00000000fc900000| Untracked 
|  10|0x00000000fca00000, 0x00000000fca00000, 0x00000000fcb00000|  0%| F|  |TAMS 0x00000000fca00000, 0x00000000fca00000| Untracked 
|  11|0x00000000fcb00000, 0x00000000fcb00000, 0x00000000fcc00000|  0%| F|  |TAMS 0x00000000fcb00000, 0x00000000fcb00000| Untracked 
|  12|0x00000000fcc00000, 0x00000000fcc00000, 0x00000000fcd00000|  0%| F|  |TAMS 0x00000000fcc00000, 0x00000000fcc00000| Untracked 
|  13|0x00000000fcd00000, 0x00000000fcd00000, 0x00000000fce00000|  0%| F|  |TAMS 0x00000000fcd00000, 0x00000000fcd00000| Untracked 
|  14|0x00000000fce00000, 0x00000000fce00000, 0x00000000fcf00000|  0%| F|  |TAMS 0x00000000fce00000, 0x00000000fce00000| Untracked 
|  15|0x00000000fcf00000, 0x00000000fcf00000, 0x00000000fd000000|  0%| F|  |TAMS 0x00000000fcf00000, 0x00000000fcf00000| Untracked 
|  16|0x00000000fd000000, 0x00000000fd000000, 0x00000000fd100000|  0%| F|  |TAMS 0x00000000fd000000, 0x00000000fd000000| Untracked 
|  17|0x00000000fd100000, 0x00000000fd100000, 0x00000000fd200000|  0%| F|  |TAMS 0x00000000fd100000, 0x00000000fd100000| Untracked 
|  18|0x00000000fd200000, 0x00000000fd200000, 0x00000000fd300000|  0%| F|  |TAMS 0x00000000fd200000, 0x00000000fd200000| Untracked 
|  19|0x00000000fd300000, 0x00000000fd300000, 0x00000000fd400000|  0%| F|  |TAMS 0x00000000fd300000, 0x00000000fd300000| Untracked 
|  20|0x00000000fd400000, 0x00000000fd400000, 0x00000000fd500000|  0%| F|  |TAMS 0x00000000fd400000, 0x00000000fd400000| Untracked 
|  21|0x00000000fd500000, 0x00000000fd500000, 0x00000000fd600000|  0%| F|  |TAMS 0x00000000fd500000, 0x00000000fd500000| Untracked 
|  22|0x00000000fd600000, 0x00000000fd600000, 0x00000000fd700000|  0%| F|  |TAMS 0x00000000fd600000, 0x00000000fd600000| Untracked 
|  23|0x00000000fd700000, 0x00000000fd700000, 0x00000000fd800000|  0%| F|  |TAMS 0x00000000fd700000, 0x00000000fd700000| Untracked 
|  24|0x00000000fd800000, 0x00000000fd800000, 0x00000000fd900000|  0%| F|  |TAMS 0x00000000fd800000, 0x00000000fd800000| Untracked 
|  25|0x00000000fd900000, 0x00000000fd900000, 0x00000000fda00000|  0%| F|  |TAMS 0x00000000fd900000, 0x00000000fd900000| Untracked 
|  26|0x00000000fda00000, 0x00000000fda00000, 0x00000000fdb00000|  0%| F|  |TAMS 0x00000000fda00000, 0x00000000fda00000| Untracked 
|  27|0x00000000fdb00000, 0x00000000fdb00000, 0x00000000fdc00000|  0%| F|  |TAMS 0x00000000fdb00000, 0x00000000fdb00000| Untracked 
|  28|0x00000000fdc00000, 0x00000000fdc00000, 0x00000000fdd00000|  0%| F|  |TAMS 0x00000000fdc00000, 0x00000000fdc00000| Untracked 
|  29|0x00000000fdd00000, 0x00000000fdd00000, 0x00000000fde00000|  0%| F|  |TAMS 0x00000000fdd00000, 0x00000000fdd00000| Untracked 
|  30|0x00000000fde00000, 0x00000000fde00000, 0x00000000fdf00000|  0%| F|  |TAMS 0x00000000fde00000, 0x00000000fde00000| Untracked 
|  31|0x00000000fdf00000, 0x00000000fdf00000, 0x00000000fe000000|  0%| F|  |TAMS 0x00000000fdf00000, 0x00000000fdf00000| Untracked 
|  32|0x00000000fe000000, 0x00000000fe000000, 0x00000000fe100000|  0%| F|  |TAMS 0x00000000fe000000, 0x00000000fe000000| Untracked 
|  33|0x00000000fe100000, 0x00000000fe100000, 0x00000000fe200000|  0%| F|  |TAMS 0x00000000fe100000, 0x00000000fe100000| Untracked 
|  34|0x00000000fe200000, 0x00000000fe200000, 0x00000000fe300000|  0%| F|  |TAMS 0x00000000fe200000, 0x00000000fe200000| Untracked 
|  35|0x00000000fe300000, 0x00000000fe300000, 0x00000000fe400000|  0%| F|  |TAMS 0x00000000fe300000, 0x00000000fe300000| Untracked 
|  36|0x00000000fe400000, 0x00000000fe400000, 0x00000000fe500000|  0%| F|  |TAMS 0x00000000fe400000, 0x00000000fe400000| Untracked 
|  37|0x00000000fe500000, 0x00000000fe500000, 0x00000000fe600000|  0%| F|  |TAMS 0x00000000fe500000, 0x00000000fe500000| Untracked 
|  38|0x00000000fe600000, 0x00000000fe600000, 0x00000000fe700000|  0%| F|  |TAMS 0x00000000fe600000, 0x00000000fe600000| Untracked 
|  39|0x00000000fe700000, 0x00000000fe700000, 0x00000000fe800000|  0%| F|  |TAMS 0x00000000fe700000, 0x00000000fe700000| Untracked 
|  40|0x00000000fe800000, 0x00000000fe800000, 0x00000000fe900000|  0%| F|  |TAMS 0x00000000fe800000, 0x00000000fe800000| Untracked 
|  41|0x00000000fe900000, 0x00000000fe900000, 0x00000000fea00000|  0%| F|  |TAMS 0x00000000fe900000, 0x00000000fe900000| Untracked 
|  42|0x00000000fea00000, 0x00000000fea00000, 0x00000000feb00000|  0%| F|  |TAMS 0x00000000fea00000, 0x00000000fea00000| Untracked 
|  43|0x00000000feb00000, 0x00000000feb00000, 0x00000000fec00000|  0%| F|  |TAMS 0x00000000feb00000, 0x00000000feb00000| Untracked 
|  44|0x00000000fec00000, 0x00000000fec00000, 0x00000000fed00000|  0%| F|  |TAMS 0x00000000fec00000, 0x00000000fec00000| Untracked 
|  45|0x00000000fed00000, 0x00000000fed00000, 0x00000000fee00000|  0%| F|  |TAMS 0x00000000fed00000, 0x00000000fed00000| Untracked 
|  46|0x00000000fee00000, 0x00000000fee00000, 0x00000000fef00000|  0%| F|  |TAMS 0x00000000fee00000, 0x00000000fee00000| Untracked 
|  47|0x00000000fef00000, 0x00000000fef00000, 0x00000000ff000000|  0%| F|  |TAMS 0x00000000fef00000, 0x00000000fef00000| Untracked 
|  48|0x00000000ff000000, 0x00000000ff100000, 0x00000000ff100000|100%| S|CS|TAMS 0x00000000ff000000, 0x00000000ff000000| Complete 
|  49|0x00000000ff100000, 0x00000000ff200000, 0x00000000ff200000|100%| S|CS|TAMS 0x00000000ff100000, 0x00000000ff100000| Complete 
|  50|0x00000000ff200000, 0x00000000ff200000, 0x00000000ff300000|  0%| F|  |TAMS 0x00000000ff200000, 0x00000000ff200000| Untracked 
|  51|0x00000000ff300000, 0x00000000ff300000, 0x00000000ff400000|  0%| F|  |TAMS 0x00000000ff300000, 0x00000000ff300000| Untracked 
|  52|0x00000000ff400000, 0x00000000ff400000, 0x00000000ff500000|  0%| F|  |TAMS 0x00000000ff400000, 0x00000000ff400000| Untracked 
|  53|0x00000000ff500000, 0x00000000ff500000, 0x00000000ff600000|  0%| F|  |TAMS 0x00000000ff500000, 0x00000000ff500000| Untracked 
|  54|0x00000000ff600000, 0x00000000ff600000, 0x00000000ff700000|  0%| F|  |TAMS 0x00000000ff600000, 0x00000000ff600000| Untracked 
|  55|0x00000000ff700000, 0x00000000ff700000, 0x00000000ff800000|  0%| F|  |TAMS 0x00000000ff700000, 0x00000000ff700000| Untracked 
|  56|0x00000000ff800000, 0x00000000ff800000, 0x00000000ff900000|  0%| F|  |TAMS 0x00000000ff800000, 0x00000000ff800000| Untracked 
|  57|0x00000000ff900000, 0x00000000ff900000, 0x00000000ffa00000|  0%| F|  |TAMS 0x00000000ff900000, 0x00000000ff900000| Untracked 
|  58|0x00000000ffa00000, 0x00000000ffa00000, 0x00000000ffb00000|  0%| F|  |TAMS 0x00000000ffa00000, 0x00000000ffa00000| Untracked 
|  59|0x00000000ffb00000, 0x00000000ffb00000, 0x00000000ffc00000|  0%| F|  |TAMS 0x00000000ffb00000, 0x00000000ffb00000| Untracked 
|  60|0x00000000ffc00000, 0x00000000ffc00000, 0x00000000ffd00000|  0%| F|  |TAMS 0x00000000ffc00000, 0x00000000ffc00000| Untracked 
|  61|0x00000000ffd00000, 0x00000000ffd00000, 0x00000000ffe00000|  0%| F|  |TAMS 0x00000000ffd00000, 0x00000000ffd00000| Untracked 
|  62|0x00000000ffe00000, 0x00000000ffe9c650, 0x00000000fff00000| 61%| E|  |TAMS 0x00000000ffe00000, 0x00000000ffe00000| Complete 
|  63|0x00000000fff00000, 0x0000000100000000, 0x0000000100000000|100%| E|CS|TAMS 0x00000000fff00000, 0x00000000fff00000| Complete 

Card table byte_map: [0x0000020bc2be0000,0x0000020bc2c00000] _byte_map_base: 0x0000020bc2400000

Marking Bits (Prev, Next): (CMBitMap*) 0x0000020bc2b3efe8, (CMBitMap*) 0x0000020bc2b3f020
 Prev Bits: [0x0000020bdc0a0000, 0x0000020bdc1a0000)
 Next Bits: [0x0000020bdc1a0000, 0x0000020bdc2a0000)

Polling page: 0x0000020bc28c0000

Metaspace:

Usage:
  Non-class:      7.16 MB capacity,     7.03 MB ( 98%) used,   121.50 KB (  2%) free+waste,     6.06 KB ( <1%) overhead. 
      Class:    754.00 KB capacity,   692.02 KB ( 92%) used,    59.16 KB (  8%) free+waste,     2.81 KB ( <1%) overhead. 
       Both:      7.89 MB capacity,     7.71 MB ( 98%) used,   180.66 KB (  2%) free+waste,     8.88 KB ( <1%) overhead. 

Virtual space:
  Non-class space:        8.00 MB reserved,       7.25 MB ( 91%) committed 
      Class space:        1.00 GB reserved,     768.00 KB ( <1%) committed 
             Both:        1.01 GB reserved,       8.00 MB ( <1%) committed 

Chunk freelists:
   Non-Class:  33.00 KB
       Class:  14.00 KB
        Both:  47.00 KB

MaxMetaspaceSize: 17179869184.00 GB
CompressedClassSpaceSize: 1.00 GB
Initial GC threshold: 20.80 MB
Current GC threshold: 20.80 MB
CDS: off

CodeHeap 'non-profiled nmethods': size=120064Kb used=196Kb max_used=196Kb free=119867Kb
 bounds [0x0000020bd4540000, 0x0000020bd47b0000, 0x0000020bdba80000]
CodeHeap 'profiled nmethods': size=120000Kb used=1123Kb max_used=1123Kb free=118876Kb
 bounds [0x0000020bcd010000, 0x0000020bcd280000, 0x0000020bd4540000]
CodeHeap 'non-nmethods': size=5696Kb used=1107Kb max_used=1122Kb free=4589Kb
 bounds [0x0000020bcca80000, 0x0000020bcccf0000, 0x0000020bcd010000]
 total_blobs=999 nmethods=645 adapters=267
 compilation: enabled
              stopped_count=0, restarted_count=0
 full_count=0

Compilation events (20 events):
Event: 26.890 Thread 0x0000020bdf256800  637       3       java.util.jar.JarFile::match (132 bytes)
Event: 26.891 Thread 0x0000020bdf256800 nmethod 637 0x0000020bcd124310 code [0x0000020bcd124500, 0x0000020bcd124a58]
Event: 26.891 Thread 0x0000020bdf256800  638       3       java.util.zip.ZipUtils::LOCSIG (6 bytes)
Event: 26.892 Thread 0x0000020bdf256800 nmethod 638 0x0000020bcd124d10 code [0x0000020bcd124ee0, 0x0000020bcd125198]
Event: 26.894 Thread 0x0000020bdf256800  639       1       sun.nio.fs.WindowsFileSystem::provider (5 bytes)
Event: 26.894 Thread 0x0000020bdf256800 nmethod 639 0x0000020bd4570b10 code [0x0000020bd4570cc0, 0x0000020bd4570d78]
Event: 26.895 Thread 0x0000020bdf256800  640       3       java.lang.Runtime$Version::feature (17 bytes)
Event: 26.895 Thread 0x0000020bdf256800 nmethod 640 0x0000020bcd125310 code [0x0000020bcd1254e0, 0x0000020bcd1257a8]
Event: 26.895 Thread 0x0000020bdf256800  641       3       sun.nio.fs.NativeBuffers::getNativeBufferFromCache (51 bytes)
Event: 26.896 Thread 0x0000020bdf256800 nmethod 641 0x0000020bcd125890 code [0x0000020bcd125a80, 0x0000020bcd126068]
Event: 26.896 Thread 0x0000020bdf256800  642       3       java.lang.Class::getComponentType (14 bytes)
Event: 26.896 Thread 0x0000020bdf256800 nmethod 642 0x0000020bcd126210 code [0x0000020bcd1263c0, 0x0000020bcd126548]
Event: 26.896 Thread 0x0000020bdf256800  643       3       jdk.internal.misc.Unsafe::checkPrimitivePointer (19 bytes)
Event: 26.897 Thread 0x0000020bdf256800 nmethod 643 0x0000020bcd126610 code [0x0000020bcd126820, 0x0000020bcd126e28]
Event: 26.897 Thread 0x0000020bdf256800  644       1       sun.nio.fs.NativeBuffer::owner (5 bytes)
Event: 26.897 Thread 0x0000020bdf256800 nmethod 644 0x0000020bd4570e10 code [0x0000020bd4570fc0, 0x0000020bd4571078]
Event: 27.346 Thread 0x0000020bde893000  645       4       java.util.HashMap::putVal (300 bytes)
Event: 27.346 Thread 0x0000020bdf256800  646       3       sun.net.util.URLUtil::urlNoFragString (114 bytes)
Event: 27.348 Thread 0x0000020bdf256800 nmethod 646 0x0000020bcd127090 code [0x0000020bcd1273e0, 0x0000020bcd128648]
Event: 27.364 Thread 0x0000020bdf256800  648       3       java.util.zip.ZipFile$Source::initCEN (745 bytes)

GC Heap History (2 events):
Event: 26.165 GC heap before
{Heap before GC invocations=0 (full 0):
 garbage-first heap   total 65536K, used 13312K [0x00000000fc000000, 0x0000000100000000)
  region size 1024K, 14 young (14336K), 0 survivors (0K)
 Metaspace       used 7839K, capacity 8017K, committed 8192K, reserved 1056768K
  class space    used 686K, capacity 754K, committed 768K, reserved 1048576K
}
Event: 26.860 GC heap after
{Heap after GC invocations=1 (full 0):
 garbage-first heap   total 65536K, used 3357K [0x00000000fc000000, 0x0000000100000000)
  region size 1024K, 2 young (2048K), 2 survivors (2048K)
 Metaspace       used 7839K, capacity 8017K, committed 8192K, reserved 1056768K
  class space    used 686K, capacity 754K, committed 768K, reserved 1048576K
}

Deoptimization events (20 events):
Event: 17.554 Thread 0x0000020bc2b1f000 Uncommon trap: trap_request=0xffffffde fr.pc=0x0000020bd45673d4 relative=0x0000000000000ed4
Event: 17.554 Thread 0x0000020bc2b1f000 Uncommon trap: reason=class_check action=maybe_recompile pc=0x0000020bd45673d4 method=java.util.HashMap.putVal(ILjava/lang/Object;Ljava/lang/Object;ZZ)Ljava/lang/Object; @ 91 c2
Event: 17.554 Thread 0x0000020bc2b1f000 DEOPT PACKING pc=0x0000020bd45673d4 sp=0x00000096239f9530
Event: 17.554 Thread 0x0000020bc2b1f000 DEOPT UNPACKING pc=0x0000020bccaca1af sp=0x00000096239f94c0 mode 2
Event: 23.227 Thread 0x0000020bc2b1f000 Uncommon trap: trap_request=0xffffffde fr.pc=0x0000020bd456744c relative=0x0000000000000f4c
Event: 23.227 Thread 0x0000020bc2b1f000 Uncommon trap: reason=class_check action=maybe_recompile pc=0x0000020bd456744c method=java.util.HashMap.putVal(ILjava/lang/Object;Ljava/lang/Object;ZZ)Ljava/lang/Object; @ 203 c2
Event: 23.227 Thread 0x0000020bc2b1f000 DEOPT PACKING pc=0x0000020bd456744c sp=0x00000096239f9530
Event: 23.227 Thread 0x0000020bc2b1f000 DEOPT UNPACKING pc=0x0000020bccaca1af sp=0x00000096239f94c0 mode 2
Event: 24.246 Thread 0x0000020bc2b1f000 Uncommon trap: trap_request=0xffffffde fr.pc=0x0000020bd456744c relative=0x0000000000000f4c
Event: 24.246 Thread 0x0000020bc2b1f000 Uncommon trap: reason=class_check action=maybe_recompile pc=0x0000020bd456744c method=java.util.HashMap.putVal(ILjava/lang/Object;Ljava/lang/Object;ZZ)Ljava/lang/Object; @ 203 c2
Event: 24.246 Thread 0x0000020bc2b1f000 DEOPT PACKING pc=0x0000020bd456744c sp=0x00000096239f9530
Event: 24.246 Thread 0x0000020bc2b1f000 DEOPT UNPACKING pc=0x0000020bccaca1af sp=0x00000096239f94c0 mode 2
Event: 24.580 Thread 0x0000020bc2b1f000 Uncommon trap: trap_request=0xffffffde fr.pc=0x0000020bd45673d4 relative=0x0000000000000ed4
Event: 24.580 Thread 0x0000020bc2b1f000 Uncommon trap: reason=class_check action=maybe_recompile pc=0x0000020bd45673d4 method=java.util.HashMap.putVal(ILjava/lang/Object;Ljava/lang/Object;ZZ)Ljava/lang/Object; @ 91 c2
Event: 24.580 Thread 0x0000020bc2b1f000 DEOPT PACKING pc=0x0000020bd45673d4 sp=0x00000096239f9530
Event: 24.580 Thread 0x0000020bc2b1f000 DEOPT UNPACKING pc=0x0000020bccaca1af sp=0x00000096239f94c0 mode 2
Event: 25.964 Thread 0x0000020bc2b1f000 DEOPT PACKING pc=0x0000020bcd069b68 sp=0x00000096239f2050
Event: 25.964 Thread 0x0000020bc2b1f000 DEOPT UNPACKING pc=0x0000020bccaca95e sp=0x00000096239f1520 mode 0
Event: 26.866 Thread 0x0000020bc2b1f000 DEOPT PACKING pc=0x0000020bcd0f5da2 sp=0x00000096239f90a0
Event: 26.866 Thread 0x0000020bc2b1f000 DEOPT UNPACKING pc=0x0000020bccaca95e sp=0x00000096239f8508 mode 0

Classes redefined (0 events):
No events

Internal exceptions (3 events):
Event: 5.290 Thread 0x0000020bc2b1f000 Exception <a 'java/lang/NoSuchMethodError'{0x00000000ffc4b820}: 'int java.lang.invoke.DirectMethodHandle$Holder.invokeStaticInit(java.lang.Object, java.lang.Object)'> (0x00000000ffc4b820) thrown at [s\src\hotspot\share\interpreter\linkResolver.cpp, line 773]
Event: 7.854 Thread 0x0000020bc2b1f000 Exception <a 'java/lang/NoSuchMethodError'{0x00000000ffb216e0}: 'int java.lang.invoke.DirectMethodHandle$Holder.invokeSpecial(java.lang.Object, java.lang.Object, java.lang.Object, java.lang.Object)'> (0x00000000ffb216e0) thrown at [s\src\hotspot\share\interpreter\linkResolver.cpp, line 773]
Event: 7.880 Thread 0x0000020bc2b1f000 Exception <a 'java/lang/NoSuchMethodError'{0x00000000ffb5abd8}: 'int java.lang.invoke.DirectMethodHandle$Holder.invokeSpecialIFC(java.lang.Object, java.lang.Object, int)'> (0x00000000ffb5abd8) thrown at [s\src\hotspot\share\interpreter\linkResolver.cpp, line 773]

Events (20 events):
Event: 26.865 Executing VM operation: RevokeBias
Event: 26.866 Executing VM operation: RevokeBias done
Event: 26.866 Executing VM operation: RevokeBias
Event: 26.866 Executing VM operation: RevokeBias done
Event: 26.866 loading class org/slf4j/helpers/Util
Event: 26.866 loading class org/slf4j/helpers/Util done
Event: 26.867 loading class java/lang/SecurityException
Event: 26.867 loading class java/lang/SecurityException done
Event: 26.868 loading class java/util/Collections$EmptyEnumeration
Event: 26.869 loading class java/util/Collections$EmptyEnumeration done
Event: 26.869 loading class jdk/internal/loader/BuiltinClassLoader$1
Event: 26.869 loading class jdk/internal/loader/BuiltinClassLoader$1 done
Event: 26.870 loading class java/lang/CompoundEnumeration
Event: 26.870 loading class java/lang/CompoundEnumeration done
Event: 26.870 loading class jdk/internal/loader/URLClassPath$1
Event: 26.870 loading class jdk/internal/loader/URLClassPath$1 done
Event: 26.870 loading class java/net/URLClassLoader$3
Event: 26.870 loading class java/net/URLClassLoader$3 done
Event: 26.870 loading class java/net/URLClassLoader$3$1
Event: 26.870 loading class java/net/URLClassLoader$3$1 done


Dynamic libraries:
0x00007ff61d5b0000 - 0x00007ff61d5bd000 	C:\Program Files\Microsoft\jdk-11.0.20.8-hotspot\bin\java.exe
0x00007ff9c2290000 - 0x00007ff9c2487000 	C:\WINDOWS\SYSTEM32\ntdll.dll
0x00007ff9c0c10000 - 0x00007ff9c0ccd000 	C:\WINDOWS\System32\KERNEL32.DLL
0x00007ff9bf970000 - 0x00007ff9bfc66000 	C:\WINDOWS\System32\KERNELBASE.dll
0x00007ff9bfc70000 - 0x00007ff9bfd70000 	C:\WINDOWS\System32\ucrtbase.dll
0x00007ff9ab160000 - 0x00007ff9ab177000 	C:\Program Files\Microsoft\jdk-11.0.20.8-hotspot\bin\jli.dll
0x00007ff9c20b0000 - 0x00007ff9c224e000 	C:\WINDOWS\System32\USER32.dll
0x00007ff9bfec0000 - 0x00007ff9bfee2000 	C:\WINDOWS\System32\win32u.dll
0x00007ff9c0e50000 - 0x00007ff9c0e7c000 	C:\WINDOWS\System32\GDI32.dll
0x00007ff9c0050000 - 0x00007ff9c016a000 	C:\WINDOWS\System32\gdi32full.dll
0x00007ff9bfe20000 - 0x00007ff9bfebd000 	C:\WINDOWS\System32\msvcp_win.dll
0x00007ff9aa6e0000 - 0x00007ff9aa6f5000 	C:\Program Files\Microsoft\jdk-11.0.20.8-hotspot\bin\VCRUNTIME140.dll
0x00007ff9b4440000 - 0x00007ff9b46da000 	C:\WINDOWS\WinSxS\amd64_microsoft.windows.common-controls_6595b64144ccf1df_6.0.19041.3570_none_60bb2a3971f3e41a\COMCTL32.dll
0x00007ff9c07c0000 - 0x00007ff9c085e000 	C:\WINDOWS\System32\msvcrt.dll
0x00007ff9c2070000 - 0x00007ff9c20a0000 	C:\WINDOWS\System32\IMM32.DLL
0x00007ff9bf6c0000 - 0x00007ff9bf6f1000 	C:\Windows\system32\nvinitx.dll
0x00007ff9c0640000 - 0x00007ff9c06ee000 	C:\WINDOWS\System32\ADVAPI32.dll
0x00007ff9c1030000 - 0x00007ff9c10cc000 	C:\WINDOWS\System32\sechost.dll
0x00007ff9c04b0000 - 0x00007ff9c05d6000 	C:\WINDOWS\System32\RPCRT4.dll
0x00007ff9bf6b0000 - 0x00007ff9bf6ba000 	C:\WINDOWS\SYSTEM32\VERSION.dll
0x000000000f000000 - 0x000000000f006000 	C:\Program Files\NVIDIA Corporation\CoProcManager\_etoured.dll
0x00007ff9bb7c0000 - 0x00007ff9bb7f2000 	C:\Program Files\NVIDIA Corporation\CoProcManager\nvd3d9wrapx.dll
0x00007ff9c14a0000 - 0x00007ff9c190e000 	C:\WINDOWS\System32\SETUPAPI.dll
0x00007ff9c0230000 - 0x00007ff9c027e000 	C:\WINDOWS\System32\cfgmgr32.dll
0x00007ff9c0170000 - 0x00007ff9c0197000 	C:\WINDOWS\System32\bcrypt.dll
0x00007ff9bb410000 - 0x00007ff9bb432000 	C:\Program Files\NVIDIA Corporation\CoProcManager\nvdxgiwrapx.dll
0x00007ff98e300000 - 0x00007ff98e39b000 	C:\Program Files\Microsoft\jdk-11.0.20.8-hotspot\bin\msvcp140.dll
0x00007ff96c630000 - 0x00007ff96d1c6000 	C:\Program Files\Microsoft\jdk-11.0.20.8-hotspot\bin\server\jvm.dll
0x00007ff9c20a0000 - 0x00007ff9c20a8000 	C:\WINDOWS\System32\PSAPI.DLL
0x00007ff9ab770000 - 0x00007ff9ab779000 	C:\WINDOWS\SYSTEM32\WSOCK32.dll
0x00007ff9c10d0000 - 0x00007ff9c113b000 	C:\WINDOWS\System32\WS2_32.dll
0x00007ff9b46f0000 - 0x00007ff9b4717000 	C:\WINDOWS\SYSTEM32\WINMM.dll
0x00007ff9bd7c0000 - 0x00007ff9bd7d2000 	C:\WINDOWS\SYSTEM32\kernel.appcore.dll
0x00007ff9ab6c0000 - 0x00007ff9ab6d0000 	C:\Program Files\Microsoft\jdk-11.0.20.8-hotspot\bin\verify.dll
0x00007ff9b1bc0000 - 0x00007ff9b1da4000 	C:\WINDOWS\SYSTEM32\DBGHELP.DLL
0x00007ff9b1b80000 - 0x00007ff9b1bb4000 	C:\WINDOWS\SYSTEM32\dbgcore.DLL
0x00007ff9c01a0000 - 0x00007ff9c0222000 	C:\WINDOWS\System32\bcryptPrimitives.dll
0x00007ff9a05c0000 - 0x00007ff9a05e8000 	C:\Program Files\Microsoft\jdk-11.0.20.8-hotspot\bin\java.dll
0x00007ff9ab540000 - 0x00007ff9ab54a000 	C:\Program Files\Microsoft\jdk-11.0.20.8-hotspot\bin\jimage.dll
0x00007ff9aa480000 - 0x00007ff9aa498000 	C:\Program Files\Microsoft\jdk-11.0.20.8-hotspot\bin\zip.dll
0x00007ff9c1920000 - 0x00007ff9c2064000 	C:\WINDOWS\System32\SHELL32.dll
0x00007ff9bd9c0000 - 0x00007ff9be15b000 	C:\WINDOWS\SYSTEM32\windows.storage.dll
0x00007ff9c1140000 - 0x00007ff9c1494000 	C:\WINDOWS\System32\combase.dll
0x00007ff9bf2f0000 - 0x00007ff9bf31d000 	C:\WINDOWS\SYSTEM32\Wldp.dll
0x00007ff9c0b60000 - 0x00007ff9c0c0d000 	C:\WINDOWS\System32\SHCORE.dll
0x00007ff9c0450000 - 0x00007ff9c04a5000 	C:\WINDOWS\System32\shlwapi.dll
0x00007ff9bf8a0000 - 0x00007ff9bf8c5000 	C:\WINDOWS\SYSTEM32\profapi.dll
0x00007ff9a8f60000 - 0x00007ff9a8f79000 	C:\Program Files\Microsoft\jdk-11.0.20.8-hotspot\bin\net.dll
0x00007ff9b34c0000 - 0x00007ff9b35ca000 	C:\WINDOWS\SYSTEM32\WINHTTP.dll
0x00007ff9beff0000 - 0x00007ff9bf05a000 	C:\WINDOWS\system32\mswsock.dll
0x00007ff9a8f10000 - 0x00007ff9a8f23000 	C:\Program Files\Microsoft\jdk-11.0.20.8-hotspot\bin\nio.dll

dbghelp: loaded successfully - version: 4.0.5 - missing functions: none
symbol engine: initialized successfully - sym options: 0x614 - pdb path: .;C:\Program Files\Microsoft\jdk-11.0.20.8-hotspot\bin;C:\WINDOWS\SYSTEM32;C:\WINDOWS\WinSxS\amd64_microsoft.windows.common-controls_6595b64144ccf1df_6.0.19041.3570_none_60bb2a3971f3e41a;C:\Program Files\NVIDIA Corporation\CoProcManager;C:\Program Files\Microsoft\jdk-11.0.20.8-hotspot\bin\server

VM Arguments:
jvm_args: -Xmx64m -Xms64m -Dorg.gradle.appname=gradlew 
java_command: org.gradle.wrapper.GradleWrapperMain app:installDebug -PreactNativeDevServerPort=8081
java_class_path (initial): D:\React native\Layyan\android\\gradle\wrapper\gradle-wrapper.jar
Launcher Type: SUN_STANDARD

[Global flags]
     intx CICompilerCount                          = 3                                         {product} {ergonomic}
     uint ConcGCThreads                            = 1                                         {product} {ergonomic}
     uint G1ConcRefinementThreads                  = 4                                         {product} {ergonomic}
   size_t G1HeapRegionSize                         = 1048576                                   {product} {ergonomic}
    uintx GCDrainStackTargetSize                   = 64                                        {product} {ergonomic}
   size_t InitialHeapSize                          = 67108864                                  {product} {command line}
   size_t MarkStackSize                            = 4194304                                   {product} {ergonomic}
   size_t MaxHeapSize                              = 67108864                                  {product} {command line}
   size_t MaxNewSize                               = 39845888                                  {product} {ergonomic}
   size_t MinHeapDeltaBytes                        = 1048576                                   {product} {ergonomic}
    uintx NonNMethodCodeHeapSize                   = 5830732                                {pd product} {ergonomic}
    uintx NonProfiledCodeHeapSize                  = 122913754                              {pd product} {ergonomic}
    uintx ProfiledCodeHeapSize                     = 122913754                              {pd product} {ergonomic}
    uintx ReservedCodeCacheSize                    = 251658240                              {pd product} {ergonomic}
     bool SegmentedCodeCache                       = true                                      {product} {ergonomic}
     bool UseCompressedClassPointers               = true                                 {lp64_product} {ergonomic}
     bool UseCompressedOops                        = true                                 {lp64_product} {ergonomic}
     bool UseG1GC                                  = true                                      {product} {ergonomic}
     bool UseLargePagesIndividualAllocation        = false                                  {pd product} {ergonomic}

Logging:
Log output configuration:
 #0: stdout all=warning uptime,level,tags
 #1: stderr all=off uptime,level,tags

Environment Variables:
JAVA_HOME=C:\Program Files\Microsoft\jdk-11.0.20.8-hotspot
CLASSPATH=D:\React native\Layyan\android\\gradle\wrapper\gradle-wrapper.jar
PATH=D:\React native\Layyan\node_modules\.bin;D:\React native\Layyan\node_modules\.bin;D:\React native\node_modules\.bin;D:\node_modules\.bin;C:\Program Files\nodejs\node_modules\npm\node_modules\@npmcli\run-script\lib\node-gyp-bin;D:\React native\Layyan\node_modules\.bin;D:\React native\Layyan\node_modules\.bin;D:\React native\node_modules\.bin;D:\node_modules\.bin;C:\Program Files\nodejs\node_modules\npm\node_modules\@npmcli\run-script\lib\node-gyp-bin;C:\Program Files\Microsoft\jdk-11.0.20.8-hotspot\bin;C:\Program Files\OpenLogic\jdk-11.0.20.8-hotspot\bin;C:\WINDOWS\system32;C:\WINDOWS;C:\WINDOWS\System32\Wbem;C:\WINDOWS\System32\WindowsPowerShell\v1.0\;C:\WINDOWS\System32\OpenSSH\;C:\Program Files\Microsoft SQL Server\150\Tools\Binn\;C:\Program Files\nodejs\;C:\ProgramData\chocolatey\bin;C:\Users\YAHIYAH\AppData\Local\Android\Sdk\platform-tools;C:\Program Files\OpenLogic\jdk-11.0.20.8-hotspot\;C:\Program Files\Microsoft\jdk-11.0.20.8-hotspot;C:\Users\YAHIYAH\AppData\Local\Programs\Python\Python311\Scripts\;C:\Users\YAHIYAH\AppData\Local\Programs\Python\Python311\;C:\Users\YAHIYAH\AppData\Local\Microsoft\WindowsApps;C:\Users\YAHIYAH\AppData\Local\Programs\Microsoft VS Code\bin;C:\Users\YAHIYAH\AppData\Roaming\npm;C:\Users\YAHIYAH\AppData\Local\Android\Sdk;C:\Users\YAHIYAH\AppData\Local\Android\Sdk\platform-tools;C:\Program Files\Microsoft\jdk-11.0.20.8-hotspot;
USERNAME=YAHIYAH
LANG=en_US.UTF-8
OS=Windows_NT
PROCESSOR_IDENTIFIER=Intel64 Family 6 Model 58 Stepping 9, GenuineIntel
TMP=C:\Users\YAHIYAH\AppData\Local\Temp
TEMP=C:\Users\YAHIYAH\AppData\Local\Temp



---------------  S Y S T E M  ---------------

OS: Windows 10 , 64 bit Build 19041 (10.0.19041.3570)
OS uptime: 22 days 17:04 hours

CPU:total 4 (initial active 4) (2 cores per cpu, 2 threads per core) family 6 model 58 stepping 9 microcode 0x21, cmov, cx8, fxsr, mmx, sse, sse2, sse3, ssse3, sse4.1, sse4.2, popcnt, avx, clmul, erms, ht, tsc, tscinvbit, tscinv

Memory: 4k page, system-wide physical 7893M (232M free)
TotalPageFile size 32469M (AvailPageFile size 0M)
current process WorkingSet (physical memory assigned to process): 49M, peak: 49M
current process commit charge ("private bytes"): 139M, peak: 139M

vm_info: OpenJDK 64-Bit Server VM (11.0.20+8-LTS) for windows-amd64 JRE (11.0.20+8-LTS), built on Jul  7 2023 17:05:21 by "MicrosoftCorporation" with MS VC++ 15.9 (VS2017)

END.
